2022-08-07 15:53:07,699 ----------------------------------------------------------------------------------------------------
2022-08-07 15:53:07,701 Model: "SequenceTagger(
  (embeddings): TransformerWordEmbeddings(
    (model): BertModel(
      (embeddings): BertEmbeddings(
        (word_embeddings): Embedding(42000, 768, padding_idx=0)
        (position_embeddings): Embedding(512, 768)
        (token_type_embeddings): Embedding(2, 768)
        (LayerNorm): LayerNorm((768,), eps=1e-12, elementwise_affine=True)
        (dropout): Dropout(p=0.1, inplace=False)
      )
      (encoder): BertEncoder(
        (layer): ModuleList(
          (0): BertLayer(
            (attention): BertAttention(
              (self): BertSelfAttention(
                (query): Linear(in_features=768, out_features=768, bias=True)
                (key): Linear(in_features=768, out_features=768, bias=True)
                (value): Linear(in_features=768, out_features=768, bias=True)
                (dropout): Dropout(p=0.1, inplace=False)
              )
              (output): BertSelfOutput(
                (dense): Linear(in_features=768, out_features=768, bias=True)
                (LayerNorm): LayerNorm((768,), eps=1e-12, elementwise_affine=True)
                (dropout): Dropout(p=0.1, inplace=False)
              )
            )
            (intermediate): BertIntermediate(
              (dense): Linear(in_features=768, out_features=3072, bias=True)
              (intermediate_act_fn): GELUActivation()
            )
            (output): BertOutput(
              (dense): Linear(in_features=3072, out_features=768, bias=True)
              (LayerNorm): LayerNorm((768,), eps=1e-12, elementwise_affine=True)
              (dropout): Dropout(p=0.1, inplace=False)
            )
          )
          (1): BertLayer(
            (attention): BertAttention(
              (self): BertSelfAttention(
                (query): Linear(in_features=768, out_features=768, bias=True)
                (key): Linear(in_features=768, out_features=768, bias=True)
                (value): Linear(in_features=768, out_features=768, bias=True)
                (dropout): Dropout(p=0.1, inplace=False)
              )
              (output): BertSelfOutput(
                (dense): Linear(in_features=768, out_features=768, bias=True)
                (LayerNorm): LayerNorm((768,), eps=1e-12, elementwise_affine=True)
                (dropout): Dropout(p=0.1, inplace=False)
              )
            )
            (intermediate): BertIntermediate(
              (dense): Linear(in_features=768, out_features=3072, bias=True)
              (intermediate_act_fn): GELUActivation()
            )
            (output): BertOutput(
              (dense): Linear(in_features=3072, out_features=768, bias=True)
              (LayerNorm): LayerNorm((768,), eps=1e-12, elementwise_affine=True)
              (dropout): Dropout(p=0.1, inplace=False)
            )
          )
          (2): BertLayer(
            (attention): BertAttention(
              (self): BertSelfAttention(
                (query): Linear(in_features=768, out_features=768, bias=True)
                (key): Linear(in_features=768, out_features=768, bias=True)
                (value): Linear(in_features=768, out_features=768, bias=True)
                (dropout): Dropout(p=0.1, inplace=False)
              )
              (output): BertSelfOutput(
                (dense): Linear(in_features=768, out_features=768, bias=True)
                (LayerNorm): LayerNorm((768,), eps=1e-12, elementwise_affine=True)
                (dropout): Dropout(p=0.1, inplace=False)
              )
            )
            (intermediate): BertIntermediate(
              (dense): Linear(in_features=768, out_features=3072, bias=True)
              (intermediate_act_fn): GELUActivation()
            )
            (output): BertOutput(
              (dense): Linear(in_features=3072, out_features=768, bias=True)
              (LayerNorm): LayerNorm((768,), eps=1e-12, elementwise_affine=True)
              (dropout): Dropout(p=0.1, inplace=False)
            )
          )
          (3): BertLayer(
            (attention): BertAttention(
              (self): BertSelfAttention(
                (query): Linear(in_features=768, out_features=768, bias=True)
                (key): Linear(in_features=768, out_features=768, bias=True)
                (value): Linear(in_features=768, out_features=768, bias=True)
                (dropout): Dropout(p=0.1, inplace=False)
              )
              (output): BertSelfOutput(
                (dense): Linear(in_features=768, out_features=768, bias=True)
                (LayerNorm): LayerNorm((768,), eps=1e-12, elementwise_affine=True)
                (dropout): Dropout(p=0.1, inplace=False)
              )
            )
            (intermediate): BertIntermediate(
              (dense): Linear(in_features=768, out_features=3072, bias=True)
              (intermediate_act_fn): GELUActivation()
            )
            (output): BertOutput(
              (dense): Linear(in_features=3072, out_features=768, bias=True)
              (LayerNorm): LayerNorm((768,), eps=1e-12, elementwise_affine=True)
              (dropout): Dropout(p=0.1, inplace=False)
            )
          )
          (4): BertLayer(
            (attention): BertAttention(
              (self): BertSelfAttention(
                (query): Linear(in_features=768, out_features=768, bias=True)
                (key): Linear(in_features=768, out_features=768, bias=True)
                (value): Linear(in_features=768, out_features=768, bias=True)
                (dropout): Dropout(p=0.1, inplace=False)
              )
              (output): BertSelfOutput(
                (dense): Linear(in_features=768, out_features=768, bias=True)
                (LayerNorm): LayerNorm((768,), eps=1e-12, elementwise_affine=True)
                (dropout): Dropout(p=0.1, inplace=False)
              )
            )
            (intermediate): BertIntermediate(
              (dense): Linear(in_features=768, out_features=3072, bias=True)
              (intermediate_act_fn): GELUActivation()
            )
            (output): BertOutput(
              (dense): Linear(in_features=3072, out_features=768, bias=True)
              (LayerNorm): LayerNorm((768,), eps=1e-12, elementwise_affine=True)
              (dropout): Dropout(p=0.1, inplace=False)
            )
          )
          (5): BertLayer(
            (attention): BertAttention(
              (self): BertSelfAttention(
                (query): Linear(in_features=768, out_features=768, bias=True)
                (key): Linear(in_features=768, out_features=768, bias=True)
                (value): Linear(in_features=768, out_features=768, bias=True)
                (dropout): Dropout(p=0.1, inplace=False)
              )
              (output): BertSelfOutput(
                (dense): Linear(in_features=768, out_features=768, bias=True)
                (LayerNorm): LayerNorm((768,), eps=1e-12, elementwise_affine=True)
                (dropout): Dropout(p=0.1, inplace=False)
              )
            )
            (intermediate): BertIntermediate(
              (dense): Linear(in_features=768, out_features=3072, bias=True)
              (intermediate_act_fn): GELUActivation()
            )
            (output): BertOutput(
              (dense): Linear(in_features=3072, out_features=768, bias=True)
              (LayerNorm): LayerNorm((768,), eps=1e-12, elementwise_affine=True)
              (dropout): Dropout(p=0.1, inplace=False)
            )
          )
          (6): BertLayer(
            (attention): BertAttention(
              (self): BertSelfAttention(
                (query): Linear(in_features=768, out_features=768, bias=True)
                (key): Linear(in_features=768, out_features=768, bias=True)
                (value): Linear(in_features=768, out_features=768, bias=True)
                (dropout): Dropout(p=0.1, inplace=False)
              )
              (output): BertSelfOutput(
                (dense): Linear(in_features=768, out_features=768, bias=True)
                (LayerNorm): LayerNorm((768,), eps=1e-12, elementwise_affine=True)
                (dropout): Dropout(p=0.1, inplace=False)
              )
            )
            (intermediate): BertIntermediate(
              (dense): Linear(in_features=768, out_features=3072, bias=True)
              (intermediate_act_fn): GELUActivation()
            )
            (output): BertOutput(
              (dense): Linear(in_features=3072, out_features=768, bias=True)
              (LayerNorm): LayerNorm((768,), eps=1e-12, elementwise_affine=True)
              (dropout): Dropout(p=0.1, inplace=False)
            )
          )
          (7): BertLayer(
            (attention): BertAttention(
              (self): BertSelfAttention(
                (query): Linear(in_features=768, out_features=768, bias=True)
                (key): Linear(in_features=768, out_features=768, bias=True)
                (value): Linear(in_features=768, out_features=768, bias=True)
                (dropout): Dropout(p=0.1, inplace=False)
              )
              (output): BertSelfOutput(
                (dense): Linear(in_features=768, out_features=768, bias=True)
                (LayerNorm): LayerNorm((768,), eps=1e-12, elementwise_affine=True)
                (dropout): Dropout(p=0.1, inplace=False)
              )
            )
            (intermediate): BertIntermediate(
              (dense): Linear(in_features=768, out_features=3072, bias=True)
              (intermediate_act_fn): GELUActivation()
            )
            (output): BertOutput(
              (dense): Linear(in_features=3072, out_features=768, bias=True)
              (LayerNorm): LayerNorm((768,), eps=1e-12, elementwise_affine=True)
              (dropout): Dropout(p=0.1, inplace=False)
            )
          )
          (8): BertLayer(
            (attention): BertAttention(
              (self): BertSelfAttention(
                (query): Linear(in_features=768, out_features=768, bias=True)
                (key): Linear(in_features=768, out_features=768, bias=True)
                (value): Linear(in_features=768, out_features=768, bias=True)
                (dropout): Dropout(p=0.1, inplace=False)
              )
              (output): BertSelfOutput(
                (dense): Linear(in_features=768, out_features=768, bias=True)
                (LayerNorm): LayerNorm((768,), eps=1e-12, elementwise_affine=True)
                (dropout): Dropout(p=0.1, inplace=False)
              )
            )
            (intermediate): BertIntermediate(
              (dense): Linear(in_features=768, out_features=3072, bias=True)
              (intermediate_act_fn): GELUActivation()
            )
            (output): BertOutput(
              (dense): Linear(in_features=3072, out_features=768, bias=True)
              (LayerNorm): LayerNorm((768,), eps=1e-12, elementwise_affine=True)
              (dropout): Dropout(p=0.1, inplace=False)
            )
          )
          (9): BertLayer(
            (attention): BertAttention(
              (self): BertSelfAttention(
                (query): Linear(in_features=768, out_features=768, bias=True)
                (key): Linear(in_features=768, out_features=768, bias=True)
                (value): Linear(in_features=768, out_features=768, bias=True)
                (dropout): Dropout(p=0.1, inplace=False)
              )
              (output): BertSelfOutput(
                (dense): Linear(in_features=768, out_features=768, bias=True)
                (LayerNorm): LayerNorm((768,), eps=1e-12, elementwise_affine=True)
                (dropout): Dropout(p=0.1, inplace=False)
              )
            )
            (intermediate): BertIntermediate(
              (dense): Linear(in_features=768, out_features=3072, bias=True)
              (intermediate_act_fn): GELUActivation()
            )
            (output): BertOutput(
              (dense): Linear(in_features=3072, out_features=768, bias=True)
              (LayerNorm): LayerNorm((768,), eps=1e-12, elementwise_affine=True)
              (dropout): Dropout(p=0.1, inplace=False)
            )
          )
          (10): BertLayer(
            (attention): BertAttention(
              (self): BertSelfAttention(
                (query): Linear(in_features=768, out_features=768, bias=True)
                (key): Linear(in_features=768, out_features=768, bias=True)
                (value): Linear(in_features=768, out_features=768, bias=True)
                (dropout): Dropout(p=0.1, inplace=False)
              )
              (output): BertSelfOutput(
                (dense): Linear(in_features=768, out_features=768, bias=True)
                (LayerNorm): LayerNorm((768,), eps=1e-12, elementwise_affine=True)
                (dropout): Dropout(p=0.1, inplace=False)
              )
            )
            (intermediate): BertIntermediate(
              (dense): Linear(in_features=768, out_features=3072, bias=True)
              (intermediate_act_fn): GELUActivation()
            )
            (output): BertOutput(
              (dense): Linear(in_features=3072, out_features=768, bias=True)
              (LayerNorm): LayerNorm((768,), eps=1e-12, elementwise_affine=True)
              (dropout): Dropout(p=0.1, inplace=False)
            )
          )
          (11): BertLayer(
            (attention): BertAttention(
              (self): BertSelfAttention(
                (query): Linear(in_features=768, out_features=768, bias=True)
                (key): Linear(in_features=768, out_features=768, bias=True)
                (value): Linear(in_features=768, out_features=768, bias=True)
                (dropout): Dropout(p=0.1, inplace=False)
              )
              (output): BertSelfOutput(
                (dense): Linear(in_features=768, out_features=768, bias=True)
                (LayerNorm): LayerNorm((768,), eps=1e-12, elementwise_affine=True)
                (dropout): Dropout(p=0.1, inplace=False)
              )
            )
            (intermediate): BertIntermediate(
              (dense): Linear(in_features=768, out_features=3072, bias=True)
              (intermediate_act_fn): GELUActivation()
            )
            (output): BertOutput(
              (dense): Linear(in_features=3072, out_features=768, bias=True)
              (LayerNorm): LayerNorm((768,), eps=1e-12, elementwise_affine=True)
              (dropout): Dropout(p=0.1, inplace=False)
            )
          )
        )
      )
      (pooler): BertPooler(
        (dense): Linear(in_features=768, out_features=768, bias=True)
        (activation): Tanh()
      )
    )
  )
  (word_dropout): WordDropout(p=0.05)
  (locked_dropout): LockedDropout(p=0.5)
  (rnn): LSTM(768, 512, batch_first=True, bidirectional=True)
  (linear): Linear(in_features=1024, out_features=31, bias=True)
  (beta): 1.0
  (weights): None
  (weight_tensor) None
)"
2022-08-07 15:53:07,701 ----------------------------------------------------------------------------------------------------
2022-08-07 15:53:07,701 Corpus: "Corpus: 24000 train + 3000 dev + 3000 test sentences"
2022-08-07 15:53:07,701 ----------------------------------------------------------------------------------------------------
2022-08-07 15:53:07,701 Parameters:
2022-08-07 15:53:07,701  - learning_rate: "5e-05"
2022-08-07 15:53:07,702  - mini_batch_size: "8"
2022-08-07 15:53:07,702  - patience: "3"
2022-08-07 15:53:07,702  - anneal_factor: "0.5"
2022-08-07 15:53:07,702  - max_epochs: "50"
2022-08-07 15:53:07,702  - shuffle: "True"
2022-08-07 15:53:07,702  - train_with_dev: "True"
2022-08-07 15:53:07,702  - batch_growth_annealing: "False"
2022-08-07 15:53:07,702 ----------------------------------------------------------------------------------------------------
2022-08-07 15:53:07,702 Model training base path: "data/pos-Uppsala/model"
2022-08-07 15:53:07,702 ----------------------------------------------------------------------------------------------------
2022-08-07 15:53:07,702 Device: cuda:0
2022-08-07 15:53:07,702 ----------------------------------------------------------------------------------------------------
2022-08-07 15:53:07,702 Embeddings storage mode: gpu
2022-08-07 15:53:07,703 ----------------------------------------------------------------------------------------------------
2022-08-07 15:54:02,626 epoch 1 - iter 337/3375 - loss 3.37367240 - samples/sec: 49.11 - lr: 0.000001
2022-08-07 15:55:05,692 epoch 1 - iter 674/3375 - loss 3.07491531 - samples/sec: 42.77 - lr: 0.000002
2022-08-07 15:56:06,354 epoch 1 - iter 1011/3375 - loss 2.80271253 - samples/sec: 44.46 - lr: 0.000003
2022-08-07 15:57:11,732 epoch 1 - iter 1348/3375 - loss 2.49775355 - samples/sec: 41.25 - lr: 0.000004
2022-08-07 15:58:14,197 epoch 1 - iter 1685/3375 - loss 2.21437503 - samples/sec: 43.18 - lr: 0.000005
2022-08-07 15:59:15,438 epoch 1 - iter 2022/3375 - loss 1.96512896 - samples/sec: 44.04 - lr: 0.000006
2022-08-07 16:00:18,951 epoch 1 - iter 2359/3375 - loss 1.76286576 - samples/sec: 42.47 - lr: 0.000007
2022-08-07 16:01:21,218 epoch 1 - iter 2696/3375 - loss 1.59920217 - samples/sec: 43.32 - lr: 0.000008
2022-08-07 16:02:24,593 epoch 1 - iter 3033/3375 - loss 1.44903440 - samples/sec: 42.56 - lr: 0.000009
2022-08-07 16:03:28,213 epoch 1 - iter 3370/3375 - loss 1.32518414 - samples/sec: 42.40 - lr: 0.000010
2022-08-07 16:03:29,185 ----------------------------------------------------------------------------------------------------
2022-08-07 16:03:29,185 EPOCH 1 done: loss 1.3231 - lr 0.0000100
2022-08-07 16:03:29,186 BAD EPOCHS (no improvement): 4
2022-08-07 16:03:29,186 ----------------------------------------------------------------------------------------------------
2022-08-07 16:04:35,462 epoch 2 - iter 337/3375 - loss 0.30350553 - samples/sec: 40.70 - lr: 0.000011
2022-08-07 16:05:37,744 epoch 2 - iter 674/3375 - loss 0.28779208 - samples/sec: 43.31 - lr: 0.000012
2022-08-07 16:06:41,204 epoch 2 - iter 1011/3375 - loss 0.27700330 - samples/sec: 42.50 - lr: 0.000013
2022-08-07 16:07:45,987 epoch 2 - iter 1348/3375 - loss 0.26908659 - samples/sec: 41.64 - lr: 0.000014
2022-08-07 16:08:49,273 epoch 2 - iter 1685/3375 - loss 0.25982298 - samples/sec: 42.62 - lr: 0.000015
2022-08-07 16:09:51,655 epoch 2 - iter 2022/3375 - loss 0.25270767 - samples/sec: 43.24 - lr: 0.000016
2022-08-07 16:10:55,498 epoch 2 - iter 2359/3375 - loss 0.24540154 - samples/sec: 42.25 - lr: 0.000017
2022-08-07 16:12:02,568 epoch 2 - iter 2696/3375 - loss 0.23859866 - samples/sec: 40.21 - lr: 0.000018
2022-08-07 16:13:06,396 epoch 2 - iter 3033/3375 - loss 0.23374215 - samples/sec: 42.26 - lr: 0.000019
2022-08-07 16:14:09,870 epoch 2 - iter 3370/3375 - loss 0.22783799 - samples/sec: 42.50 - lr: 0.000020
2022-08-07 16:14:10,734 ----------------------------------------------------------------------------------------------------
2022-08-07 16:14:10,734 EPOCH 2 done: loss 0.2278 - lr 0.0000200
2022-08-07 16:14:10,734 BAD EPOCHS (no improvement): 4
2022-08-07 16:14:10,735 ----------------------------------------------------------------------------------------------------
2022-08-07 16:15:16,270 epoch 3 - iter 337/3375 - loss 0.15511145 - samples/sec: 41.16 - lr: 0.000021
2022-08-07 16:16:19,607 epoch 3 - iter 674/3375 - loss 0.15023408 - samples/sec: 42.59 - lr: 0.000022
2022-08-07 16:17:23,311 epoch 3 - iter 1011/3375 - loss 0.14953772 - samples/sec: 42.34 - lr: 0.000023
2022-08-07 16:18:27,199 epoch 3 - iter 1348/3375 - loss 0.14957788 - samples/sec: 42.22 - lr: 0.000024
2022-08-07 16:19:31,952 epoch 3 - iter 1685/3375 - loss 0.14633027 - samples/sec: 41.65 - lr: 0.000025
2022-08-07 16:20:34,147 epoch 3 - iter 2022/3375 - loss 0.14419101 - samples/sec: 43.37 - lr: 0.000026
2022-08-07 16:21:39,224 epoch 3 - iter 2359/3375 - loss 0.14319267 - samples/sec: 41.45 - lr: 0.000027
2022-08-07 16:22:45,031 epoch 3 - iter 2696/3375 - loss 0.14183808 - samples/sec: 40.99 - lr: 0.000028
2022-08-07 16:23:49,235 epoch 3 - iter 3033/3375 - loss 0.14009486 - samples/sec: 42.01 - lr: 0.000029
2022-08-07 16:24:51,945 epoch 3 - iter 3370/3375 - loss 0.13810451 - samples/sec: 43.01 - lr: 0.000030
2022-08-07 16:24:52,901 ----------------------------------------------------------------------------------------------------
2022-08-07 16:24:52,901 EPOCH 3 done: loss 0.1380 - lr 0.0000300
2022-08-07 16:24:52,901 BAD EPOCHS (no improvement): 4
2022-08-07 16:24:52,901 ----------------------------------------------------------------------------------------------------
2022-08-07 16:25:56,249 epoch 4 - iter 337/3375 - loss 0.09964369 - samples/sec: 42.58 - lr: 0.000031
2022-08-07 16:27:01,662 epoch 4 - iter 674/3375 - loss 0.10007039 - samples/sec: 41.23 - lr: 0.000032
2022-08-07 16:28:04,912 epoch 4 - iter 1011/3375 - loss 0.09965920 - samples/sec: 42.64 - lr: 0.000033
2022-08-07 16:29:09,742 epoch 4 - iter 1348/3375 - loss 0.09855314 - samples/sec: 41.60 - lr: 0.000034
2022-08-07 16:30:13,457 epoch 4 - iter 1685/3375 - loss 0.09845860 - samples/sec: 42.33 - lr: 0.000035
2022-08-07 16:31:19,472 epoch 4 - iter 2022/3375 - loss 0.09782179 - samples/sec: 40.86 - lr: 0.000036
2022-08-07 16:32:22,262 epoch 4 - iter 2359/3375 - loss 0.09692901 - samples/sec: 42.96 - lr: 0.000037
2022-08-07 16:33:25,236 epoch 4 - iter 2696/3375 - loss 0.09744718 - samples/sec: 42.83 - lr: 0.000038
2022-08-07 16:34:31,141 epoch 4 - iter 3033/3375 - loss 0.09685807 - samples/sec: 40.93 - lr: 0.000039
2022-08-07 16:35:35,722 epoch 4 - iter 3370/3375 - loss 0.09633488 - samples/sec: 41.77 - lr: 0.000040
2022-08-07 16:35:36,956 ----------------------------------------------------------------------------------------------------
2022-08-07 16:35:36,957 EPOCH 4 done: loss 0.0964 - lr 0.0000400
2022-08-07 16:35:36,957 BAD EPOCHS (no improvement): 4
2022-08-07 16:35:36,957 ----------------------------------------------------------------------------------------------------
2022-08-07 16:36:41,844 epoch 5 - iter 337/3375 - loss 0.07895046 - samples/sec: 41.57 - lr: 0.000041
2022-08-07 16:37:44,552 epoch 5 - iter 674/3375 - loss 0.07672982 - samples/sec: 43.01 - lr: 0.000042
2022-08-07 16:38:51,505 epoch 5 - iter 1011/3375 - loss 0.07785979 - samples/sec: 40.28 - lr: 0.000043
2022-08-07 16:39:56,001 epoch 5 - iter 1348/3375 - loss 0.07664440 - samples/sec: 41.82 - lr: 0.000044
2022-08-07 16:40:58,995 epoch 5 - iter 1685/3375 - loss 0.07639627 - samples/sec: 42.82 - lr: 0.000045
2022-08-07 16:42:03,192 epoch 5 - iter 2022/3375 - loss 0.07624667 - samples/sec: 42.02 - lr: 0.000046
2022-08-07 16:43:10,030 epoch 5 - iter 2359/3375 - loss 0.07632563 - samples/sec: 40.35 - lr: 0.000047
2022-08-07 16:44:13,010 epoch 5 - iter 2696/3375 - loss 0.07676446 - samples/sec: 42.83 - lr: 0.000048
2022-08-07 16:45:15,267 epoch 5 - iter 3033/3375 - loss 0.07747128 - samples/sec: 43.33 - lr: 0.000049
2022-08-07 16:46:22,449 epoch 5 - iter 3370/3375 - loss 0.07810441 - samples/sec: 40.15 - lr: 0.000050
2022-08-07 16:46:23,463 ----------------------------------------------------------------------------------------------------
2022-08-07 16:46:23,463 EPOCH 5 done: loss 0.0782 - lr 0.0000500
2022-08-07 16:46:23,464 BAD EPOCHS (no improvement): 4
2022-08-07 16:46:23,464 ----------------------------------------------------------------------------------------------------
2022-08-07 16:47:26,321 epoch 6 - iter 337/3375 - loss 0.06323372 - samples/sec: 42.91 - lr: 0.000050
2022-08-07 16:48:31,525 epoch 6 - iter 674/3375 - loss 0.06410094 - samples/sec: 41.37 - lr: 0.000050
2022-08-07 16:49:33,903 epoch 6 - iter 1011/3375 - loss 0.06475318 - samples/sec: 43.24 - lr: 0.000050
2022-08-07 16:50:40,560 epoch 6 - iter 1348/3375 - loss 0.06554958 - samples/sec: 40.46 - lr: 0.000050
2022-08-07 16:51:45,013 epoch 6 - iter 1685/3375 - loss 0.06587389 - samples/sec: 41.85 - lr: 0.000049
2022-08-07 16:52:50,000 epoch 6 - iter 2022/3375 - loss 0.06598152 - samples/sec: 41.50 - lr: 0.000049
2022-08-07 16:53:54,524 epoch 6 - iter 2359/3375 - loss 0.06618439 - samples/sec: 41.80 - lr: 0.000049
2022-08-07 16:54:59,881 epoch 6 - iter 2696/3375 - loss 0.06603528 - samples/sec: 41.27 - lr: 0.000049
2022-08-07 16:56:04,690 epoch 6 - iter 3033/3375 - loss 0.06636109 - samples/sec: 41.62 - lr: 0.000049
2022-08-07 16:57:08,235 epoch 6 - iter 3370/3375 - loss 0.06632841 - samples/sec: 42.45 - lr: 0.000049
2022-08-07 16:57:09,098 ----------------------------------------------------------------------------------------------------
2022-08-07 16:57:09,098 EPOCH 6 done: loss 0.0663 - lr 0.0000489
2022-08-07 16:57:09,098 BAD EPOCHS (no improvement): 4
2022-08-07 16:57:09,098 ----------------------------------------------------------------------------------------------------
2022-08-07 16:58:13,315 epoch 7 - iter 337/3375 - loss 0.04906215 - samples/sec: 42.00 - lr: 0.000049
2022-08-07 16:59:15,993 epoch 7 - iter 674/3375 - loss 0.05089394 - samples/sec: 43.03 - lr: 0.000049
2022-08-07 17:00:19,572 epoch 7 - iter 1011/3375 - loss 0.05062805 - samples/sec: 42.42 - lr: 0.000049
2022-08-07 17:01:23,431 epoch 7 - iter 1348/3375 - loss 0.05113322 - samples/sec: 42.24 - lr: 0.000048
2022-08-07 17:02:29,970 epoch 7 - iter 1685/3375 - loss 0.05186509 - samples/sec: 40.54 - lr: 0.000048
2022-08-07 17:03:34,809 epoch 7 - iter 2022/3375 - loss 0.05334128 - samples/sec: 41.60 - lr: 0.000048
2022-08-07 17:04:38,797 epoch 7 - iter 2359/3375 - loss 0.05314476 - samples/sec: 42.15 - lr: 0.000048
2022-08-07 17:05:42,891 epoch 7 - iter 2696/3375 - loss 0.05371061 - samples/sec: 42.08 - lr: 0.000048
2022-08-07 17:06:49,310 epoch 7 - iter 3033/3375 - loss 0.05388085 - samples/sec: 40.61 - lr: 0.000048
2022-08-07 17:07:54,019 epoch 7 - iter 3370/3375 - loss 0.05446374 - samples/sec: 41.68 - lr: 0.000048
2022-08-07 17:07:55,086 ----------------------------------------------------------------------------------------------------
2022-08-07 17:07:55,086 EPOCH 7 done: loss 0.0544 - lr 0.0000478
2022-08-07 17:07:55,086 BAD EPOCHS (no improvement): 4
2022-08-07 17:07:55,087 ----------------------------------------------------------------------------------------------------
2022-08-07 17:08:59,974 epoch 8 - iter 337/3375 - loss 0.04146251 - samples/sec: 41.57 - lr: 0.000048
2022-08-07 17:10:07,397 epoch 8 - iter 674/3375 - loss 0.04342824 - samples/sec: 40.00 - lr: 0.000048
2022-08-07 17:11:10,562 epoch 8 - iter 1011/3375 - loss 0.04450133 - samples/sec: 42.70 - lr: 0.000047
2022-08-07 17:12:13,137 epoch 8 - iter 1348/3375 - loss 0.04492234 - samples/sec: 43.10 - lr: 0.000047
2022-08-07 17:13:15,614 epoch 8 - iter 1685/3375 - loss 0.04500817 - samples/sec: 43.17 - lr: 0.000047
2022-08-07 17:14:20,853 epoch 8 - iter 2022/3375 - loss 0.04523620 - samples/sec: 41.34 - lr: 0.000047
2022-08-07 17:15:26,171 epoch 8 - iter 2359/3375 - loss 0.04579547 - samples/sec: 41.30 - lr: 0.000047
2022-08-07 17:16:31,593 epoch 8 - iter 2696/3375 - loss 0.04566486 - samples/sec: 41.23 - lr: 0.000047
2022-08-07 17:17:39,103 epoch 8 - iter 3033/3375 - loss 0.04594094 - samples/sec: 39.95 - lr: 0.000047
2022-08-07 17:18:43,483 epoch 8 - iter 3370/3375 - loss 0.04613319 - samples/sec: 41.90 - lr: 0.000047
2022-08-07 17:18:44,480 ----------------------------------------------------------------------------------------------------
2022-08-07 17:18:44,480 EPOCH 8 done: loss 0.0461 - lr 0.0000467
2022-08-07 17:18:44,480 BAD EPOCHS (no improvement): 4
2022-08-07 17:18:44,480 ----------------------------------------------------------------------------------------------------
2022-08-07 17:19:47,426 epoch 9 - iter 337/3375 - loss 0.03675793 - samples/sec: 42.85 - lr: 0.000047
2022-08-07 17:20:50,813 epoch 9 - iter 674/3375 - loss 0.03838849 - samples/sec: 42.55 - lr: 0.000046
2022-08-07 17:21:56,784 epoch 9 - iter 1011/3375 - loss 0.03699450 - samples/sec: 40.88 - lr: 0.000046
2022-08-07 17:23:01,553 epoch 9 - iter 1348/3375 - loss 0.03776107 - samples/sec: 41.65 - lr: 0.000046
2022-08-07 17:24:06,020 epoch 9 - iter 1685/3375 - loss 0.03846175 - samples/sec: 41.84 - lr: 0.000046
2022-08-07 17:25:11,679 epoch 9 - iter 2022/3375 - loss 0.03863633 - samples/sec: 41.08 - lr: 0.000046
2022-08-07 17:26:14,759 epoch 9 - iter 2359/3375 - loss 0.03825481 - samples/sec: 42.76 - lr: 0.000046
2022-08-07 17:27:19,319 epoch 9 - iter 2696/3375 - loss 0.03884776 - samples/sec: 41.78 - lr: 0.000046
2022-08-07 17:28:22,902 epoch 9 - iter 3033/3375 - loss 0.03893280 - samples/sec: 42.42 - lr: 0.000046
2022-08-07 17:29:29,398 epoch 9 - iter 3370/3375 - loss 0.03874440 - samples/sec: 40.56 - lr: 0.000046
2022-08-07 17:29:30,334 ----------------------------------------------------------------------------------------------------
2022-08-07 17:29:30,334 EPOCH 9 done: loss 0.0387 - lr 0.0000456
2022-08-07 17:29:30,334 BAD EPOCHS (no improvement): 4
2022-08-07 17:29:30,334 ----------------------------------------------------------------------------------------------------
2022-08-07 17:30:34,603 epoch 10 - iter 337/3375 - loss 0.03364075 - samples/sec: 41.97 - lr: 0.000045
2022-08-07 17:31:37,215 epoch 10 - iter 674/3375 - loss 0.03226287 - samples/sec: 43.08 - lr: 0.000045
2022-08-07 17:32:40,486 epoch 10 - iter 1011/3375 - loss 0.03305899 - samples/sec: 42.63 - lr: 0.000045
2022-08-07 17:33:47,916 epoch 10 - iter 1348/3375 - loss 0.03362108 - samples/sec: 40.00 - lr: 0.000045
2022-08-07 17:34:51,530 epoch 10 - iter 1685/3375 - loss 0.03326064 - samples/sec: 42.40 - lr: 0.000045
2022-08-07 17:35:55,583 epoch 10 - iter 2022/3375 - loss 0.03346677 - samples/sec: 42.11 - lr: 0.000045
2022-08-07 17:37:01,686 epoch 10 - iter 2359/3375 - loss 0.03341251 - samples/sec: 40.80 - lr: 0.000045
2022-08-07 17:38:05,155 epoch 10 - iter 2696/3375 - loss 0.03356896 - samples/sec: 42.50 - lr: 0.000045
2022-08-07 17:39:08,060 epoch 10 - iter 3033/3375 - loss 0.03362029 - samples/sec: 42.88 - lr: 0.000045
2022-08-07 17:40:10,665 epoch 10 - iter 3370/3375 - loss 0.03367164 - samples/sec: 43.08 - lr: 0.000044
2022-08-07 17:40:11,606 ----------------------------------------------------------------------------------------------------
2022-08-07 17:40:11,607 EPOCH 10 done: loss 0.0337 - lr 0.0000444
2022-08-07 17:40:11,607 BAD EPOCHS (no improvement): 4
2022-08-07 17:40:11,607 ----------------------------------------------------------------------------------------------------
2022-08-07 17:41:16,671 epoch 11 - iter 337/3375 - loss 0.02816456 - samples/sec: 41.46 - lr: 0.000044
2022-08-07 17:42:18,742 epoch 11 - iter 674/3375 - loss 0.02751857 - samples/sec: 43.45 - lr: 0.000044
2022-08-07 17:43:23,018 epoch 11 - iter 1011/3375 - loss 0.02852171 - samples/sec: 41.96 - lr: 0.000044
2022-08-07 17:44:26,493 epoch 11 - iter 1348/3375 - loss 0.02885086 - samples/sec: 42.49 - lr: 0.000044
2022-08-07 17:45:32,614 epoch 11 - iter 1685/3375 - loss 0.02889652 - samples/sec: 40.79 - lr: 0.000044
2022-08-07 17:46:36,785 epoch 11 - iter 2022/3375 - loss 0.02984282 - samples/sec: 42.03 - lr: 0.000044
2022-08-07 17:47:41,103 epoch 11 - iter 2359/3375 - loss 0.02995503 - samples/sec: 41.94 - lr: 0.000044
2022-08-07 17:48:46,951 epoch 11 - iter 2696/3375 - loss 0.02998176 - samples/sec: 40.96 - lr: 0.000044
2022-08-07 17:49:48,938 epoch 11 - iter 3033/3375 - loss 0.02994979 - samples/sec: 43.51 - lr: 0.000043
2022-08-07 17:50:53,119 epoch 11 - iter 3370/3375 - loss 0.02999278 - samples/sec: 42.03 - lr: 0.000043
2022-08-07 17:50:54,066 ----------------------------------------------------------------------------------------------------
2022-08-07 17:50:54,066 EPOCH 11 done: loss 0.0300 - lr 0.0000433
2022-08-07 17:50:54,066 BAD EPOCHS (no improvement): 4
2022-08-07 17:50:54,067 ----------------------------------------------------------------------------------------------------
2022-08-07 17:51:57,389 epoch 12 - iter 337/3375 - loss 0.02401868 - samples/sec: 42.60 - lr: 0.000043
2022-08-07 17:53:03,035 epoch 12 - iter 674/3375 - loss 0.02405490 - samples/sec: 41.09 - lr: 0.000043
2022-08-07 17:54:07,573 epoch 12 - iter 1011/3375 - loss 0.02470847 - samples/sec: 41.79 - lr: 0.000043
2022-08-07 17:55:11,979 epoch 12 - iter 1348/3375 - loss 0.02473650 - samples/sec: 41.88 - lr: 0.000043
2022-08-07 17:56:14,354 epoch 12 - iter 1685/3375 - loss 0.02473050 - samples/sec: 43.24 - lr: 0.000043
2022-08-07 17:57:21,325 epoch 12 - iter 2022/3375 - loss 0.02544162 - samples/sec: 40.27 - lr: 0.000043
2022-08-07 17:58:24,235 epoch 12 - iter 2359/3375 - loss 0.02532076 - samples/sec: 42.88 - lr: 0.000043
2022-08-07 17:59:28,044 epoch 12 - iter 2696/3375 - loss 0.02590786 - samples/sec: 42.27 - lr: 0.000042
2022-08-07 18:00:34,687 epoch 12 - iter 3033/3375 - loss 0.02653642 - samples/sec: 40.47 - lr: 0.000042
2022-08-07 18:01:37,513 epoch 12 - iter 3370/3375 - loss 0.02666738 - samples/sec: 42.93 - lr: 0.000042
2022-08-07 18:01:38,464 ----------------------------------------------------------------------------------------------------
2022-08-07 18:01:38,464 EPOCH 12 done: loss 0.0267 - lr 0.0000422
2022-08-07 18:01:38,464 BAD EPOCHS (no improvement): 4
2022-08-07 18:01:38,465 ----------------------------------------------------------------------------------------------------
2022-08-07 18:02:42,100 epoch 13 - iter 337/3375 - loss 0.02280376 - samples/sec: 42.39 - lr: 0.000042
2022-08-07 18:03:45,834 epoch 13 - iter 674/3375 - loss 0.02231380 - samples/sec: 42.32 - lr: 0.000042
2022-08-07 18:04:52,793 epoch 13 - iter 1011/3375 - loss 0.02252320 - samples/sec: 40.28 - lr: 0.000042
2022-08-07 18:05:57,557 epoch 13 - iter 1348/3375 - loss 0.02402364 - samples/sec: 41.65 - lr: 0.000042
2022-08-07 18:07:02,323 epoch 13 - iter 1685/3375 - loss 0.02382233 - samples/sec: 41.65 - lr: 0.000042
2022-08-07 18:08:06,671 epoch 13 - iter 2022/3375 - loss 0.02387740 - samples/sec: 41.92 - lr: 0.000042
2022-08-07 18:09:12,154 epoch 13 - iter 2359/3375 - loss 0.02387395 - samples/sec: 41.19 - lr: 0.000041
2022-08-07 18:10:15,760 epoch 13 - iter 2696/3375 - loss 0.02430883 - samples/sec: 42.41 - lr: 0.000041
2022-08-07 18:11:19,491 epoch 13 - iter 3033/3375 - loss 0.02432244 - samples/sec: 42.32 - lr: 0.000041
2022-08-07 18:12:23,727 epoch 13 - iter 3370/3375 - loss 0.02408234 - samples/sec: 41.99 - lr: 0.000041
2022-08-07 18:12:24,618 ----------------------------------------------------------------------------------------------------
2022-08-07 18:12:24,618 EPOCH 13 done: loss 0.0241 - lr 0.0000411
2022-08-07 18:12:24,618 BAD EPOCHS (no improvement): 4
2022-08-07 18:12:24,618 ----------------------------------------------------------------------------------------------------
2022-08-07 18:13:30,955 epoch 14 - iter 337/3375 - loss 0.01931906 - samples/sec: 40.66 - lr: 0.000041
2022-08-07 18:14:35,237 epoch 14 - iter 674/3375 - loss 0.02179520 - samples/sec: 41.96 - lr: 0.000041
2022-08-07 18:15:39,076 epoch 14 - iter 1011/3375 - loss 0.02121433 - samples/sec: 42.25 - lr: 0.000041
2022-08-07 18:16:44,170 epoch 14 - iter 1348/3375 - loss 0.02075010 - samples/sec: 41.44 - lr: 0.000041
2022-08-07 18:17:48,029 epoch 14 - iter 1685/3375 - loss 0.02102319 - samples/sec: 42.24 - lr: 0.000041
2022-08-07 18:18:53,937 epoch 14 - iter 2022/3375 - loss 0.02164402 - samples/sec: 40.93 - lr: 0.000040
2022-08-07 18:19:59,746 epoch 14 - iter 2359/3375 - loss 0.02213266 - samples/sec: 40.99 - lr: 0.000040
2022-08-07 18:21:05,334 epoch 14 - iter 2696/3375 - loss 0.02253623 - samples/sec: 41.12 - lr: 0.000040
2022-08-07 18:22:07,699 epoch 14 - iter 3033/3375 - loss 0.02264871 - samples/sec: 43.25 - lr: 0.000040
2022-08-07 18:23:11,712 epoch 14 - iter 3370/3375 - loss 0.02265582 - samples/sec: 42.14 - lr: 0.000040
2022-08-07 18:23:12,593 ----------------------------------------------------------------------------------------------------
2022-08-07 18:23:12,593 EPOCH 14 done: loss 0.0227 - lr 0.0000400
2022-08-07 18:23:12,594 BAD EPOCHS (no improvement): 4
2022-08-07 18:23:12,594 ----------------------------------------------------------------------------------------------------
2022-08-07 18:24:19,988 epoch 15 - iter 337/3375 - loss 0.01728335 - samples/sec: 40.02 - lr: 0.000040
2022-08-07 18:25:23,005 epoch 15 - iter 674/3375 - loss 0.01868449 - samples/sec: 42.80 - lr: 0.000040
2022-08-07 18:26:26,972 epoch 15 - iter 1011/3375 - loss 0.01872557 - samples/sec: 42.17 - lr: 0.000040
2022-08-07 18:27:31,049 epoch 15 - iter 1348/3375 - loss 0.01982202 - samples/sec: 42.09 - lr: 0.000040
2022-08-07 18:28:36,779 epoch 15 - iter 1685/3375 - loss 0.02126326 - samples/sec: 41.03 - lr: 0.000039
2022-08-07 18:29:39,525 epoch 15 - iter 2022/3375 - loss 0.02143503 - samples/sec: 42.99 - lr: 0.000039
2022-08-07 18:30:43,084 epoch 15 - iter 2359/3375 - loss 0.02139905 - samples/sec: 42.44 - lr: 0.000039
2022-08-07 18:31:46,801 epoch 15 - iter 2696/3375 - loss 0.02148219 - samples/sec: 42.33 - lr: 0.000039
2022-08-07 18:32:52,517 epoch 15 - iter 3033/3375 - loss 0.02127716 - samples/sec: 41.04 - lr: 0.000039
2022-08-07 18:33:55,175 epoch 15 - iter 3370/3375 - loss 0.02138851 - samples/sec: 43.05 - lr: 0.000039
2022-08-07 18:33:56,295 ----------------------------------------------------------------------------------------------------
2022-08-07 18:33:56,296 EPOCH 15 done: loss 0.0214 - lr 0.0000389
2022-08-07 18:33:56,296 BAD EPOCHS (no improvement): 4
2022-08-07 18:33:56,296 ----------------------------------------------------------------------------------------------------
2022-08-07 18:34:58,698 epoch 16 - iter 337/3375 - loss 0.01781915 - samples/sec: 43.23 - lr: 0.000039
2022-08-07 18:36:04,824 epoch 16 - iter 674/3375 - loss 0.01783474 - samples/sec: 40.79 - lr: 0.000039
2022-08-07 18:37:08,462 epoch 16 - iter 1011/3375 - loss 0.01788418 - samples/sec: 42.38 - lr: 0.000039
2022-08-07 18:38:11,283 epoch 16 - iter 1348/3375 - loss 0.01879567 - samples/sec: 42.94 - lr: 0.000038
2022-08-07 18:39:14,462 epoch 16 - iter 1685/3375 - loss 0.01845829 - samples/sec: 42.69 - lr: 0.000038
2022-08-07 18:40:20,481 epoch 16 - iter 2022/3375 - loss 0.01975131 - samples/sec: 40.86 - lr: 0.000038
2022-08-07 18:41:22,815 epoch 16 - iter 2359/3375 - loss 0.01959277 - samples/sec: 43.27 - lr: 0.000038
2022-08-07 18:42:26,057 epoch 16 - iter 2696/3375 - loss 0.01967118 - samples/sec: 42.65 - lr: 0.000038
2022-08-07 18:43:29,868 epoch 16 - iter 3033/3375 - loss 0.01967994 - samples/sec: 42.27 - lr: 0.000038
2022-08-07 18:44:36,207 epoch 16 - iter 3370/3375 - loss 0.01998210 - samples/sec: 40.66 - lr: 0.000038
2022-08-07 18:44:37,199 ----------------------------------------------------------------------------------------------------
2022-08-07 18:44:37,199 EPOCH 16 done: loss 0.0200 - lr 0.0000378
2022-08-07 18:44:37,199 BAD EPOCHS (no improvement): 4
2022-08-07 18:44:37,200 ----------------------------------------------------------------------------------------------------
2022-08-07 18:45:40,501 epoch 17 - iter 337/3375 - loss 0.01644054 - samples/sec: 42.61 - lr: 0.000038
2022-08-07 18:46:44,483 epoch 17 - iter 674/3375 - loss 0.01611182 - samples/sec: 42.16 - lr: 0.000038
2022-08-07 18:47:50,881 epoch 17 - iter 1011/3375 - loss 0.01686086 - samples/sec: 40.62 - lr: 0.000037
2022-08-07 18:48:55,213 epoch 17 - iter 1348/3375 - loss 0.01811252 - samples/sec: 41.93 - lr: 0.000037
2022-08-07 18:49:59,117 epoch 17 - iter 1685/3375 - loss 0.01763200 - samples/sec: 42.21 - lr: 0.000037
2022-08-07 18:51:02,268 epoch 17 - iter 2022/3375 - loss 0.01807959 - samples/sec: 42.71 - lr: 0.000037
2022-08-07 18:52:09,052 epoch 17 - iter 2359/3375 - loss 0.01850914 - samples/sec: 40.39 - lr: 0.000037
2022-08-07 18:53:13,250 epoch 17 - iter 2696/3375 - loss 0.01887879 - samples/sec: 42.01 - lr: 0.000037
2022-08-07 18:54:15,695 epoch 17 - iter 3033/3375 - loss 0.01877249 - samples/sec: 43.20 - lr: 0.000037
2022-08-07 18:55:20,685 epoch 17 - iter 3370/3375 - loss 0.01879535 - samples/sec: 41.50 - lr: 0.000037
2022-08-07 18:55:21,534 ----------------------------------------------------------------------------------------------------
2022-08-07 18:55:21,535 EPOCH 17 done: loss 0.0188 - lr 0.0000367
2022-08-07 18:55:21,535 BAD EPOCHS (no improvement): 4
2022-08-07 18:55:21,535 ----------------------------------------------------------------------------------------------------
2022-08-07 18:56:24,459 epoch 18 - iter 337/3375 - loss 0.01517249 - samples/sec: 42.87 - lr: 0.000037
2022-08-07 18:57:28,384 epoch 18 - iter 674/3375 - loss 0.01687480 - samples/sec: 42.20 - lr: 0.000036
2022-08-07 18:58:31,862 epoch 18 - iter 1011/3375 - loss 0.01691320 - samples/sec: 42.49 - lr: 0.000036
2022-08-07 18:59:38,722 epoch 18 - iter 1348/3375 - loss 0.01709790 - samples/sec: 40.34 - lr: 0.000036
2022-08-07 19:00:43,291 epoch 18 - iter 1685/3375 - loss 0.01737762 - samples/sec: 41.77 - lr: 0.000036
2022-08-07 19:01:47,141 epoch 18 - iter 2022/3375 - loss 0.01752086 - samples/sec: 42.24 - lr: 0.000036
2022-08-07 19:02:51,551 epoch 18 - iter 2359/3375 - loss 0.01723316 - samples/sec: 41.88 - lr: 0.000036
2022-08-07 19:03:58,973 epoch 18 - iter 2696/3375 - loss 0.01751275 - samples/sec: 40.01 - lr: 0.000036
2022-08-07 19:05:03,280 epoch 18 - iter 3033/3375 - loss 0.01739918 - samples/sec: 41.94 - lr: 0.000036
2022-08-07 19:06:08,326 epoch 18 - iter 3370/3375 - loss 0.01756448 - samples/sec: 41.47 - lr: 0.000036
2022-08-07 19:06:09,260 ----------------------------------------------------------------------------------------------------
2022-08-07 19:06:09,260 EPOCH 18 done: loss 0.0176 - lr 0.0000356
2022-08-07 19:06:09,260 BAD EPOCHS (no improvement): 4
2022-08-07 19:06:09,261 ----------------------------------------------------------------------------------------------------
2022-08-07 19:07:14,854 epoch 19 - iter 337/3375 - loss 0.01381619 - samples/sec: 41.12 - lr: 0.000035
2022-08-07 19:08:19,214 epoch 19 - iter 674/3375 - loss 0.01628819 - samples/sec: 41.91 - lr: 0.000035
2022-08-07 19:09:23,200 epoch 19 - iter 1011/3375 - loss 0.01717933 - samples/sec: 42.15 - lr: 0.000035
2022-08-07 19:10:27,920 epoch 19 - iter 1348/3375 - loss 0.01759357 - samples/sec: 41.68 - lr: 0.000035
2022-08-07 19:11:34,419 epoch 19 - iter 1685/3375 - loss 0.01716447 - samples/sec: 40.56 - lr: 0.000035
2022-08-07 19:12:37,423 epoch 19 - iter 2022/3375 - loss 0.01676224 - samples/sec: 42.81 - lr: 0.000035
2022-08-07 19:13:40,762 epoch 19 - iter 2359/3375 - loss 0.01679592 - samples/sec: 42.58 - lr: 0.000035
2022-08-07 19:14:43,873 epoch 19 - iter 2696/3375 - loss 0.01717601 - samples/sec: 42.74 - lr: 0.000035
2022-08-07 19:15:50,267 epoch 19 - iter 3033/3375 - loss 0.01701491 - samples/sec: 40.62 - lr: 0.000035
2022-08-07 19:16:53,562 epoch 19 - iter 3370/3375 - loss 0.01683444 - samples/sec: 42.61 - lr: 0.000034
2022-08-07 19:16:54,551 ----------------------------------------------------------------------------------------------------
2022-08-07 19:16:54,552 EPOCH 19 done: loss 0.0168 - lr 0.0000344
2022-08-07 19:16:54,552 BAD EPOCHS (no improvement): 4
2022-08-07 19:16:54,552 ----------------------------------------------------------------------------------------------------
2022-08-07 19:17:57,410 epoch 20 - iter 337/3375 - loss 0.01546298 - samples/sec: 42.91 - lr: 0.000034
2022-08-07 19:19:03,695 epoch 20 - iter 674/3375 - loss 0.01443272 - samples/sec: 40.69 - lr: 0.000034
2022-08-07 19:20:06,305 epoch 20 - iter 1011/3375 - loss 0.01510895 - samples/sec: 43.08 - lr: 0.000034
2022-08-07 19:21:11,290 epoch 20 - iter 1348/3375 - loss 0.01517093 - samples/sec: 41.51 - lr: 0.000034
2022-08-07 19:22:13,292 epoch 20 - iter 1685/3375 - loss 0.01510300 - samples/sec: 43.50 - lr: 0.000034
2022-08-07 19:23:18,710 epoch 20 - iter 2022/3375 - loss 0.01518471 - samples/sec: 41.23 - lr: 0.000034
2022-08-07 19:24:22,395 epoch 20 - iter 2359/3375 - loss 0.01508585 - samples/sec: 42.35 - lr: 0.000034
2022-08-07 19:25:26,032 epoch 20 - iter 2696/3375 - loss 0.01498747 - samples/sec: 42.39 - lr: 0.000034
2022-08-07 19:26:32,082 epoch 20 - iter 3033/3375 - loss 0.01520556 - samples/sec: 40.84 - lr: 0.000033
2022-08-07 19:27:35,857 epoch 20 - iter 3370/3375 - loss 0.01511631 - samples/sec: 42.29 - lr: 0.000033
2022-08-07 19:27:36,769 ----------------------------------------------------------------------------------------------------
2022-08-07 19:27:36,770 EPOCH 20 done: loss 0.0151 - lr 0.0000333
2022-08-07 19:27:36,770 BAD EPOCHS (no improvement): 4
2022-08-07 19:27:36,770 ----------------------------------------------------------------------------------------------------
2022-08-07 19:28:41,395 epoch 21 - iter 337/3375 - loss 0.01273045 - samples/sec: 41.74 - lr: 0.000033
2022-08-07 19:29:45,461 epoch 21 - iter 674/3375 - loss 0.01382453 - samples/sec: 42.10 - lr: 0.000033
2022-08-07 19:30:52,270 epoch 21 - iter 1011/3375 - loss 0.01405918 - samples/sec: 40.37 - lr: 0.000033
2022-08-07 19:31:55,357 epoch 21 - iter 1348/3375 - loss 0.01450898 - samples/sec: 42.75 - lr: 0.000033
2022-08-07 19:32:58,819 epoch 21 - iter 1685/3375 - loss 0.01439949 - samples/sec: 42.50 - lr: 0.000033
2022-08-07 19:34:01,934 epoch 21 - iter 2022/3375 - loss 0.01423390 - samples/sec: 42.74 - lr: 0.000033
2022-08-07 19:35:07,380 epoch 21 - iter 2359/3375 - loss 0.01437245 - samples/sec: 41.21 - lr: 0.000033
2022-08-07 19:36:10,436 epoch 21 - iter 2696/3375 - loss 0.01461752 - samples/sec: 42.78 - lr: 0.000032
2022-08-07 19:37:12,913 epoch 21 - iter 3033/3375 - loss 0.01454107 - samples/sec: 43.17 - lr: 0.000032
2022-08-07 19:38:19,723 epoch 21 - iter 3370/3375 - loss 0.01492386 - samples/sec: 40.37 - lr: 0.000032
2022-08-07 19:38:20,716 ----------------------------------------------------------------------------------------------------
2022-08-07 19:38:20,717 EPOCH 21 done: loss 0.0149 - lr 0.0000322
2022-08-07 19:38:20,717 BAD EPOCHS (no improvement): 4
2022-08-07 19:38:20,717 ----------------------------------------------------------------------------------------------------
2022-08-07 19:39:23,876 epoch 22 - iter 337/3375 - loss 0.01387492 - samples/sec: 42.71 - lr: 0.000032
2022-08-07 19:40:27,289 epoch 22 - iter 674/3375 - loss 0.01239618 - samples/sec: 42.53 - lr: 0.000032
2022-08-07 19:41:32,381 epoch 22 - iter 1011/3375 - loss 0.01281844 - samples/sec: 41.44 - lr: 0.000032
2022-08-07 19:42:40,101 epoch 22 - iter 1348/3375 - loss 0.01365538 - samples/sec: 39.83 - lr: 0.000032
2022-08-07 19:43:44,371 epoch 22 - iter 1685/3375 - loss 0.01372280 - samples/sec: 41.97 - lr: 0.000032
2022-08-07 19:44:48,930 epoch 22 - iter 2022/3375 - loss 0.01354214 - samples/sec: 41.78 - lr: 0.000032
2022-08-07 19:45:54,815 epoch 22 - iter 2359/3375 - loss 0.01325977 - samples/sec: 40.94 - lr: 0.000031
2022-08-07 19:46:59,214 epoch 22 - iter 2696/3375 - loss 0.01333042 - samples/sec: 41.88 - lr: 0.000031
2022-08-07 19:48:03,374 epoch 22 - iter 3033/3375 - loss 0.01371759 - samples/sec: 42.04 - lr: 0.000031
2022-08-07 19:49:06,693 epoch 22 - iter 3370/3375 - loss 0.01373868 - samples/sec: 42.60 - lr: 0.000031
2022-08-07 19:49:07,600 ----------------------------------------------------------------------------------------------------
2022-08-07 19:49:07,600 EPOCH 22 done: loss 0.0138 - lr 0.0000311
2022-08-07 19:49:07,600 BAD EPOCHS (no improvement): 4
2022-08-07 19:49:07,600 ----------------------------------------------------------------------------------------------------
2022-08-07 19:50:14,607 epoch 23 - iter 337/3375 - loss 0.01342987 - samples/sec: 40.25 - lr: 0.000031
2022-08-07 19:51:17,879 epoch 23 - iter 674/3375 - loss 0.01352028 - samples/sec: 42.63 - lr: 0.000031
2022-08-07 19:52:19,971 epoch 23 - iter 1011/3375 - loss 0.01292165 - samples/sec: 43.44 - lr: 0.000031
2022-08-07 19:53:24,113 epoch 23 - iter 1348/3375 - loss 0.01232890 - samples/sec: 42.06 - lr: 0.000031
2022-08-07 19:54:29,709 epoch 23 - iter 1685/3375 - loss 0.01236706 - samples/sec: 41.12 - lr: 0.000031
2022-08-07 19:55:33,513 epoch 23 - iter 2022/3375 - loss 0.01239765 - samples/sec: 42.27 - lr: 0.000030
2022-08-07 19:56:37,126 epoch 23 - iter 2359/3375 - loss 0.01233613 - samples/sec: 42.40 - lr: 0.000030
2022-08-07 19:57:42,811 epoch 23 - iter 2696/3375 - loss 0.01287112 - samples/sec: 41.06 - lr: 0.000030
2022-08-07 19:58:46,871 epoch 23 - iter 3033/3375 - loss 0.01303502 - samples/sec: 42.10 - lr: 0.000030
2022-08-07 19:59:50,088 epoch 23 - iter 3370/3375 - loss 0.01311526 - samples/sec: 42.67 - lr: 0.000030
2022-08-07 19:59:51,044 ----------------------------------------------------------------------------------------------------
2022-08-07 19:59:51,044 EPOCH 23 done: loss 0.0131 - lr 0.0000300
2022-08-07 19:59:51,044 BAD EPOCHS (no improvement): 4
2022-08-07 19:59:51,045 ----------------------------------------------------------------------------------------------------
2022-08-07 20:00:54,423 epoch 24 - iter 337/3375 - loss 0.01144739 - samples/sec: 42.56 - lr: 0.000030
2022-08-07 20:02:00,820 epoch 24 - iter 674/3375 - loss 0.01174879 - samples/sec: 40.62 - lr: 0.000030
2022-08-07 20:03:04,468 epoch 24 - iter 1011/3375 - loss 0.01146240 - samples/sec: 42.38 - lr: 0.000030
2022-08-07 20:04:07,889 epoch 24 - iter 1348/3375 - loss 0.01184612 - samples/sec: 42.53 - lr: 0.000030
2022-08-07 20:05:10,255 epoch 24 - iter 1685/3375 - loss 0.01153897 - samples/sec: 43.25 - lr: 0.000029
2022-08-07 20:06:16,515 epoch 24 - iter 2022/3375 - loss 0.01181995 - samples/sec: 40.71 - lr: 0.000029
2022-08-07 20:07:20,096 epoch 24 - iter 2359/3375 - loss 0.01171802 - samples/sec: 42.42 - lr: 0.000029
2022-08-07 20:08:22,521 epoch 24 - iter 2696/3375 - loss 0.01169971 - samples/sec: 43.21 - lr: 0.000029
2022-08-07 20:09:26,083 epoch 24 - iter 3033/3375 - loss 0.01164287 - samples/sec: 42.44 - lr: 0.000029
2022-08-07 20:10:27,841 epoch 24 - iter 3370/3375 - loss 0.01161167 - samples/sec: 43.67 - lr: 0.000029
2022-08-07 20:10:28,743 ----------------------------------------------------------------------------------------------------
2022-08-07 20:10:28,744 EPOCH 24 done: loss 0.0116 - lr 0.0000289
2022-08-07 20:10:28,744 BAD EPOCHS (no improvement): 4
2022-08-07 20:10:28,744 ----------------------------------------------------------------------------------------------------
2022-08-07 20:11:32,122 epoch 25 - iter 337/3375 - loss 0.01080205 - samples/sec: 42.56 - lr: 0.000029
2022-08-07 20:12:35,887 epoch 25 - iter 674/3375 - loss 0.00960849 - samples/sec: 42.30 - lr: 0.000029
2022-08-07 20:13:41,479 epoch 25 - iter 1011/3375 - loss 0.00953913 - samples/sec: 41.12 - lr: 0.000029
2022-08-07 20:14:44,987 epoch 25 - iter 1348/3375 - loss 0.00961954 - samples/sec: 42.47 - lr: 0.000028
2022-08-07 20:15:48,933 epoch 25 - iter 1685/3375 - loss 0.01011183 - samples/sec: 42.18 - lr: 0.000028
2022-08-07 20:16:53,301 epoch 25 - iter 2022/3375 - loss 0.01079336 - samples/sec: 41.90 - lr: 0.000028
2022-08-07 20:18:00,075 epoch 25 - iter 2359/3375 - loss 0.01084511 - samples/sec: 40.39 - lr: 0.000028
2022-08-07 20:19:03,801 epoch 25 - iter 2696/3375 - loss 0.01105009 - samples/sec: 42.33 - lr: 0.000028
2022-08-07 20:20:07,655 epoch 25 - iter 3033/3375 - loss 0.01109800 - samples/sec: 42.24 - lr: 0.000028
2022-08-07 20:21:14,593 epoch 25 - iter 3370/3375 - loss 0.01101232 - samples/sec: 40.29 - lr: 0.000028
2022-08-07 20:21:15,541 ----------------------------------------------------------------------------------------------------
2022-08-07 20:21:15,541 EPOCH 25 done: loss 0.0110 - lr 0.0000278
2022-08-07 20:21:15,541 BAD EPOCHS (no improvement): 4
2022-08-07 20:21:15,542 ----------------------------------------------------------------------------------------------------
2022-08-07 20:22:18,826 epoch 26 - iter 337/3375 - loss 0.00662560 - samples/sec: 42.62 - lr: 0.000028
2022-08-07 20:23:22,824 epoch 26 - iter 674/3375 - loss 0.00833913 - samples/sec: 42.15 - lr: 0.000028
2022-08-07 20:24:25,977 epoch 26 - iter 1011/3375 - loss 0.00933388 - samples/sec: 42.71 - lr: 0.000027
2022-08-07 20:25:32,078 epoch 26 - iter 1348/3375 - loss 0.00973712 - samples/sec: 40.80 - lr: 0.000027
2022-08-07 20:26:35,693 epoch 26 - iter 1685/3375 - loss 0.00988061 - samples/sec: 42.40 - lr: 0.000027
2022-08-07 20:27:40,932 epoch 26 - iter 2022/3375 - loss 0.00991288 - samples/sec: 41.34 - lr: 0.000027
2022-08-07 20:28:48,368 epoch 26 - iter 2359/3375 - loss 0.00994468 - samples/sec: 40.00 - lr: 0.000027
2022-08-07 20:29:53,299 epoch 26 - iter 2696/3375 - loss 0.00969500 - samples/sec: 41.54 - lr: 0.000027
2022-08-07 20:30:57,476 epoch 26 - iter 3033/3375 - loss 0.00978515 - samples/sec: 42.03 - lr: 0.000027
2022-08-07 20:32:02,337 epoch 26 - iter 3370/3375 - loss 0.00978918 - samples/sec: 41.59 - lr: 0.000027
2022-08-07 20:32:03,246 ----------------------------------------------------------------------------------------------------
2022-08-07 20:32:03,246 EPOCH 26 done: loss 0.0098 - lr 0.0000267
2022-08-07 20:32:03,246 BAD EPOCHS (no improvement): 4
2022-08-07 20:32:03,246 ----------------------------------------------------------------------------------------------------
2022-08-07 20:33:09,769 epoch 27 - iter 337/3375 - loss 0.00928765 - samples/sec: 40.55 - lr: 0.000027
2022-08-07 20:34:14,616 epoch 27 - iter 674/3375 - loss 0.00996675 - samples/sec: 41.59 - lr: 0.000026
2022-08-07 20:35:17,567 epoch 27 - iter 1011/3375 - loss 0.00968584 - samples/sec: 42.85 - lr: 0.000026
2022-08-07 20:36:21,748 epoch 27 - iter 1348/3375 - loss 0.00974002 - samples/sec: 42.03 - lr: 0.000026
2022-08-07 20:37:27,192 epoch 27 - iter 1685/3375 - loss 0.00944800 - samples/sec: 41.21 - lr: 0.000026
2022-08-07 20:38:30,277 epoch 27 - iter 2022/3375 - loss 0.00916110 - samples/sec: 42.76 - lr: 0.000026
2022-08-07 20:39:33,807 epoch 27 - iter 2359/3375 - loss 0.00926825 - samples/sec: 42.46 - lr: 0.000026
2022-08-07 20:40:40,323 epoch 27 - iter 2696/3375 - loss 0.00919091 - samples/sec: 40.55 - lr: 0.000026
2022-08-07 20:41:42,834 epoch 27 - iter 3033/3375 - loss 0.00924932 - samples/sec: 43.15 - lr: 0.000026
2022-08-07 20:42:45,019 epoch 27 - iter 3370/3375 - loss 0.00928726 - samples/sec: 43.38 - lr: 0.000026
2022-08-07 20:42:46,022 ----------------------------------------------------------------------------------------------------
2022-08-07 20:42:46,022 EPOCH 27 done: loss 0.0093 - lr 0.0000256
2022-08-07 20:42:46,022 BAD EPOCHS (no improvement): 4
2022-08-07 20:42:46,023 ----------------------------------------------------------------------------------------------------
2022-08-07 20:43:49,618 epoch 28 - iter 337/3375 - loss 0.00737666 - samples/sec: 42.41 - lr: 0.000025
2022-08-07 20:44:56,163 epoch 28 - iter 674/3375 - loss 0.00787040 - samples/sec: 40.53 - lr: 0.000025
2022-08-07 20:46:00,579 epoch 28 - iter 1011/3375 - loss 0.00877549 - samples/sec: 41.87 - lr: 0.000025
2022-08-07 20:47:03,733 epoch 28 - iter 1348/3375 - loss 0.00873090 - samples/sec: 42.71 - lr: 0.000025
2022-08-07 20:48:07,462 epoch 28 - iter 1685/3375 - loss 0.00877220 - samples/sec: 42.32 - lr: 0.000025
2022-08-07 20:49:13,430 epoch 28 - iter 2022/3375 - loss 0.00896145 - samples/sec: 40.89 - lr: 0.000025
2022-08-07 20:50:16,211 epoch 28 - iter 2359/3375 - loss 0.00864573 - samples/sec: 42.96 - lr: 0.000025
2022-08-07 20:51:19,636 epoch 28 - iter 2696/3375 - loss 0.00876855 - samples/sec: 42.53 - lr: 0.000025
2022-08-07 20:52:27,017 epoch 28 - iter 3033/3375 - loss 0.00872611 - samples/sec: 40.03 - lr: 0.000025
2022-08-07 20:53:30,109 epoch 28 - iter 3370/3375 - loss 0.00882938 - samples/sec: 42.75 - lr: 0.000024
2022-08-07 20:53:31,048 ----------------------------------------------------------------------------------------------------
2022-08-07 20:53:31,048 EPOCH 28 done: loss 0.0088 - lr 0.0000245
2022-08-07 20:53:31,049 BAD EPOCHS (no improvement): 4
2022-08-07 20:53:31,049 ----------------------------------------------------------------------------------------------------
2022-08-07 20:54:34,551 epoch 29 - iter 337/3375 - loss 0.00650892 - samples/sec: 42.48 - lr: 0.000024
2022-08-07 20:55:37,413 epoch 29 - iter 674/3375 - loss 0.00679473 - samples/sec: 42.91 - lr: 0.000024
2022-08-07 20:56:44,255 epoch 29 - iter 1011/3375 - loss 0.00720961 - samples/sec: 40.35 - lr: 0.000024
2022-08-07 20:57:47,154 epoch 29 - iter 1348/3375 - loss 0.00747320 - samples/sec: 42.88 - lr: 0.000024
2022-08-07 20:58:50,470 epoch 29 - iter 1685/3375 - loss 0.00767186 - samples/sec: 42.60 - lr: 0.000024
2022-08-07 20:59:53,613 epoch 29 - iter 2022/3375 - loss 0.00776579 - samples/sec: 42.72 - lr: 0.000024
2022-08-07 21:00:59,236 epoch 29 - iter 2359/3375 - loss 0.00791559 - samples/sec: 41.10 - lr: 0.000024
2022-08-07 21:02:03,453 epoch 29 - iter 2696/3375 - loss 0.00787860 - samples/sec: 42.00 - lr: 0.000024
2022-08-07 21:03:08,591 epoch 29 - iter 3033/3375 - loss 0.00783669 - samples/sec: 41.41 - lr: 0.000023
2022-08-07 21:04:15,704 epoch 29 - iter 3370/3375 - loss 0.00796281 - samples/sec: 40.19 - lr: 0.000023
2022-08-07 21:04:16,677 ----------------------------------------------------------------------------------------------------
2022-08-07 21:04:16,677 EPOCH 29 done: loss 0.0080 - lr 0.0000233
2022-08-07 21:04:16,677 BAD EPOCHS (no improvement): 4
2022-08-07 21:04:16,678 ----------------------------------------------------------------------------------------------------
2022-08-07 21:05:21,075 epoch 30 - iter 337/3375 - loss 0.00555938 - samples/sec: 41.89 - lr: 0.000023
2022-08-07 21:06:24,245 epoch 30 - iter 674/3375 - loss 0.00699856 - samples/sec: 42.70 - lr: 0.000023
2022-08-07 21:07:28,636 epoch 30 - iter 1011/3375 - loss 0.00696880 - samples/sec: 41.89 - lr: 0.000023
2022-08-07 21:08:36,640 epoch 30 - iter 1348/3375 - loss 0.00657708 - samples/sec: 39.66 - lr: 0.000023
2022-08-07 21:09:40,342 epoch 30 - iter 1685/3375 - loss 0.00689479 - samples/sec: 42.34 - lr: 0.000023
2022-08-07 21:10:43,187 epoch 30 - iter 2022/3375 - loss 0.00670890 - samples/sec: 42.92 - lr: 0.000023
2022-08-07 21:11:46,791 epoch 30 - iter 2359/3375 - loss 0.00701001 - samples/sec: 42.41 - lr: 0.000023
2022-08-07 21:12:53,668 epoch 30 - iter 2696/3375 - loss 0.00712242 - samples/sec: 40.33 - lr: 0.000022
2022-08-07 21:13:57,811 epoch 30 - iter 3033/3375 - loss 0.00713725 - samples/sec: 42.05 - lr: 0.000022
2022-08-07 21:15:01,671 epoch 30 - iter 3370/3375 - loss 0.00720038 - samples/sec: 42.24 - lr: 0.000022
2022-08-07 21:15:02,565 ----------------------------------------------------------------------------------------------------
2022-08-07 21:15:02,565 EPOCH 30 done: loss 0.0072 - lr 0.0000222
2022-08-07 21:15:02,565 BAD EPOCHS (no improvement): 4
2022-08-07 21:15:02,565 ----------------------------------------------------------------------------------------------------
2022-08-07 21:16:10,526 epoch 31 - iter 337/3375 - loss 0.00696483 - samples/sec: 39.69 - lr: 0.000022
2022-08-07 21:17:14,681 epoch 31 - iter 674/3375 - loss 0.00622568 - samples/sec: 42.04 - lr: 0.000022
2022-08-07 21:18:19,157 epoch 31 - iter 1011/3375 - loss 0.00621908 - samples/sec: 41.83 - lr: 0.000022
2022-08-07 21:19:21,564 epoch 31 - iter 1348/3375 - loss 0.00636456 - samples/sec: 43.22 - lr: 0.000022
2022-08-07 21:20:27,490 epoch 31 - iter 1685/3375 - loss 0.00685351 - samples/sec: 40.91 - lr: 0.000022
2022-08-07 21:21:29,091 epoch 31 - iter 2022/3375 - loss 0.00676633 - samples/sec: 43.79 - lr: 0.000022
2022-08-07 21:22:31,067 epoch 31 - iter 2359/3375 - loss 0.00673206 - samples/sec: 43.52 - lr: 0.000021
2022-08-07 21:23:36,041 epoch 31 - iter 2696/3375 - loss 0.00690591 - samples/sec: 41.51 - lr: 0.000021
2022-08-07 21:24:38,084 epoch 31 - iter 3033/3375 - loss 0.00708719 - samples/sec: 43.47 - lr: 0.000021
2022-08-07 21:25:39,573 epoch 31 - iter 3370/3375 - loss 0.00719043 - samples/sec: 43.87 - lr: 0.000021
2022-08-07 21:25:40,383 ----------------------------------------------------------------------------------------------------
2022-08-07 21:25:40,384 EPOCH 31 done: loss 0.0072 - lr 0.0000211
2022-08-07 21:25:40,384 BAD EPOCHS (no improvement): 4
2022-08-07 21:25:40,386 ----------------------------------------------------------------------------------------------------
2022-08-07 21:26:43,657 epoch 32 - iter 337/3375 - loss 0.00494629 - samples/sec: 42.63 - lr: 0.000021
2022-08-07 21:27:50,586 epoch 32 - iter 674/3375 - loss 0.00717312 - samples/sec: 40.30 - lr: 0.000021
2022-08-07 21:28:54,006 epoch 32 - iter 1011/3375 - loss 0.00676233 - samples/sec: 42.53 - lr: 0.000021
2022-08-07 21:29:58,829 epoch 32 - iter 1348/3375 - loss 0.00639309 - samples/sec: 41.61 - lr: 0.000021
2022-08-07 21:31:02,390 epoch 32 - iter 1685/3375 - loss 0.00622649 - samples/sec: 42.44 - lr: 0.000021
2022-08-07 21:32:08,451 epoch 32 - iter 2022/3375 - loss 0.00652879 - samples/sec: 40.83 - lr: 0.000020
2022-08-07 21:33:10,915 epoch 32 - iter 2359/3375 - loss 0.00650749 - samples/sec: 43.18 - lr: 0.000020
2022-08-07 21:34:13,691 epoch 32 - iter 2696/3375 - loss 0.00632305 - samples/sec: 42.97 - lr: 0.000020
2022-08-07 21:35:18,636 epoch 32 - iter 3033/3375 - loss 0.00648524 - samples/sec: 41.53 - lr: 0.000020
2022-08-07 21:36:22,099 epoch 32 - iter 3370/3375 - loss 0.00659395 - samples/sec: 42.50 - lr: 0.000020
2022-08-07 21:36:23,169 ----------------------------------------------------------------------------------------------------
2022-08-07 21:36:23,170 EPOCH 32 done: loss 0.0066 - lr 0.0000200
2022-08-07 21:36:23,170 BAD EPOCHS (no improvement): 4
2022-08-07 21:36:23,170 ----------------------------------------------------------------------------------------------------
2022-08-07 21:37:26,200 epoch 33 - iter 337/3375 - loss 0.00707255 - samples/sec: 42.79 - lr: 0.000020
2022-08-07 21:38:27,126 epoch 33 - iter 674/3375 - loss 0.00619443 - samples/sec: 44.27 - lr: 0.000020
2022-08-07 21:39:32,326 epoch 33 - iter 1011/3375 - loss 0.00623773 - samples/sec: 41.37 - lr: 0.000020
2022-08-07 21:40:35,266 epoch 33 - iter 1348/3375 - loss 0.00612025 - samples/sec: 42.85 - lr: 0.000020
2022-08-07 21:41:36,965 epoch 33 - iter 1685/3375 - loss 0.00585633 - samples/sec: 43.72 - lr: 0.000019
2022-08-07 21:42:40,354 epoch 33 - iter 2022/3375 - loss 0.00586493 - samples/sec: 42.55 - lr: 0.000019
2022-08-07 21:43:45,779 epoch 33 - iter 2359/3375 - loss 0.00577762 - samples/sec: 41.23 - lr: 0.000019
2022-08-07 21:44:49,701 epoch 33 - iter 2696/3375 - loss 0.00582036 - samples/sec: 42.20 - lr: 0.000019
2022-08-07 21:45:54,124 epoch 33 - iter 3033/3375 - loss 0.00567505 - samples/sec: 41.87 - lr: 0.000019
2022-08-07 21:46:58,012 epoch 33 - iter 3370/3375 - loss 0.00564937 - samples/sec: 42.22 - lr: 0.000019
2022-08-07 21:46:58,962 ----------------------------------------------------------------------------------------------------
2022-08-07 21:46:58,962 EPOCH 33 done: loss 0.0057 - lr 0.0000189
2022-08-07 21:46:58,962 BAD EPOCHS (no improvement): 4
2022-08-07 21:46:58,962 ----------------------------------------------------------------------------------------------------
2022-08-07 21:48:03,366 epoch 34 - iter 337/3375 - loss 0.00454761 - samples/sec: 41.88 - lr: 0.000019
2022-08-07 21:49:07,267 epoch 34 - iter 674/3375 - loss 0.00485256 - samples/sec: 42.21 - lr: 0.000019
2022-08-07 21:50:08,173 epoch 34 - iter 1011/3375 - loss 0.00443742 - samples/sec: 44.29 - lr: 0.000019
2022-08-07 21:51:12,925 epoch 34 - iter 1348/3375 - loss 0.00465590 - samples/sec: 41.65 - lr: 0.000018
2022-08-07 21:52:15,827 epoch 34 - iter 1685/3375 - loss 0.00509147 - samples/sec: 42.88 - lr: 0.000018
2022-08-07 21:53:22,845 epoch 34 - iter 2022/3375 - loss 0.00558936 - samples/sec: 40.25 - lr: 0.000018
2022-08-07 21:54:26,258 epoch 34 - iter 2359/3375 - loss 0.00536767 - samples/sec: 42.54 - lr: 0.000018
2022-08-07 21:55:30,799 epoch 34 - iter 2696/3375 - loss 0.00514065 - samples/sec: 41.79 - lr: 0.000018
2022-08-07 21:56:33,514 epoch 34 - iter 3033/3375 - loss 0.00505990 - samples/sec: 43.01 - lr: 0.000018
2022-08-07 21:57:35,231 epoch 34 - iter 3370/3375 - loss 0.00518655 - samples/sec: 43.70 - lr: 0.000018
2022-08-07 21:57:36,134 ----------------------------------------------------------------------------------------------------
2022-08-07 21:57:36,135 EPOCH 34 done: loss 0.0052 - lr 0.0000178
2022-08-07 21:57:36,135 BAD EPOCHS (no improvement): 4
2022-08-07 21:57:36,135 ----------------------------------------------------------------------------------------------------
2022-08-07 21:58:39,714 epoch 35 - iter 337/3375 - loss 0.00314711 - samples/sec: 42.42 - lr: 0.000018
2022-08-07 21:59:42,089 epoch 35 - iter 674/3375 - loss 0.00428359 - samples/sec: 43.24 - lr: 0.000018
2022-08-07 22:00:48,601 epoch 35 - iter 1011/3375 - loss 0.00425377 - samples/sec: 40.56 - lr: 0.000017
2022-08-07 22:01:55,067 epoch 35 - iter 1348/3375 - loss 0.00420894 - samples/sec: 40.58 - lr: 0.000017
2022-08-07 22:03:00,438 epoch 35 - iter 1685/3375 - loss 0.00431323 - samples/sec: 41.26 - lr: 0.000017
2022-08-07 22:04:03,364 epoch 35 - iter 2022/3375 - loss 0.00444236 - samples/sec: 42.86 - lr: 0.000017
2022-08-07 22:05:05,784 epoch 35 - iter 2359/3375 - loss 0.00448717 - samples/sec: 43.21 - lr: 0.000017
2022-08-07 22:06:09,535 epoch 35 - iter 2696/3375 - loss 0.00470736 - samples/sec: 42.31 - lr: 0.000017
2022-08-07 22:07:14,025 epoch 35 - iter 3033/3375 - loss 0.00477975 - samples/sec: 41.82 - lr: 0.000017
2022-08-07 22:08:17,063 epoch 35 - iter 3370/3375 - loss 0.00468368 - samples/sec: 42.79 - lr: 0.000017
2022-08-07 22:08:18,061 ----------------------------------------------------------------------------------------------------
2022-08-07 22:08:18,062 EPOCH 35 done: loss 0.0047 - lr 0.0000167
2022-08-07 22:08:18,062 BAD EPOCHS (no improvement): 4
2022-08-07 22:08:18,062 ----------------------------------------------------------------------------------------------------
2022-08-07 22:09:21,670 epoch 36 - iter 337/3375 - loss 0.00394055 - samples/sec: 42.41 - lr: 0.000017
2022-08-07 22:10:27,997 epoch 36 - iter 674/3375 - loss 0.00400593 - samples/sec: 40.67 - lr: 0.000016
2022-08-07 22:11:30,285 epoch 36 - iter 1011/3375 - loss 0.00369183 - samples/sec: 43.30 - lr: 0.000016
2022-08-07 22:12:34,486 epoch 36 - iter 1348/3375 - loss 0.00404653 - samples/sec: 42.01 - lr: 0.000016
2022-08-07 22:13:37,870 epoch 36 - iter 1685/3375 - loss 0.00405255 - samples/sec: 42.55 - lr: 0.000016
2022-08-07 22:14:43,866 epoch 36 - iter 2022/3375 - loss 0.00411732 - samples/sec: 40.87 - lr: 0.000016
2022-08-07 22:15:47,226 epoch 36 - iter 2359/3375 - loss 0.00407632 - samples/sec: 42.57 - lr: 0.000016
2022-08-07 22:16:50,141 epoch 36 - iter 2696/3375 - loss 0.00400902 - samples/sec: 42.87 - lr: 0.000016
2022-08-07 22:17:55,114 epoch 36 - iter 3033/3375 - loss 0.00410695 - samples/sec: 41.51 - lr: 0.000016
2022-08-07 22:18:56,124 epoch 36 - iter 3370/3375 - loss 0.00419760 - samples/sec: 44.21 - lr: 0.000016
2022-08-07 22:18:57,031 ----------------------------------------------------------------------------------------------------
2022-08-07 22:18:57,031 EPOCH 36 done: loss 0.0042 - lr 0.0000156
2022-08-07 22:18:57,031 BAD EPOCHS (no improvement): 4
2022-08-07 22:18:57,032 ----------------------------------------------------------------------------------------------------
2022-08-07 22:19:58,944 epoch 37 - iter 337/3375 - loss 0.00309527 - samples/sec: 43.57 - lr: 0.000015
2022-08-07 22:21:01,508 epoch 37 - iter 674/3375 - loss 0.00326851 - samples/sec: 43.11 - lr: 0.000015
2022-08-07 22:22:09,170 epoch 37 - iter 1011/3375 - loss 0.00369478 - samples/sec: 39.86 - lr: 0.000015
2022-08-07 22:23:11,200 epoch 37 - iter 1348/3375 - loss 0.00343591 - samples/sec: 43.48 - lr: 0.000015
2022-08-07 22:24:14,451 epoch 37 - iter 1685/3375 - loss 0.00388904 - samples/sec: 42.64 - lr: 0.000015
2022-08-07 22:25:18,347 epoch 37 - iter 2022/3375 - loss 0.00397904 - samples/sec: 42.21 - lr: 0.000015
2022-08-07 22:26:24,538 epoch 37 - iter 2359/3375 - loss 0.00416412 - samples/sec: 40.75 - lr: 0.000015
2022-08-07 22:27:27,711 epoch 37 - iter 2696/3375 - loss 0.00407625 - samples/sec: 42.70 - lr: 0.000015
2022-08-07 22:28:29,547 epoch 37 - iter 3033/3375 - loss 0.00406785 - samples/sec: 43.62 - lr: 0.000015
2022-08-07 22:29:34,458 epoch 37 - iter 3370/3375 - loss 0.00401517 - samples/sec: 41.55 - lr: 0.000014
2022-08-07 22:29:35,394 ----------------------------------------------------------------------------------------------------
2022-08-07 22:29:35,394 EPOCH 37 done: loss 0.0040 - lr 0.0000145
2022-08-07 22:29:35,394 BAD EPOCHS (no improvement): 4
2022-08-07 22:29:35,394 ----------------------------------------------------------------------------------------------------
2022-08-07 22:30:38,346 epoch 38 - iter 337/3375 - loss 0.00543433 - samples/sec: 42.85 - lr: 0.000014
2022-08-07 22:31:39,651 epoch 38 - iter 674/3375 - loss 0.00464549 - samples/sec: 44.00 - lr: 0.000014
2022-08-07 22:32:41,435 epoch 38 - iter 1011/3375 - loss 0.00439336 - samples/sec: 43.66 - lr: 0.000014
2022-08-07 22:33:45,504 epoch 38 - iter 1348/3375 - loss 0.00410822 - samples/sec: 42.10 - lr: 0.000014
2022-08-07 22:34:47,125 epoch 38 - iter 1685/3375 - loss 0.00397359 - samples/sec: 43.77 - lr: 0.000014
2022-08-07 22:35:49,815 epoch 38 - iter 2022/3375 - loss 0.00401549 - samples/sec: 43.02 - lr: 0.000014
2022-08-07 22:36:54,721 epoch 38 - iter 2359/3375 - loss 0.00381133 - samples/sec: 41.56 - lr: 0.000014
2022-08-07 22:37:55,975 epoch 38 - iter 2696/3375 - loss 0.00384721 - samples/sec: 44.03 - lr: 0.000014
2022-08-07 22:38:57,271 epoch 38 - iter 3033/3375 - loss 0.00369298 - samples/sec: 44.00 - lr: 0.000013
2022-08-07 22:40:00,163 epoch 38 - iter 3370/3375 - loss 0.00373984 - samples/sec: 42.89 - lr: 0.000013
2022-08-07 22:40:01,102 ----------------------------------------------------------------------------------------------------
2022-08-07 22:40:01,102 EPOCH 38 done: loss 0.0037 - lr 0.0000133
2022-08-07 22:40:01,102 BAD EPOCHS (no improvement): 4
2022-08-07 22:40:01,102 ----------------------------------------------------------------------------------------------------
2022-08-07 22:41:05,233 epoch 39 - iter 337/3375 - loss 0.00373194 - samples/sec: 42.06 - lr: 0.000013
2022-08-07 22:42:06,934 epoch 39 - iter 674/3375 - loss 0.00332096 - samples/sec: 43.71 - lr: 0.000013
2022-08-07 22:43:09,587 epoch 39 - iter 1011/3375 - loss 0.00359880 - samples/sec: 43.05 - lr: 0.000013
2022-08-07 22:44:13,275 epoch 39 - iter 1348/3375 - loss 0.00370532 - samples/sec: 42.35 - lr: 0.000013
2022-08-07 22:45:19,550 epoch 39 - iter 1685/3375 - loss 0.00366858 - samples/sec: 40.70 - lr: 0.000013
2022-08-07 22:46:23,145 epoch 39 - iter 2022/3375 - loss 0.00348632 - samples/sec: 42.41 - lr: 0.000013
2022-08-07 22:47:25,543 epoch 39 - iter 2359/3375 - loss 0.00357797 - samples/sec: 43.23 - lr: 0.000013
2022-08-07 22:48:32,248 epoch 39 - iter 2696/3375 - loss 0.00350618 - samples/sec: 40.43 - lr: 0.000012
2022-08-07 22:49:34,287 epoch 39 - iter 3033/3375 - loss 0.00339917 - samples/sec: 43.48 - lr: 0.000012
2022-08-07 22:50:37,045 epoch 39 - iter 3370/3375 - loss 0.00324547 - samples/sec: 42.98 - lr: 0.000012
2022-08-07 22:50:37,898 ----------------------------------------------------------------------------------------------------
2022-08-07 22:50:37,898 EPOCH 39 done: loss 0.0032 - lr 0.0000122
2022-08-07 22:50:37,898 BAD EPOCHS (no improvement): 4
2022-08-07 22:50:37,899 ----------------------------------------------------------------------------------------------------
2022-08-07 22:51:39,696 epoch 40 - iter 337/3375 - loss 0.00234219 - samples/sec: 43.65 - lr: 0.000012
2022-08-07 22:52:45,428 epoch 40 - iter 674/3375 - loss 0.00247458 - samples/sec: 41.03 - lr: 0.000012
2022-08-07 22:53:47,596 epoch 40 - iter 1011/3375 - loss 0.00229755 - samples/sec: 43.39 - lr: 0.000012
2022-08-07 22:54:49,686 epoch 40 - iter 1348/3375 - loss 0.00215979 - samples/sec: 43.44 - lr: 0.000012
2022-08-07 22:55:51,396 epoch 40 - iter 1685/3375 - loss 0.00254205 - samples/sec: 43.71 - lr: 0.000012
2022-08-07 22:56:55,678 epoch 40 - iter 2022/3375 - loss 0.00249316 - samples/sec: 41.96 - lr: 0.000012
2022-08-07 22:57:57,076 epoch 40 - iter 2359/3375 - loss 0.00252351 - samples/sec: 43.93 - lr: 0.000011
2022-08-07 22:59:00,095 epoch 40 - iter 2696/3375 - loss 0.00258066 - samples/sec: 42.80 - lr: 0.000011
2022-08-07 23:00:04,844 epoch 40 - iter 3033/3375 - loss 0.00261088 - samples/sec: 41.66 - lr: 0.000011
2022-08-07 23:01:06,766 epoch 40 - iter 3370/3375 - loss 0.00261945 - samples/sec: 43.56 - lr: 0.000011
2022-08-07 23:01:07,671 ----------------------------------------------------------------------------------------------------
2022-08-07 23:01:07,671 EPOCH 40 done: loss 0.0026 - lr 0.0000111
2022-08-07 23:01:07,671 BAD EPOCHS (no improvement): 4
2022-08-07 23:01:07,672 ----------------------------------------------------------------------------------------------------
2022-08-07 23:02:09,583 epoch 41 - iter 337/3375 - loss 0.00210161 - samples/sec: 43.57 - lr: 0.000011
2022-08-07 23:03:11,882 epoch 41 - iter 674/3375 - loss 0.00249141 - samples/sec: 43.30 - lr: 0.000011
2022-08-07 23:04:16,000 epoch 41 - iter 1011/3375 - loss 0.00231301 - samples/sec: 42.07 - lr: 0.000011
2022-08-07 23:05:18,234 epoch 41 - iter 1348/3375 - loss 0.00247432 - samples/sec: 43.34 - lr: 0.000011
2022-08-07 23:06:21,437 epoch 41 - iter 1685/3375 - loss 0.00264958 - samples/sec: 42.68 - lr: 0.000011
2022-08-07 23:07:23,558 epoch 41 - iter 2022/3375 - loss 0.00257311 - samples/sec: 43.42 - lr: 0.000010
2022-08-07 23:08:27,970 epoch 41 - iter 2359/3375 - loss 0.00280111 - samples/sec: 41.87 - lr: 0.000010
2022-08-07 23:09:32,100 epoch 41 - iter 2696/3375 - loss 0.00287716 - samples/sec: 42.06 - lr: 0.000010
2022-08-07 23:10:34,258 epoch 41 - iter 3033/3375 - loss 0.00291076 - samples/sec: 43.40 - lr: 0.000010
2022-08-07 23:11:38,959 epoch 41 - iter 3370/3375 - loss 0.00290403 - samples/sec: 41.69 - lr: 0.000010
2022-08-07 23:11:39,853 ----------------------------------------------------------------------------------------------------
2022-08-07 23:11:39,853 EPOCH 41 done: loss 0.0029 - lr 0.0000100
2022-08-07 23:11:39,854 BAD EPOCHS (no improvement): 4
2022-08-07 23:11:39,854 ----------------------------------------------------------------------------------------------------
2022-08-07 23:12:42,864 epoch 42 - iter 337/3375 - loss 0.00196888 - samples/sec: 42.81 - lr: 0.000010
2022-08-07 23:13:45,599 epoch 42 - iter 674/3375 - loss 0.00213544 - samples/sec: 42.99 - lr: 0.000010
2022-08-07 23:14:48,583 epoch 42 - iter 1011/3375 - loss 0.00225445 - samples/sec: 42.82 - lr: 0.000010
2022-08-07 23:15:59,987 epoch 42 - iter 1348/3375 - loss 0.00224735 - samples/sec: 37.78 - lr: 0.000010
2022-08-07 23:17:03,432 epoch 42 - iter 1685/3375 - loss 0.00226848 - samples/sec: 42.51 - lr: 0.000009
2022-08-07 23:18:06,358 epoch 42 - iter 2022/3375 - loss 0.00215627 - samples/sec: 42.88 - lr: 0.000009
2022-08-07 23:19:09,084 epoch 42 - iter 2359/3375 - loss 0.00224297 - samples/sec: 43.00 - lr: 0.000009
2022-08-07 23:20:13,519 epoch 42 - iter 2696/3375 - loss 0.00228022 - samples/sec: 41.86 - lr: 0.000009
2022-08-07 23:21:14,776 epoch 42 - iter 3033/3375 - loss 0.00221541 - samples/sec: 44.03 - lr: 0.000009
2022-08-07 23:22:15,207 epoch 42 - iter 3370/3375 - loss 0.00216282 - samples/sec: 44.63 - lr: 0.000009
2022-08-07 23:22:15,987 ----------------------------------------------------------------------------------------------------
2022-08-07 23:22:15,987 EPOCH 42 done: loss 0.0022 - lr 0.0000089
2022-08-07 23:22:15,987 BAD EPOCHS (no improvement): 4
2022-08-07 23:22:15,987 ----------------------------------------------------------------------------------------------------
2022-08-07 23:23:16,919 epoch 43 - iter 337/3375 - loss 0.00246824 - samples/sec: 44.27 - lr: 0.000009
2022-08-07 23:24:21,488 epoch 43 - iter 674/3375 - loss 0.00243867 - samples/sec: 41.77 - lr: 0.000009
2022-08-07 23:25:24,684 epoch 43 - iter 1011/3375 - loss 0.00221026 - samples/sec: 42.68 - lr: 0.000009
2022-08-07 23:26:26,747 epoch 43 - iter 1348/3375 - loss 0.00212517 - samples/sec: 43.46 - lr: 0.000008
2022-08-07 23:27:30,939 epoch 43 - iter 1685/3375 - loss 0.00195341 - samples/sec: 42.02 - lr: 0.000008
2022-08-07 23:28:33,915 epoch 43 - iter 2022/3375 - loss 0.00213699 - samples/sec: 42.83 - lr: 0.000008
2022-08-07 23:29:36,131 epoch 43 - iter 2359/3375 - loss 0.00220595 - samples/sec: 43.35 - lr: 0.000008
2022-08-07 23:30:37,846 epoch 43 - iter 2696/3375 - loss 0.00209253 - samples/sec: 43.71 - lr: 0.000008
2022-08-07 23:31:44,817 epoch 43 - iter 3033/3375 - loss 0.00209707 - samples/sec: 40.28 - lr: 0.000008
2022-08-07 23:32:49,094 epoch 43 - iter 3370/3375 - loss 0.00210056 - samples/sec: 41.96 - lr: 0.000008
2022-08-07 23:32:49,935 ----------------------------------------------------------------------------------------------------
2022-08-07 23:32:49,936 EPOCH 43 done: loss 0.0021 - lr 0.0000078
2022-08-07 23:32:49,936 BAD EPOCHS (no improvement): 4
2022-08-07 23:32:49,936 ----------------------------------------------------------------------------------------------------
2022-08-07 23:33:52,758 epoch 44 - iter 337/3375 - loss 0.00149596 - samples/sec: 42.94 - lr: 0.000008
2022-08-07 23:34:58,950 epoch 44 - iter 674/3375 - loss 0.00213871 - samples/sec: 40.75 - lr: 0.000008
2022-08-07 23:36:02,650 epoch 44 - iter 1011/3375 - loss 0.00194429 - samples/sec: 42.34 - lr: 0.000007
2022-08-07 23:37:07,419 epoch 44 - iter 1348/3375 - loss 0.00189917 - samples/sec: 41.64 - lr: 0.000007
2022-08-07 23:38:10,953 epoch 44 - iter 1685/3375 - loss 0.00192871 - samples/sec: 42.45 - lr: 0.000007
2022-08-07 23:39:16,649 epoch 44 - iter 2022/3375 - loss 0.00183335 - samples/sec: 41.06 - lr: 0.000007
2022-08-07 23:40:19,008 epoch 44 - iter 2359/3375 - loss 0.00172794 - samples/sec: 43.25 - lr: 0.000007
2022-08-07 23:41:21,445 epoch 44 - iter 2696/3375 - loss 0.00166794 - samples/sec: 43.20 - lr: 0.000007
2022-08-07 23:42:26,089 epoch 44 - iter 3033/3375 - loss 0.00167157 - samples/sec: 41.72 - lr: 0.000007
2022-08-07 23:43:29,032 epoch 44 - iter 3370/3375 - loss 0.00169593 - samples/sec: 42.85 - lr: 0.000007
2022-08-07 23:43:29,902 ----------------------------------------------------------------------------------------------------
2022-08-07 23:43:29,902 EPOCH 44 done: loss 0.0017 - lr 0.0000067
2022-08-07 23:43:29,902 BAD EPOCHS (no improvement): 4
2022-08-07 23:43:29,902 ----------------------------------------------------------------------------------------------------
2022-08-07 23:44:32,924 epoch 45 - iter 337/3375 - loss 0.00155123 - samples/sec: 42.80 - lr: 0.000007
2022-08-07 23:45:35,492 epoch 45 - iter 674/3375 - loss 0.00187834 - samples/sec: 43.11 - lr: 0.000006
2022-08-07 23:46:40,545 epoch 45 - iter 1011/3375 - loss 0.00203342 - samples/sec: 41.46 - lr: 0.000006
2022-08-07 23:47:41,911 epoch 45 - iter 1348/3375 - loss 0.00176003 - samples/sec: 43.95 - lr: 0.000006
2022-08-07 23:48:45,377 epoch 45 - iter 1685/3375 - loss 0.00168244 - samples/sec: 42.50 - lr: 0.000006
2022-08-07 23:49:48,745 epoch 45 - iter 2022/3375 - loss 0.00167519 - samples/sec: 42.56 - lr: 0.000006
2022-08-07 23:50:53,881 epoch 45 - iter 2359/3375 - loss 0.00175820 - samples/sec: 41.41 - lr: 0.000006
2022-08-07 23:51:58,251 epoch 45 - iter 2696/3375 - loss 0.00180394 - samples/sec: 41.90 - lr: 0.000006
2022-08-07 23:53:01,192 epoch 45 - iter 3033/3375 - loss 0.00181300 - samples/sec: 42.85 - lr: 0.000006
2022-08-07 23:54:06,769 epoch 45 - iter 3370/3375 - loss 0.00179353 - samples/sec: 41.13 - lr: 0.000006
2022-08-07 23:54:07,665 ----------------------------------------------------------------------------------------------------
2022-08-07 23:54:07,665 EPOCH 45 done: loss 0.0018 - lr 0.0000056
2022-08-07 23:54:07,665 BAD EPOCHS (no improvement): 4
2022-08-07 23:54:07,665 ----------------------------------------------------------------------------------------------------
2022-08-07 23:55:10,811 epoch 46 - iter 337/3375 - loss 0.00117543 - samples/sec: 42.72 - lr: 0.000005
2022-08-07 23:56:13,865 epoch 46 - iter 674/3375 - loss 0.00114336 - samples/sec: 42.78 - lr: 0.000005
2022-08-07 23:57:16,726 epoch 46 - iter 1011/3375 - loss 0.00130592 - samples/sec: 42.91 - lr: 0.000005
2022-08-07 23:58:22,361 epoch 46 - iter 1348/3375 - loss 0.00142085 - samples/sec: 41.09 - lr: 0.000005
2022-08-07 23:59:24,394 epoch 46 - iter 1685/3375 - loss 0.00139183 - samples/sec: 43.48 - lr: 0.000005
2022-08-08 00:00:26,292 epoch 46 - iter 2022/3375 - loss 0.00151744 - samples/sec: 43.58 - lr: 0.000005
2022-08-08 00:01:28,877 epoch 46 - iter 2359/3375 - loss 0.00156559 - samples/sec: 43.10 - lr: 0.000005
2022-08-08 00:02:32,699 epoch 46 - iter 2696/3375 - loss 0.00156055 - samples/sec: 42.26 - lr: 0.000005
2022-08-08 00:03:33,656 epoch 46 - iter 3033/3375 - loss 0.00157939 - samples/sec: 44.25 - lr: 0.000005
2022-08-08 00:04:36,003 epoch 46 - iter 3370/3375 - loss 0.00165712 - samples/sec: 43.26 - lr: 0.000004
2022-08-08 00:04:36,940 ----------------------------------------------------------------------------------------------------
2022-08-08 00:04:36,941 EPOCH 46 done: loss 0.0017 - lr 0.0000045
2022-08-08 00:04:36,941 BAD EPOCHS (no improvement): 4
2022-08-08 00:04:36,941 ----------------------------------------------------------------------------------------------------
2022-08-08 00:05:38,190 epoch 47 - iter 337/3375 - loss 0.00092360 - samples/sec: 44.04 - lr: 0.000004
2022-08-08 00:06:43,817 epoch 47 - iter 674/3375 - loss 0.00137532 - samples/sec: 41.10 - lr: 0.000004
2022-08-08 00:07:48,438 epoch 47 - iter 1011/3375 - loss 0.00137663 - samples/sec: 41.74 - lr: 0.000004
2022-08-08 00:08:52,276 epoch 47 - iter 1348/3375 - loss 0.00131780 - samples/sec: 42.25 - lr: 0.000004
2022-08-08 00:09:57,347 epoch 47 - iter 1685/3375 - loss 0.00147503 - samples/sec: 41.45 - lr: 0.000004
2022-08-08 00:11:00,211 epoch 47 - iter 2022/3375 - loss 0.00136954 - samples/sec: 42.91 - lr: 0.000004
2022-08-08 00:12:05,082 epoch 47 - iter 2359/3375 - loss 0.00131430 - samples/sec: 41.58 - lr: 0.000004
2022-08-08 00:13:08,611 epoch 47 - iter 2696/3375 - loss 0.00130537 - samples/sec: 42.46 - lr: 0.000004
2022-08-08 00:14:14,128 epoch 47 - iter 3033/3375 - loss 0.00129127 - samples/sec: 41.17 - lr: 0.000003
2022-08-08 00:15:18,799 epoch 47 - iter 3370/3375 - loss 0.00134683 - samples/sec: 41.71 - lr: 0.000003
2022-08-08 00:15:19,698 ----------------------------------------------------------------------------------------------------
2022-08-08 00:15:19,699 EPOCH 47 done: loss 0.0013 - lr 0.0000033
2022-08-08 00:15:19,699 BAD EPOCHS (no improvement): 4
2022-08-08 00:15:19,699 ----------------------------------------------------------------------------------------------------
2022-08-08 00:16:21,903 epoch 48 - iter 337/3375 - loss 0.00073013 - samples/sec: 43.36 - lr: 0.000003
2022-08-08 00:17:26,149 epoch 48 - iter 674/3375 - loss 0.00084562 - samples/sec: 41.99 - lr: 0.000003
2022-08-08 00:18:31,965 epoch 48 - iter 1011/3375 - loss 0.00095284 - samples/sec: 40.98 - lr: 0.000003
2022-08-08 00:19:35,569 epoch 48 - iter 1348/3375 - loss 0.00102529 - samples/sec: 42.41 - lr: 0.000003
2022-08-08 00:20:37,517 epoch 48 - iter 1685/3375 - loss 0.00101871 - samples/sec: 43.54 - lr: 0.000003
2022-08-08 00:21:41,950 epoch 48 - iter 2022/3375 - loss 0.00109594 - samples/sec: 41.86 - lr: 0.000003
2022-08-08 00:22:45,152 epoch 48 - iter 2359/3375 - loss 0.00109916 - samples/sec: 42.68 - lr: 0.000003
2022-08-08 00:23:46,582 epoch 48 - iter 2696/3375 - loss 0.00103018 - samples/sec: 43.91 - lr: 0.000002
2022-08-08 00:24:49,040 epoch 48 - iter 3033/3375 - loss 0.00111670 - samples/sec: 43.18 - lr: 0.000002
2022-08-08 00:25:55,036 epoch 48 - iter 3370/3375 - loss 0.00121507 - samples/sec: 40.87 - lr: 0.000002
2022-08-08 00:25:55,938 ----------------------------------------------------------------------------------------------------
2022-08-08 00:25:55,939 EPOCH 48 done: loss 0.0012 - lr 0.0000022
2022-08-08 00:25:55,939 BAD EPOCHS (no improvement): 4
2022-08-08 00:25:55,939 ----------------------------------------------------------------------------------------------------
2022-08-08 00:26:59,008 epoch 49 - iter 337/3375 - loss 0.00175060 - samples/sec: 42.77 - lr: 0.000002
2022-08-08 00:28:01,087 epoch 49 - iter 674/3375 - loss 0.00116404 - samples/sec: 43.45 - lr: 0.000002
2022-08-08 00:29:07,094 epoch 49 - iter 1011/3375 - loss 0.00126265 - samples/sec: 40.86 - lr: 0.000002
2022-08-08 00:30:08,653 epoch 49 - iter 1348/3375 - loss 0.00111383 - samples/sec: 43.82 - lr: 0.000002
2022-08-08 00:31:10,173 epoch 49 - iter 1685/3375 - loss 0.00102760 - samples/sec: 43.84 - lr: 0.000002
2022-08-08 00:32:12,195 epoch 49 - iter 2022/3375 - loss 0.00108169 - samples/sec: 43.49 - lr: 0.000002
2022-08-08 00:33:16,934 epoch 49 - iter 2359/3375 - loss 0.00109130 - samples/sec: 41.66 - lr: 0.000001
2022-08-08 00:34:21,295 epoch 49 - iter 2696/3375 - loss 0.00113743 - samples/sec: 41.91 - lr: 0.000001
2022-08-08 00:35:26,591 epoch 49 - iter 3033/3375 - loss 0.00116632 - samples/sec: 41.31 - lr: 0.000001
2022-08-08 00:36:29,528 epoch 49 - iter 3370/3375 - loss 0.00118393 - samples/sec: 42.86 - lr: 0.000001
2022-08-08 00:36:30,440 ----------------------------------------------------------------------------------------------------
2022-08-08 00:36:30,441 EPOCH 49 done: loss 0.0012 - lr 0.0000011
2022-08-08 00:36:30,441 BAD EPOCHS (no improvement): 4
2022-08-08 00:36:30,441 ----------------------------------------------------------------------------------------------------
2022-08-08 00:37:35,319 epoch 50 - iter 337/3375 - loss 0.00097830 - samples/sec: 41.57 - lr: 0.000001
2022-08-08 00:38:37,974 epoch 50 - iter 674/3375 - loss 0.00119178 - samples/sec: 43.05 - lr: 0.000001
2022-08-08 00:39:40,494 epoch 50 - iter 1011/3375 - loss 0.00120668 - samples/sec: 43.14 - lr: 0.000001
2022-08-08 00:40:45,873 epoch 50 - iter 1348/3375 - loss 0.00104901 - samples/sec: 41.25 - lr: 0.000001
2022-08-08 00:41:48,011 epoch 50 - iter 1685/3375 - loss 0.00096488 - samples/sec: 43.41 - lr: 0.000001
2022-08-08 00:42:50,981 epoch 50 - iter 2022/3375 - loss 0.00104900 - samples/sec: 42.83 - lr: 0.000000
2022-08-08 00:43:53,897 epoch 50 - iter 2359/3375 - loss 0.00105219 - samples/sec: 42.87 - lr: 0.000000
2022-08-08 00:44:59,734 epoch 50 - iter 2696/3375 - loss 0.00101333 - samples/sec: 40.97 - lr: 0.000000
2022-08-08 00:46:02,313 epoch 50 - iter 3033/3375 - loss 0.00104029 - samples/sec: 43.10 - lr: 0.000000
2022-08-08 00:47:05,529 epoch 50 - iter 3370/3375 - loss 0.00111017 - samples/sec: 42.67 - lr: 0.000000
2022-08-08 00:47:06,532 ----------------------------------------------------------------------------------------------------
2022-08-08 00:47:06,533 EPOCH 50 done: loss 0.0011 - lr 0.0000000
2022-08-08 00:47:06,533 BAD EPOCHS (no improvement): 4
2022-08-08 00:47:07,544 ----------------------------------------------------------------------------------------------------
2022-08-08 00:47:07,547 Testing using last state of model ...
2022-08-08 00:51:00,135 0.968	0.968	0.968	0.968
2022-08-08 00:51:00,135 
Results:
- F-score (micro) 0.968
- F-score (macro) 0.8809
- Accuracy 0.968

By class:
              precision    recall  f1-score   support

      N_SING     0.9738    0.9628    0.9683     30553
           P     0.9586    0.9949    0.9764      9951
        DELM     0.9964    0.9899    0.9931      8122
         ADJ     0.9181    0.9349    0.9264      7466
         CON     0.9930    0.9809    0.9869      6823
        N_PL     0.9778    0.9644    0.9710      5163
        V_PA     0.9780    0.9756    0.9768      2873
       V_PRS     0.9860    0.9923    0.9891      2841
         NUM     0.9929    0.9982    0.9955      2232
         PRO     0.9733    0.9517    0.9624      2258
         DET     0.9531    0.9660    0.9595      1853
      CLITIC     1.0000    1.0000    1.0000      1259
        V_PP     0.9724    0.9750    0.9737      1158
       V_SUB     0.9723    0.9534    0.9628      1031
         ADV     0.7810    0.8227    0.8013       880
    ADV_TIME     0.9214    0.9591    0.9399       489
       V_AUX     0.9844    0.9974    0.9908       379
     ADJ_SUP     0.9887    0.9704    0.9794       270
    ADJ_CMPR     0.9254    0.9637    0.9442       193
     ADJ_INO     0.7987    0.7083    0.7508       168
     ADV_NEG     0.9265    0.8456    0.8842       149
       ADV_I     0.8857    0.8857    0.8857       140
          FW     0.6724    0.6341    0.6527       123
    ADV_COMP     0.8022    0.9605    0.8743        76
     ADV_LOC     0.9861    0.9726    0.9793        73
       V_IMP     0.7121    0.8393    0.7705        56
        PREV     0.8529    0.9062    0.8788        32
         INT     0.6667    0.5000    0.5714        24
       N_VOC     0.0000    0.0000    0.0000         0

   micro avg     0.9680    0.9680    0.9680     86635
   macro avg     0.8810    0.8830    0.8809     86635
weighted avg     0.9683    0.9680    0.9681     86635
 samples avg     0.9680    0.9680    0.9680     86635

2022-08-08 00:51:00,136 ----------------------------------------------------------------------------------------------------
