2022-05-15 18:53:04,954 ----------------------------------------------------------------------------------------------------
2022-05-15 18:53:04,955 Model: "SequenceTagger(
  (embeddings): StackedEmbeddings(
    (list_embedding_0): WordEmbeddings('fa')
    (list_embedding_1): FlairEmbeddings(
      (lm): LanguageModel(
        (drop): Dropout(p=0.1, inplace=False)
        (encoder): Embedding(5105, 100)
        (rnn): LSTM(100, 2048)
        (decoder): Linear(in_features=2048, out_features=5105, bias=True)
      )
    )
    (list_embedding_2): FlairEmbeddings(
      (lm): LanguageModel(
        (drop): Dropout(p=0.1, inplace=False)
        (encoder): Embedding(5105, 100)
        (rnn): LSTM(100, 2048)
        (decoder): Linear(in_features=2048, out_features=5105, bias=True)
      )
    )
  )
  (word_dropout): WordDropout(p=0.05)
  (locked_dropout): LockedDropout(p=0.5)
  (embedding2nn): Linear(in_features=4396, out_features=4396, bias=True)
  (rnn): LSTM(4396, 512, batch_first=True, bidirectional=True)
  (linear): Linear(in_features=1024, out_features=17, bias=True)
  (beta): 1.0
  (weights): None
  (weight_tensor) None
)"
2022-05-15 18:53:04,955 ----------------------------------------------------------------------------------------------------
2022-05-15 18:53:04,955 Corpus: "Corpus: 23060 train + 4070 dev + 4150 test sentences"
2022-05-15 18:53:04,955 ----------------------------------------------------------------------------------------------------
2022-05-15 18:53:04,955 Parameters:
2022-05-15 18:53:04,955  - learning_rate: "0.1"
2022-05-15 18:53:04,955  - mini_batch_size: "4"
2022-05-15 18:53:04,955  - patience: "3"
2022-05-15 18:53:04,955  - anneal_factor: "0.5"
2022-05-15 18:53:04,955  - max_epochs: "50"
2022-05-15 18:53:04,955  - shuffle: "True"
2022-05-15 18:53:04,956  - train_with_dev: "False"
2022-05-15 18:53:04,956  - batch_growth_annealing: "False"
2022-05-15 18:53:04,956 ----------------------------------------------------------------------------------------------------
2022-05-15 18:53:04,956 Model training base path: "data/ner/model"
2022-05-15 18:53:04,956 ----------------------------------------------------------------------------------------------------
2022-05-15 18:53:04,956 Device: cuda:0
2022-05-15 18:53:04,956 ----------------------------------------------------------------------------------------------------
2022-05-15 18:53:04,956 Embeddings storage mode: none
2022-05-15 18:53:05,009 ----------------------------------------------------------------------------------------------------
2022-05-15 18:54:06,398 epoch 1 - iter 576/5765 - loss 0.34745185 - samples/sec: 37.56 - lr: 0.100000
2022-05-15 18:55:05,925 epoch 1 - iter 1152/5765 - loss 0.26638702 - samples/sec: 38.74 - lr: 0.100000
2022-05-15 18:56:09,074 epoch 1 - iter 1728/5765 - loss 0.22838446 - samples/sec: 36.51 - lr: 0.100000
2022-05-15 18:57:10,412 epoch 1 - iter 2304/5765 - loss 0.21222795 - samples/sec: 37.59 - lr: 0.100000
2022-05-15 18:58:14,841 epoch 1 - iter 2880/5765 - loss 0.19452044 - samples/sec: 35.79 - lr: 0.100000
2022-05-15 18:59:30,863 epoch 1 - iter 3456/5765 - loss 0.17906885 - samples/sec: 30.33 - lr: 0.100000
2022-05-15 19:00:40,537 epoch 1 - iter 4032/5765 - loss 0.16658320 - samples/sec: 33.10 - lr: 0.100000
2022-05-15 19:01:49,097 epoch 1 - iter 4608/5765 - loss 0.15755806 - samples/sec: 33.63 - lr: 0.100000
2022-05-15 19:02:56,062 epoch 1 - iter 5184/5765 - loss 0.15152928 - samples/sec: 34.44 - lr: 0.100000
2022-05-15 19:04:02,451 epoch 1 - iter 5760/5765 - loss 0.14552150 - samples/sec: 34.73 - lr: 0.100000
2022-05-15 19:04:03,222 ----------------------------------------------------------------------------------------------------
2022-05-15 19:04:03,223 EPOCH 1 done: loss 0.1455 - lr 0.1000000
2022-05-15 19:05:18,542 DEV : loss 0.07820404320955276 - f1-score (micro avg)  0.7461
2022-05-15 19:05:18,596 BAD EPOCHS (no improvement): 0
2022-05-15 19:05:20,046 saving best model
2022-05-15 19:05:21,161 ----------------------------------------------------------------------------------------------------
2022-05-15 19:06:31,420 epoch 2 - iter 576/5765 - loss 0.10024938 - samples/sec: 32.81 - lr: 0.100000
2022-05-15 19:07:42,990 epoch 2 - iter 1152/5765 - loss 0.09911787 - samples/sec: 32.22 - lr: 0.100000
2022-05-15 19:08:55,120 epoch 2 - iter 1728/5765 - loss 0.10134109 - samples/sec: 31.97 - lr: 0.100000
2022-05-15 19:10:05,515 epoch 2 - iter 2304/5765 - loss 0.10011196 - samples/sec: 32.75 - lr: 0.100000
2022-05-15 19:11:16,488 epoch 2 - iter 2880/5765 - loss 0.09954333 - samples/sec: 32.49 - lr: 0.100000
2022-05-15 19:12:28,852 epoch 2 - iter 3456/5765 - loss 0.09855723 - samples/sec: 31.86 - lr: 0.100000
2022-05-15 19:13:41,128 epoch 2 - iter 4032/5765 - loss 0.09714688 - samples/sec: 31.90 - lr: 0.100000
2022-05-15 19:14:54,325 epoch 2 - iter 4608/5765 - loss 0.09646094 - samples/sec: 31.50 - lr: 0.100000
2022-05-15 19:16:04,442 epoch 2 - iter 5184/5765 - loss 0.09519160 - samples/sec: 32.88 - lr: 0.100000
2022-05-15 19:17:15,446 epoch 2 - iter 5760/5765 - loss 0.09405498 - samples/sec: 32.47 - lr: 0.100000
2022-05-15 19:17:16,072 ----------------------------------------------------------------------------------------------------
2022-05-15 19:17:16,072 EPOCH 2 done: loss 0.0940 - lr 0.1000000
2022-05-15 19:18:31,669 DEV : loss 0.06903194636106491 - f1-score (micro avg)  0.7755
2022-05-15 19:18:31,725 BAD EPOCHS (no improvement): 0
2022-05-15 19:18:33,171 saving best model
2022-05-15 19:18:34,598 ----------------------------------------------------------------------------------------------------
2022-05-15 19:19:47,407 epoch 3 - iter 576/5765 - loss 0.08092898 - samples/sec: 31.66 - lr: 0.100000
2022-05-15 19:20:59,544 epoch 3 - iter 1152/5765 - loss 0.08427693 - samples/sec: 31.96 - lr: 0.100000
2022-05-15 19:22:09,436 epoch 3 - iter 1728/5765 - loss 0.08238123 - samples/sec: 32.99 - lr: 0.100000
2022-05-15 19:23:21,081 epoch 3 - iter 2304/5765 - loss 0.08291208 - samples/sec: 32.18 - lr: 0.100000
2022-05-15 19:24:33,331 epoch 3 - iter 2880/5765 - loss 0.08308334 - samples/sec: 31.91 - lr: 0.100000
2022-05-15 19:25:47,848 epoch 3 - iter 3456/5765 - loss 0.08253575 - samples/sec: 30.94 - lr: 0.100000
2022-05-15 19:26:59,177 epoch 3 - iter 4032/5765 - loss 0.08233486 - samples/sec: 32.33 - lr: 0.100000
2022-05-15 19:28:13,283 epoch 3 - iter 4608/5765 - loss 0.08282078 - samples/sec: 31.11 - lr: 0.100000
2022-05-15 19:29:22,721 epoch 3 - iter 5184/5765 - loss 0.08208262 - samples/sec: 33.20 - lr: 0.100000
2022-05-15 19:30:32,410 epoch 3 - iter 5760/5765 - loss 0.08183016 - samples/sec: 33.09 - lr: 0.100000
2022-05-15 19:30:33,174 ----------------------------------------------------------------------------------------------------
2022-05-15 19:30:33,174 EPOCH 3 done: loss 0.0818 - lr 0.1000000
2022-05-15 19:31:51,743 DEV : loss 0.06308179348707199 - f1-score (micro avg)  0.7836
2022-05-15 19:31:51,799 BAD EPOCHS (no improvement): 0
2022-05-15 19:31:53,234 saving best model
2022-05-15 19:31:54,624 ----------------------------------------------------------------------------------------------------
2022-05-15 19:33:05,607 epoch 4 - iter 576/5765 - loss 0.07239251 - samples/sec: 32.48 - lr: 0.100000
2022-05-15 19:34:17,661 epoch 4 - iter 1152/5765 - loss 0.07612432 - samples/sec: 32.00 - lr: 0.100000
2022-05-15 19:35:30,059 epoch 4 - iter 1728/5765 - loss 0.07602074 - samples/sec: 31.85 - lr: 0.100000
2022-05-15 19:36:42,843 epoch 4 - iter 2304/5765 - loss 0.07633212 - samples/sec: 31.68 - lr: 0.100000
2022-05-15 19:37:58,329 epoch 4 - iter 2880/5765 - loss 0.07648835 - samples/sec: 30.55 - lr: 0.100000
2022-05-15 19:39:09,927 epoch 4 - iter 3456/5765 - loss 0.07638534 - samples/sec: 32.20 - lr: 0.100000
2022-05-15 19:40:22,738 epoch 4 - iter 4032/5765 - loss 0.07601544 - samples/sec: 31.67 - lr: 0.100000
2022-05-15 19:41:32,364 epoch 4 - iter 4608/5765 - loss 0.07565797 - samples/sec: 33.12 - lr: 0.100000
2022-05-15 19:42:43,022 epoch 4 - iter 5184/5765 - loss 0.07611815 - samples/sec: 32.64 - lr: 0.100000
2022-05-15 19:43:54,229 epoch 4 - iter 5760/5765 - loss 0.07611071 - samples/sec: 32.38 - lr: 0.100000
2022-05-15 19:43:54,888 ----------------------------------------------------------------------------------------------------
2022-05-15 19:43:54,889 EPOCH 4 done: loss 0.0761 - lr 0.1000000
2022-05-15 19:45:13,883 DEV : loss 0.05620814114809036 - f1-score (micro avg)  0.8129
2022-05-15 19:45:13,935 BAD EPOCHS (no improvement): 0
2022-05-15 19:45:15,345 saving best model
2022-05-15 19:45:16,755 ----------------------------------------------------------------------------------------------------
2022-05-15 19:46:25,458 epoch 5 - iter 576/5765 - loss 0.06861956 - samples/sec: 33.56 - lr: 0.100000
2022-05-15 19:47:35,789 epoch 5 - iter 1152/5765 - loss 0.06930450 - samples/sec: 32.79 - lr: 0.100000
2022-05-15 19:48:45,900 epoch 5 - iter 1728/5765 - loss 0.06842149 - samples/sec: 32.89 - lr: 0.100000
2022-05-15 19:49:56,578 epoch 5 - iter 2304/5765 - loss 0.06894130 - samples/sec: 32.62 - lr: 0.100000
2022-05-15 19:51:09,079 epoch 5 - iter 2880/5765 - loss 0.06975268 - samples/sec: 31.80 - lr: 0.100000
2022-05-15 19:52:21,557 epoch 5 - iter 3456/5765 - loss 0.07065302 - samples/sec: 31.81 - lr: 0.100000
2022-05-15 19:53:36,170 epoch 5 - iter 4032/5765 - loss 0.07183271 - samples/sec: 30.90 - lr: 0.100000
2022-05-15 19:54:46,145 epoch 5 - iter 4608/5765 - loss 0.07200765 - samples/sec: 32.95 - lr: 0.100000
2022-05-15 19:55:59,964 epoch 5 - iter 5184/5765 - loss 0.07205308 - samples/sec: 31.24 - lr: 0.100000
2022-05-15 19:57:12,549 epoch 5 - iter 5760/5765 - loss 0.07191968 - samples/sec: 31.77 - lr: 0.100000
2022-05-15 19:57:13,267 ----------------------------------------------------------------------------------------------------
2022-05-15 19:57:13,267 EPOCH 5 done: loss 0.0719 - lr 0.1000000
2022-05-15 19:58:28,789 DEV : loss 0.05403035134077072 - f1-score (micro avg)  0.8151
2022-05-15 19:58:28,850 BAD EPOCHS (no improvement): 0
2022-05-15 19:58:30,312 saving best model
2022-05-15 19:58:31,747 ----------------------------------------------------------------------------------------------------
2022-05-15 19:59:46,301 epoch 6 - iter 576/5765 - loss 0.06382822 - samples/sec: 30.92 - lr: 0.100000
2022-05-15 20:00:59,349 epoch 6 - iter 1152/5765 - loss 0.06665391 - samples/sec: 31.57 - lr: 0.100000
2022-05-15 20:02:08,091 epoch 6 - iter 1728/5765 - loss 0.06749761 - samples/sec: 33.55 - lr: 0.100000
2022-05-15 20:03:24,029 epoch 6 - iter 2304/5765 - loss 0.06759100 - samples/sec: 30.36 - lr: 0.100000
2022-05-15 20:04:34,899 epoch 6 - iter 2880/5765 - loss 0.06793991 - samples/sec: 32.54 - lr: 0.100000
2022-05-15 20:05:47,193 epoch 6 - iter 3456/5765 - loss 0.06849783 - samples/sec: 31.89 - lr: 0.100000
2022-05-15 20:06:56,257 epoch 6 - iter 4032/5765 - loss 0.06868337 - samples/sec: 33.38 - lr: 0.100000
2022-05-15 20:08:08,589 epoch 6 - iter 4608/5765 - loss 0.06874374 - samples/sec: 31.88 - lr: 0.100000
2022-05-15 20:09:18,902 epoch 6 - iter 5184/5765 - loss 0.06850342 - samples/sec: 32.79 - lr: 0.100000
2022-05-15 20:10:28,800 epoch 6 - iter 5760/5765 - loss 0.06873808 - samples/sec: 32.99 - lr: 0.100000
2022-05-15 20:10:29,544 ----------------------------------------------------------------------------------------------------
2022-05-15 20:10:29,545 EPOCH 6 done: loss 0.0687 - lr 0.1000000
2022-05-15 20:11:48,243 DEV : loss 0.05858686938881874 - f1-score (micro avg)  0.821
2022-05-15 20:11:48,301 BAD EPOCHS (no improvement): 0
2022-05-15 20:11:49,725 saving best model
2022-05-15 20:11:51,118 ----------------------------------------------------------------------------------------------------
2022-05-15 20:13:04,298 epoch 7 - iter 576/5765 - loss 0.06931636 - samples/sec: 31.50 - lr: 0.100000
2022-05-15 20:14:15,576 epoch 7 - iter 1152/5765 - loss 0.06631542 - samples/sec: 32.35 - lr: 0.100000
2022-05-15 20:15:30,150 epoch 7 - iter 1728/5765 - loss 0.06708735 - samples/sec: 30.92 - lr: 0.100000
2022-05-15 20:16:41,917 epoch 7 - iter 2304/5765 - loss 0.06778912 - samples/sec: 32.13 - lr: 0.100000
2022-05-15 20:17:52,769 epoch 7 - iter 2880/5765 - loss 0.06792656 - samples/sec: 32.54 - lr: 0.100000
2022-05-15 20:19:03,765 epoch 7 - iter 3456/5765 - loss 0.06714657 - samples/sec: 32.48 - lr: 0.100000
2022-05-15 20:20:12,663 epoch 7 - iter 4032/5765 - loss 0.06711441 - samples/sec: 33.47 - lr: 0.100000
2022-05-15 20:21:23,838 epoch 7 - iter 4608/5765 - loss 0.06713710 - samples/sec: 32.39 - lr: 0.100000
2022-05-15 20:22:34,785 epoch 7 - iter 5184/5765 - loss 0.06712344 - samples/sec: 32.50 - lr: 0.100000
2022-05-15 20:23:46,673 epoch 7 - iter 5760/5765 - loss 0.06731895 - samples/sec: 32.07 - lr: 0.100000
2022-05-15 20:23:47,506 ----------------------------------------------------------------------------------------------------
2022-05-15 20:23:47,506 EPOCH 7 done: loss 0.0673 - lr 0.1000000
2022-05-15 20:25:06,552 DEV : loss 0.054762061685323715 - f1-score (micro avg)  0.817
2022-05-15 20:25:06,612 BAD EPOCHS (no improvement): 1
2022-05-15 20:25:08,060 ----------------------------------------------------------------------------------------------------
2022-05-15 20:26:18,150 epoch 8 - iter 576/5765 - loss 0.06412432 - samples/sec: 32.89 - lr: 0.100000
2022-05-15 20:27:29,233 epoch 8 - iter 1152/5765 - loss 0.06385757 - samples/sec: 32.44 - lr: 0.100000
2022-05-15 20:28:41,418 epoch 8 - iter 1728/5765 - loss 0.06525584 - samples/sec: 31.94 - lr: 0.100000
2022-05-15 20:29:53,403 epoch 8 - iter 2304/5765 - loss 0.06427586 - samples/sec: 32.03 - lr: 0.100000
2022-05-15 20:31:06,625 epoch 8 - iter 2880/5765 - loss 0.06493823 - samples/sec: 31.49 - lr: 0.100000
2022-05-15 20:32:18,009 epoch 8 - iter 3456/5765 - loss 0.06472669 - samples/sec: 32.30 - lr: 0.100000
2022-05-15 20:33:29,234 epoch 8 - iter 4032/5765 - loss 0.06417613 - samples/sec: 32.37 - lr: 0.100000
2022-05-15 20:34:39,736 epoch 8 - iter 4608/5765 - loss 0.06459002 - samples/sec: 32.70 - lr: 0.100000
2022-05-15 20:35:50,050 epoch 8 - iter 5184/5765 - loss 0.06454633 - samples/sec: 32.79 - lr: 0.100000
2022-05-15 20:37:00,769 epoch 8 - iter 5760/5765 - loss 0.06495086 - samples/sec: 32.60 - lr: 0.100000
2022-05-15 20:37:01,672 ----------------------------------------------------------------------------------------------------
2022-05-15 20:37:01,673 EPOCH 8 done: loss 0.0649 - lr 0.1000000
2022-05-15 20:38:17,102 DEV : loss 0.05235797166824341 - f1-score (micro avg)  0.8174
2022-05-15 20:38:17,160 BAD EPOCHS (no improvement): 2
2022-05-15 20:38:18,702 ----------------------------------------------------------------------------------------------------
2022-05-15 20:39:27,148 epoch 9 - iter 576/5765 - loss 0.06179322 - samples/sec: 33.68 - lr: 0.100000
2022-05-15 20:40:40,857 epoch 9 - iter 1152/5765 - loss 0.06261718 - samples/sec: 31.28 - lr: 0.100000
2022-05-15 20:41:54,399 epoch 9 - iter 1728/5765 - loss 0.06367705 - samples/sec: 31.35 - lr: 0.100000
2022-05-15 20:43:04,846 epoch 9 - iter 2304/5765 - loss 0.06245701 - samples/sec: 32.73 - lr: 0.100000
2022-05-15 20:44:17,392 epoch 9 - iter 2880/5765 - loss 0.06357809 - samples/sec: 31.78 - lr: 0.100000
2022-05-15 20:45:29,863 epoch 9 - iter 3456/5765 - loss 0.06436091 - samples/sec: 31.82 - lr: 0.100000
2022-05-15 20:46:41,097 epoch 9 - iter 4032/5765 - loss 0.06484316 - samples/sec: 32.37 - lr: 0.100000
2022-05-15 20:47:53,405 epoch 9 - iter 4608/5765 - loss 0.06373186 - samples/sec: 31.89 - lr: 0.100000
2022-05-15 20:49:06,769 epoch 9 - iter 5184/5765 - loss 0.06370614 - samples/sec: 31.43 - lr: 0.100000
2022-05-15 20:50:19,862 epoch 9 - iter 5760/5765 - loss 0.06437231 - samples/sec: 31.55 - lr: 0.100000
2022-05-15 20:50:20,485 ----------------------------------------------------------------------------------------------------
2022-05-15 20:50:20,485 EPOCH 9 done: loss 0.0643 - lr 0.1000000
2022-05-15 20:51:40,034 DEV : loss 0.052859384566545486 - f1-score (micro avg)  0.8277
2022-05-15 20:51:40,096 BAD EPOCHS (no improvement): 0
2022-05-15 20:51:41,562 saving best model
2022-05-15 20:51:42,964 ----------------------------------------------------------------------------------------------------
2022-05-15 20:52:58,385 epoch 10 - iter 576/5765 - loss 0.06481287 - samples/sec: 30.57 - lr: 0.100000
2022-05-15 20:54:06,662 epoch 10 - iter 1152/5765 - loss 0.06361236 - samples/sec: 33.77 - lr: 0.100000
2022-05-15 20:55:17,750 epoch 10 - iter 1728/5765 - loss 0.06226641 - samples/sec: 32.43 - lr: 0.100000
2022-05-15 20:56:29,435 epoch 10 - iter 2304/5765 - loss 0.06237419 - samples/sec: 32.16 - lr: 0.100000
2022-05-15 20:57:40,188 epoch 10 - iter 2880/5765 - loss 0.06248500 - samples/sec: 32.59 - lr: 0.100000
2022-05-15 20:58:54,489 epoch 10 - iter 3456/5765 - loss 0.06195637 - samples/sec: 31.03 - lr: 0.100000
2022-05-15 21:00:05,758 epoch 10 - iter 4032/5765 - loss 0.06232683 - samples/sec: 32.35 - lr: 0.100000
2022-05-15 21:01:18,127 epoch 10 - iter 4608/5765 - loss 0.06185571 - samples/sec: 31.86 - lr: 0.100000
2022-05-15 21:02:28,676 epoch 10 - iter 5184/5765 - loss 0.06278987 - samples/sec: 32.68 - lr: 0.100000
2022-05-15 21:03:38,665 epoch 10 - iter 5760/5765 - loss 0.06240798 - samples/sec: 32.94 - lr: 0.100000
2022-05-15 21:03:39,270 ----------------------------------------------------------------------------------------------------
2022-05-15 21:03:39,270 EPOCH 10 done: loss 0.0624 - lr 0.1000000
2022-05-15 21:04:58,023 DEV : loss 0.053162768483161926 - f1-score (micro avg)  0.8217
2022-05-15 21:04:58,081 BAD EPOCHS (no improvement): 1
2022-05-15 21:04:59,506 ----------------------------------------------------------------------------------------------------
2022-05-15 21:06:11,339 epoch 11 - iter 576/5765 - loss 0.05803691 - samples/sec: 32.09 - lr: 0.100000
2022-05-15 21:07:20,512 epoch 11 - iter 1152/5765 - loss 0.05916769 - samples/sec: 33.33 - lr: 0.100000
2022-05-15 21:08:30,561 epoch 11 - iter 1728/5765 - loss 0.06015156 - samples/sec: 32.91 - lr: 0.100000
2022-05-15 21:09:38,290 epoch 11 - iter 2304/5765 - loss 0.06031430 - samples/sec: 34.04 - lr: 0.100000
2022-05-15 21:10:49,418 epoch 11 - iter 2880/5765 - loss 0.06075450 - samples/sec: 32.42 - lr: 0.100000
2022-05-15 21:12:01,068 epoch 11 - iter 3456/5765 - loss 0.06152623 - samples/sec: 32.18 - lr: 0.100000
2022-05-15 21:13:11,694 epoch 11 - iter 4032/5765 - loss 0.06123516 - samples/sec: 32.65 - lr: 0.100000
2022-05-15 21:14:22,342 epoch 11 - iter 4608/5765 - loss 0.06139675 - samples/sec: 32.64 - lr: 0.100000
2022-05-15 21:15:39,376 epoch 11 - iter 5184/5765 - loss 0.06136520 - samples/sec: 29.94 - lr: 0.100000
2022-05-15 21:16:50,634 epoch 11 - iter 5760/5765 - loss 0.06155454 - samples/sec: 32.36 - lr: 0.100000
2022-05-15 21:16:51,268 ----------------------------------------------------------------------------------------------------
2022-05-15 21:16:51,269 EPOCH 11 done: loss 0.0615 - lr 0.1000000
2022-05-15 21:18:06,838 DEV : loss 0.051347922533750534 - f1-score (micro avg)  0.8238
2022-05-15 21:18:06,898 BAD EPOCHS (no improvement): 2
2022-05-15 21:18:08,335 ----------------------------------------------------------------------------------------------------
2022-05-15 21:19:17,121 epoch 12 - iter 576/5765 - loss 0.06062884 - samples/sec: 33.51 - lr: 0.100000
2022-05-15 21:20:28,846 epoch 12 - iter 1152/5765 - loss 0.05903126 - samples/sec: 32.15 - lr: 0.100000
2022-05-15 21:21:42,695 epoch 12 - iter 1728/5765 - loss 0.05812499 - samples/sec: 31.22 - lr: 0.100000
2022-05-15 21:22:52,572 epoch 12 - iter 2304/5765 - loss 0.05872329 - samples/sec: 33.00 - lr: 0.100000
2022-05-15 21:24:06,721 epoch 12 - iter 2880/5765 - loss 0.05963649 - samples/sec: 31.10 - lr: 0.100000
2022-05-15 21:25:18,151 epoch 12 - iter 3456/5765 - loss 0.05997907 - samples/sec: 32.28 - lr: 0.100000
2022-05-15 21:26:28,945 epoch 12 - iter 4032/5765 - loss 0.06007867 - samples/sec: 32.57 - lr: 0.100000
2022-05-15 21:27:40,075 epoch 12 - iter 4608/5765 - loss 0.05960452 - samples/sec: 32.42 - lr: 0.100000
2022-05-15 21:28:49,333 epoch 12 - iter 5184/5765 - loss 0.05978459 - samples/sec: 33.29 - lr: 0.100000
2022-05-15 21:30:01,673 epoch 12 - iter 5760/5765 - loss 0.06030768 - samples/sec: 31.87 - lr: 0.100000
2022-05-15 21:30:02,351 ----------------------------------------------------------------------------------------------------
2022-05-15 21:30:02,351 EPOCH 12 done: loss 0.0603 - lr 0.1000000
2022-05-15 21:31:18,180 DEV : loss 0.0560610257089138 - f1-score (micro avg)  0.829
2022-05-15 21:31:18,241 BAD EPOCHS (no improvement): 0
2022-05-15 21:31:19,680 saving best model
2022-05-15 21:31:21,070 ----------------------------------------------------------------------------------------------------
2022-05-15 21:32:34,288 epoch 13 - iter 576/5765 - loss 0.05726584 - samples/sec: 31.49 - lr: 0.100000
2022-05-15 21:33:45,168 epoch 13 - iter 1152/5765 - loss 0.05829219 - samples/sec: 32.53 - lr: 0.100000
2022-05-15 21:34:57,564 epoch 13 - iter 1728/5765 - loss 0.05877120 - samples/sec: 31.85 - lr: 0.100000
2022-05-15 21:36:06,969 epoch 13 - iter 2304/5765 - loss 0.05865159 - samples/sec: 33.22 - lr: 0.100000
2022-05-15 21:37:18,296 epoch 13 - iter 2880/5765 - loss 0.05877264 - samples/sec: 32.32 - lr: 0.100000
2022-05-15 21:38:29,779 epoch 13 - iter 3456/5765 - loss 0.05932770 - samples/sec: 32.26 - lr: 0.100000
2022-05-15 21:39:39,496 epoch 13 - iter 4032/5765 - loss 0.05926152 - samples/sec: 33.08 - lr: 0.100000
2022-05-15 21:40:51,348 epoch 13 - iter 4608/5765 - loss 0.05956297 - samples/sec: 32.09 - lr: 0.100000
2022-05-15 21:42:01,185 epoch 13 - iter 5184/5765 - loss 0.06003086 - samples/sec: 33.02 - lr: 0.100000
2022-05-15 21:43:13,701 epoch 13 - iter 5760/5765 - loss 0.05982920 - samples/sec: 31.80 - lr: 0.100000
2022-05-15 21:43:14,420 ----------------------------------------------------------------------------------------------------
2022-05-15 21:43:14,420 EPOCH 13 done: loss 0.0598 - lr 0.1000000
2022-05-15 21:44:33,455 DEV : loss 0.05418400093913078 - f1-score (micro avg)  0.8241
2022-05-15 21:44:33,514 BAD EPOCHS (no improvement): 1
2022-05-15 21:44:34,960 ----------------------------------------------------------------------------------------------------
2022-05-15 21:45:46,045 epoch 14 - iter 576/5765 - loss 0.06383531 - samples/sec: 32.43 - lr: 0.100000
2022-05-15 21:46:55,156 epoch 14 - iter 1152/5765 - loss 0.06115681 - samples/sec: 33.36 - lr: 0.100000
2022-05-15 21:48:08,333 epoch 14 - iter 1728/5765 - loss 0.06094979 - samples/sec: 31.51 - lr: 0.100000
2022-05-15 21:49:21,707 epoch 14 - iter 2304/5765 - loss 0.05958044 - samples/sec: 31.42 - lr: 0.100000
2022-05-15 21:50:34,837 epoch 14 - iter 2880/5765 - loss 0.05902541 - samples/sec: 31.53 - lr: 0.100000
2022-05-15 21:51:45,432 epoch 14 - iter 3456/5765 - loss 0.05883783 - samples/sec: 32.66 - lr: 0.100000
2022-05-15 21:52:58,015 epoch 14 - iter 4032/5765 - loss 0.05873041 - samples/sec: 31.77 - lr: 0.100000
2022-05-15 21:54:07,739 epoch 14 - iter 4608/5765 - loss 0.05847551 - samples/sec: 33.07 - lr: 0.100000
2022-05-15 21:55:20,283 epoch 14 - iter 5184/5765 - loss 0.05918863 - samples/sec: 31.79 - lr: 0.100000
2022-05-15 21:56:31,884 epoch 14 - iter 5760/5765 - loss 0.05940433 - samples/sec: 32.20 - lr: 0.100000
2022-05-15 21:56:32,550 ----------------------------------------------------------------------------------------------------
2022-05-15 21:56:32,550 EPOCH 14 done: loss 0.0594 - lr 0.1000000
2022-05-15 21:57:51,515 DEV : loss 0.04996027052402496 - f1-score (micro avg)  0.8229
2022-05-15 21:57:51,577 BAD EPOCHS (no improvement): 2
2022-05-15 21:57:52,999 ----------------------------------------------------------------------------------------------------
2022-05-15 21:59:04,140 epoch 15 - iter 576/5765 - loss 0.05656934 - samples/sec: 32.40 - lr: 0.100000
2022-05-15 22:00:17,992 epoch 15 - iter 1152/5765 - loss 0.05667860 - samples/sec: 31.22 - lr: 0.100000
2022-05-15 22:01:30,529 epoch 15 - iter 1728/5765 - loss 0.05882618 - samples/sec: 31.79 - lr: 0.100000
2022-05-15 22:02:41,130 epoch 15 - iter 2304/5765 - loss 0.05820585 - samples/sec: 32.66 - lr: 0.100000
2022-05-15 22:03:53,140 epoch 15 - iter 2880/5765 - loss 0.05813393 - samples/sec: 32.02 - lr: 0.100000
2022-05-15 22:05:04,912 epoch 15 - iter 3456/5765 - loss 0.05804953 - samples/sec: 32.13 - lr: 0.100000
2022-05-15 22:06:18,564 epoch 15 - iter 4032/5765 - loss 0.05835103 - samples/sec: 31.31 - lr: 0.100000
2022-05-15 22:07:31,036 epoch 15 - iter 4608/5765 - loss 0.05882120 - samples/sec: 31.82 - lr: 0.100000
2022-05-15 22:08:42,586 epoch 15 - iter 5184/5765 - loss 0.05894809 - samples/sec: 32.23 - lr: 0.100000
2022-05-15 22:09:52,817 epoch 15 - iter 5760/5765 - loss 0.05898043 - samples/sec: 32.83 - lr: 0.100000
2022-05-15 22:09:53,392 ----------------------------------------------------------------------------------------------------
2022-05-15 22:09:53,392 EPOCH 15 done: loss 0.0590 - lr 0.1000000
2022-05-15 22:11:09,034 DEV : loss 0.05480207875370979 - f1-score (micro avg)  0.8259
2022-05-15 22:11:09,094 BAD EPOCHS (no improvement): 3
2022-05-15 22:11:10,548 ----------------------------------------------------------------------------------------------------
2022-05-15 22:12:20,607 epoch 16 - iter 576/5765 - loss 0.05668052 - samples/sec: 32.91 - lr: 0.100000
2022-05-15 22:13:33,626 epoch 16 - iter 1152/5765 - loss 0.05509324 - samples/sec: 31.58 - lr: 0.100000
2022-05-15 22:14:46,754 epoch 16 - iter 1728/5765 - loss 0.05545423 - samples/sec: 31.53 - lr: 0.100000
2022-05-15 22:15:55,955 epoch 16 - iter 2304/5765 - loss 0.05718012 - samples/sec: 33.32 - lr: 0.100000
2022-05-15 22:17:08,924 epoch 16 - iter 2880/5765 - loss 0.05761684 - samples/sec: 31.60 - lr: 0.100000
2022-05-15 22:18:20,092 epoch 16 - iter 3456/5765 - loss 0.05715404 - samples/sec: 32.40 - lr: 0.100000
2022-05-15 22:19:31,311 epoch 16 - iter 4032/5765 - loss 0.05789330 - samples/sec: 32.37 - lr: 0.100000
2022-05-15 22:20:43,039 epoch 16 - iter 4608/5765 - loss 0.05837159 - samples/sec: 32.15 - lr: 0.100000
2022-05-15 22:21:58,049 epoch 16 - iter 5184/5765 - loss 0.05866790 - samples/sec: 30.74 - lr: 0.100000
2022-05-15 22:23:11,822 epoch 16 - iter 5760/5765 - loss 0.05882647 - samples/sec: 31.26 - lr: 0.100000
2022-05-15 22:23:12,242 ----------------------------------------------------------------------------------------------------
2022-05-15 22:23:12,242 EPOCH 16 done: loss 0.0588 - lr 0.1000000
2022-05-15 22:24:31,385 DEV : loss 0.05595020949840546 - f1-score (micro avg)  0.8263
2022-05-15 22:24:31,448 BAD EPOCHS (no improvement): 4
2022-05-15 22:24:32,888 ----------------------------------------------------------------------------------------------------
2022-05-15 22:25:45,259 epoch 17 - iter 576/5765 - loss 0.05481349 - samples/sec: 31.86 - lr: 0.050000
2022-05-15 22:26:57,142 epoch 17 - iter 1152/5765 - loss 0.05401674 - samples/sec: 32.08 - lr: 0.050000
2022-05-15 22:28:06,265 epoch 17 - iter 1728/5765 - loss 0.05406187 - samples/sec: 33.36 - lr: 0.050000
2022-05-15 22:29:17,896 epoch 17 - iter 2304/5765 - loss 0.05326324 - samples/sec: 32.19 - lr: 0.050000
2022-05-15 22:30:28,965 epoch 17 - iter 2880/5765 - loss 0.05262898 - samples/sec: 32.45 - lr: 0.050000
2022-05-15 22:31:41,559 epoch 17 - iter 3456/5765 - loss 0.05238528 - samples/sec: 31.76 - lr: 0.050000
2022-05-15 22:32:51,737 epoch 17 - iter 4032/5765 - loss 0.05166722 - samples/sec: 32.86 - lr: 0.050000
2022-05-15 22:34:04,476 epoch 17 - iter 4608/5765 - loss 0.05147010 - samples/sec: 31.70 - lr: 0.050000
2022-05-15 22:35:17,050 epoch 17 - iter 5184/5765 - loss 0.05138435 - samples/sec: 31.77 - lr: 0.050000
2022-05-15 22:36:27,992 epoch 17 - iter 5760/5765 - loss 0.05124653 - samples/sec: 32.50 - lr: 0.050000
2022-05-15 22:36:28,560 ----------------------------------------------------------------------------------------------------
2022-05-15 22:36:28,561 EPOCH 17 done: loss 0.0512 - lr 0.0500000
2022-05-15 22:37:47,543 DEV : loss 0.052576057612895966 - f1-score (micro avg)  0.835
2022-05-15 22:37:47,610 BAD EPOCHS (no improvement): 0
2022-05-15 22:37:49,082 saving best model
2022-05-15 22:37:50,514 ----------------------------------------------------------------------------------------------------
2022-05-15 22:39:01,908 epoch 18 - iter 576/5765 - loss 0.04731489 - samples/sec: 32.29 - lr: 0.050000
2022-05-15 22:40:13,058 epoch 18 - iter 1152/5765 - loss 0.04757231 - samples/sec: 32.41 - lr: 0.050000
2022-05-15 22:41:25,633 epoch 18 - iter 1728/5765 - loss 0.04790564 - samples/sec: 31.77 - lr: 0.050000
2022-05-15 22:42:39,479 epoch 18 - iter 2304/5765 - loss 0.04746375 - samples/sec: 31.23 - lr: 0.050000
2022-05-15 22:43:53,230 epoch 18 - iter 2880/5765 - loss 0.04826310 - samples/sec: 31.26 - lr: 0.050000
2022-05-15 22:45:04,721 epoch 18 - iter 3456/5765 - loss 0.04811033 - samples/sec: 32.26 - lr: 0.050000
2022-05-15 22:46:15,103 epoch 18 - iter 4032/5765 - loss 0.04871185 - samples/sec: 32.76 - lr: 0.050000
2022-05-15 22:47:24,038 epoch 18 - iter 4608/5765 - loss 0.04879155 - samples/sec: 33.45 - lr: 0.050000
2022-05-15 22:48:38,486 epoch 18 - iter 5184/5765 - loss 0.04865178 - samples/sec: 30.98 - lr: 0.050000
2022-05-15 22:49:50,169 epoch 18 - iter 5760/5765 - loss 0.04851386 - samples/sec: 32.17 - lr: 0.050000
2022-05-15 22:49:50,799 ----------------------------------------------------------------------------------------------------
2022-05-15 22:49:50,799 EPOCH 18 done: loss 0.0485 - lr 0.0500000
2022-05-15 22:51:06,708 DEV : loss 0.05427691340446472 - f1-score (micro avg)  0.8372
2022-05-15 22:51:06,772 BAD EPOCHS (no improvement): 0
2022-05-15 22:51:08,222 saving best model
2022-05-15 22:51:09,662 ----------------------------------------------------------------------------------------------------
2022-05-15 22:52:21,558 epoch 19 - iter 576/5765 - loss 0.04603260 - samples/sec: 32.07 - lr: 0.050000
2022-05-15 22:53:32,437 epoch 19 - iter 1152/5765 - loss 0.04560358 - samples/sec: 32.53 - lr: 0.050000
2022-05-15 22:54:44,890 epoch 19 - iter 1728/5765 - loss 0.04549103 - samples/sec: 31.83 - lr: 0.050000
2022-05-15 22:55:57,830 epoch 19 - iter 2304/5765 - loss 0.04577233 - samples/sec: 31.61 - lr: 0.050000
2022-05-15 22:57:10,881 epoch 19 - iter 2880/5765 - loss 0.04622854 - samples/sec: 31.56 - lr: 0.050000
2022-05-15 22:58:24,010 epoch 19 - iter 3456/5765 - loss 0.04664679 - samples/sec: 31.53 - lr: 0.050000
2022-05-15 22:59:35,898 epoch 19 - iter 4032/5765 - loss 0.04695017 - samples/sec: 32.07 - lr: 0.050000
2022-05-15 23:00:47,331 epoch 19 - iter 4608/5765 - loss 0.04700016 - samples/sec: 32.28 - lr: 0.050000
2022-05-15 23:02:03,928 epoch 19 - iter 5184/5765 - loss 0.04727011 - samples/sec: 30.10 - lr: 0.050000
2022-05-15 23:03:16,117 epoch 19 - iter 5760/5765 - loss 0.04722639 - samples/sec: 31.94 - lr: 0.050000
2022-05-15 23:03:16,678 ----------------------------------------------------------------------------------------------------
2022-05-15 23:03:16,678 EPOCH 19 done: loss 0.0472 - lr 0.0500000
2022-05-15 23:04:32,658 DEV : loss 0.05236455053091049 - f1-score (micro avg)  0.8356
2022-05-15 23:04:32,723 BAD EPOCHS (no improvement): 1
2022-05-15 23:04:34,211 ----------------------------------------------------------------------------------------------------
2022-05-15 23:05:47,266 epoch 20 - iter 576/5765 - loss 0.04691344 - samples/sec: 31.55 - lr: 0.050000
2022-05-15 23:06:57,086 epoch 20 - iter 1152/5765 - loss 0.04571958 - samples/sec: 33.02 - lr: 0.050000
2022-05-15 23:08:06,533 epoch 20 - iter 1728/5765 - loss 0.04572769 - samples/sec: 33.20 - lr: 0.050000
2022-05-15 23:09:18,779 epoch 20 - iter 2304/5765 - loss 0.04595817 - samples/sec: 31.92 - lr: 0.050000
2022-05-15 23:10:32,393 epoch 20 - iter 2880/5765 - loss 0.04610146 - samples/sec: 31.32 - lr: 0.050000
2022-05-15 23:11:44,745 epoch 20 - iter 3456/5765 - loss 0.04608035 - samples/sec: 31.87 - lr: 0.050000
2022-05-15 23:12:53,751 epoch 20 - iter 4032/5765 - loss 0.04548630 - samples/sec: 33.42 - lr: 0.050000
2022-05-15 23:14:05,656 epoch 20 - iter 4608/5765 - loss 0.04548600 - samples/sec: 32.07 - lr: 0.050000
2022-05-15 23:15:17,757 epoch 20 - iter 5184/5765 - loss 0.04573316 - samples/sec: 31.98 - lr: 0.050000
2022-05-15 23:16:31,399 epoch 20 - iter 5760/5765 - loss 0.04548563 - samples/sec: 31.31 - lr: 0.050000
2022-05-15 23:16:31,997 ----------------------------------------------------------------------------------------------------
2022-05-15 23:16:31,997 EPOCH 20 done: loss 0.0455 - lr 0.0500000
2022-05-15 23:17:51,286 DEV : loss 0.053045615553855896 - f1-score (micro avg)  0.8418
2022-05-15 23:17:51,353 BAD EPOCHS (no improvement): 0
2022-05-15 23:17:52,793 saving best model
2022-05-15 23:17:54,281 ----------------------------------------------------------------------------------------------------
2022-05-15 23:19:07,379 epoch 21 - iter 576/5765 - loss 0.04266911 - samples/sec: 31.54 - lr: 0.050000
2022-05-15 23:20:17,890 epoch 21 - iter 1152/5765 - loss 0.04227725 - samples/sec: 32.70 - lr: 0.050000
2022-05-15 23:21:29,848 epoch 21 - iter 1728/5765 - loss 0.04323284 - samples/sec: 32.05 - lr: 0.050000
2022-05-15 23:22:41,729 epoch 21 - iter 2304/5765 - loss 0.04412356 - samples/sec: 32.08 - lr: 0.050000
2022-05-15 23:23:51,790 epoch 21 - iter 2880/5765 - loss 0.04393461 - samples/sec: 32.91 - lr: 0.050000
2022-05-15 23:25:02,382 epoch 21 - iter 3456/5765 - loss 0.04377896 - samples/sec: 32.66 - lr: 0.050000
2022-05-15 23:26:15,738 epoch 21 - iter 4032/5765 - loss 0.04428507 - samples/sec: 31.44 - lr: 0.050000
2022-05-15 23:27:27,902 epoch 21 - iter 4608/5765 - loss 0.04451953 - samples/sec: 31.96 - lr: 0.050000
2022-05-15 23:28:39,154 epoch 21 - iter 5184/5765 - loss 0.04483275 - samples/sec: 32.36 - lr: 0.050000
2022-05-15 23:29:51,463 epoch 21 - iter 5760/5765 - loss 0.04489720 - samples/sec: 31.89 - lr: 0.050000
2022-05-15 23:29:52,074 ----------------------------------------------------------------------------------------------------
2022-05-15 23:29:52,075 EPOCH 21 done: loss 0.0449 - lr 0.0500000
2022-05-15 23:31:11,617 DEV : loss 0.053736355155706406 - f1-score (micro avg)  0.8413
2022-05-15 23:31:11,682 BAD EPOCHS (no improvement): 1
2022-05-15 23:31:13,171 ----------------------------------------------------------------------------------------------------
2022-05-15 23:32:23,302 epoch 22 - iter 576/5765 - loss 0.04408800 - samples/sec: 32.87 - lr: 0.050000
2022-05-15 23:33:34,743 epoch 22 - iter 1152/5765 - loss 0.04564656 - samples/sec: 32.27 - lr: 0.050000
2022-05-15 23:34:47,289 epoch 22 - iter 1728/5765 - loss 0.04483246 - samples/sec: 31.78 - lr: 0.050000
2022-05-15 23:35:58,813 epoch 22 - iter 2304/5765 - loss 0.04401912 - samples/sec: 32.24 - lr: 0.050000
2022-05-15 23:37:10,253 epoch 22 - iter 2880/5765 - loss 0.04369821 - samples/sec: 32.28 - lr: 0.050000
2022-05-15 23:38:23,153 epoch 22 - iter 3456/5765 - loss 0.04435085 - samples/sec: 31.63 - lr: 0.050000
2022-05-15 23:39:36,437 epoch 22 - iter 4032/5765 - loss 0.04514625 - samples/sec: 31.46 - lr: 0.050000
2022-05-15 23:40:51,616 epoch 22 - iter 4608/5765 - loss 0.04492694 - samples/sec: 30.67 - lr: 0.050000
2022-05-15 23:42:04,126 epoch 22 - iter 5184/5765 - loss 0.04461401 - samples/sec: 31.80 - lr: 0.050000
2022-05-15 23:43:14,374 epoch 22 - iter 5760/5765 - loss 0.04517158 - samples/sec: 32.82 - lr: 0.050000
2022-05-15 23:43:15,015 ----------------------------------------------------------------------------------------------------
2022-05-15 23:43:15,016 EPOCH 22 done: loss 0.0452 - lr 0.0500000
2022-05-15 23:44:30,940 DEV : loss 0.05360126122832298 - f1-score (micro avg)  0.8393
2022-05-15 23:44:31,004 BAD EPOCHS (no improvement): 2
2022-05-15 23:44:32,445 ----------------------------------------------------------------------------------------------------
2022-05-15 23:45:40,507 epoch 23 - iter 576/5765 - loss 0.04177982 - samples/sec: 33.87 - lr: 0.050000
2022-05-15 23:46:50,670 epoch 23 - iter 1152/5765 - loss 0.04220194 - samples/sec: 32.86 - lr: 0.050000
2022-05-15 23:48:03,364 epoch 23 - iter 1728/5765 - loss 0.04377322 - samples/sec: 31.72 - lr: 0.050000
2022-05-15 23:49:12,510 epoch 23 - iter 2304/5765 - loss 0.04335506 - samples/sec: 33.35 - lr: 0.050000
2022-05-15 23:50:26,607 epoch 23 - iter 2880/5765 - loss 0.04398810 - samples/sec: 31.12 - lr: 0.050000
2022-05-15 23:51:37,962 epoch 23 - iter 3456/5765 - loss 0.04399194 - samples/sec: 32.31 - lr: 0.050000
2022-05-15 23:52:47,214 epoch 23 - iter 4032/5765 - loss 0.04348842 - samples/sec: 33.30 - lr: 0.050000
2022-05-15 23:53:59,086 epoch 23 - iter 4608/5765 - loss 0.04335471 - samples/sec: 32.08 - lr: 0.050000
2022-05-15 23:55:11,971 epoch 23 - iter 5184/5765 - loss 0.04331531 - samples/sec: 31.63 - lr: 0.050000
2022-05-15 23:56:25,993 epoch 23 - iter 5760/5765 - loss 0.04374604 - samples/sec: 31.15 - lr: 0.050000
2022-05-15 23:56:26,519 ----------------------------------------------------------------------------------------------------
2022-05-15 23:56:26,519 EPOCH 23 done: loss 0.0437 - lr 0.0500000
2022-05-15 23:57:45,846 DEV : loss 0.053874388337135315 - f1-score (micro avg)  0.8411
2022-05-15 23:57:45,913 BAD EPOCHS (no improvement): 3
2022-05-15 23:57:47,395 ----------------------------------------------------------------------------------------------------
2022-05-15 23:58:57,483 epoch 24 - iter 576/5765 - loss 0.04569937 - samples/sec: 32.89 - lr: 0.050000
2022-05-16 00:00:08,977 epoch 24 - iter 1152/5765 - loss 0.04435715 - samples/sec: 32.25 - lr: 0.050000
2022-05-16 00:01:18,753 epoch 24 - iter 1728/5765 - loss 0.04474737 - samples/sec: 33.04 - lr: 0.050000
2022-05-16 00:02:30,772 epoch 24 - iter 2304/5765 - loss 0.04312801 - samples/sec: 32.02 - lr: 0.050000
2022-05-16 00:03:41,041 epoch 24 - iter 2880/5765 - loss 0.04274933 - samples/sec: 32.82 - lr: 0.050000
2022-05-16 00:04:54,121 epoch 24 - iter 3456/5765 - loss 0.04332646 - samples/sec: 31.55 - lr: 0.050000
2022-05-16 00:06:06,048 epoch 24 - iter 4032/5765 - loss 0.04355136 - samples/sec: 32.06 - lr: 0.050000
2022-05-16 00:07:16,025 epoch 24 - iter 4608/5765 - loss 0.04316375 - samples/sec: 32.95 - lr: 0.050000
2022-05-16 00:08:27,852 epoch 24 - iter 5184/5765 - loss 0.04300603 - samples/sec: 32.10 - lr: 0.050000
2022-05-16 00:09:38,625 epoch 24 - iter 5760/5765 - loss 0.04293013 - samples/sec: 32.58 - lr: 0.050000
2022-05-16 00:09:39,225 ----------------------------------------------------------------------------------------------------
2022-05-16 00:09:39,225 EPOCH 24 done: loss 0.0429 - lr 0.0500000
2022-05-16 00:10:58,505 DEV : loss 0.054088905453681946 - f1-score (micro avg)  0.8439
2022-05-16 00:10:58,567 BAD EPOCHS (no improvement): 0
2022-05-16 00:10:59,986 saving best model
2022-05-16 00:11:01,412 ----------------------------------------------------------------------------------------------------
2022-05-16 00:12:11,525 epoch 25 - iter 576/5765 - loss 0.04276701 - samples/sec: 32.88 - lr: 0.050000
2022-05-16 00:13:23,493 epoch 25 - iter 1152/5765 - loss 0.04059301 - samples/sec: 32.04 - lr: 0.050000
2022-05-16 00:14:32,071 epoch 25 - iter 1728/5765 - loss 0.04082048 - samples/sec: 33.62 - lr: 0.050000
2022-05-16 00:15:44,662 epoch 25 - iter 2304/5765 - loss 0.04117326 - samples/sec: 31.76 - lr: 0.050000
2022-05-16 00:16:56,088 epoch 25 - iter 2880/5765 - loss 0.04057302 - samples/sec: 32.28 - lr: 0.050000
2022-05-16 00:18:10,384 epoch 25 - iter 3456/5765 - loss 0.04124787 - samples/sec: 31.03 - lr: 0.050000
2022-05-16 00:19:22,426 epoch 25 - iter 4032/5765 - loss 0.04098968 - samples/sec: 32.01 - lr: 0.050000
2022-05-16 00:20:35,745 epoch 25 - iter 4608/5765 - loss 0.04168575 - samples/sec: 31.45 - lr: 0.050000
2022-05-16 00:21:47,949 epoch 25 - iter 5184/5765 - loss 0.04165231 - samples/sec: 31.94 - lr: 0.050000
2022-05-16 00:22:56,947 epoch 25 - iter 5760/5765 - loss 0.04150369 - samples/sec: 33.42 - lr: 0.050000
2022-05-16 00:22:57,338 ----------------------------------------------------------------------------------------------------
2022-05-16 00:22:57,339 EPOCH 25 done: loss 0.0415 - lr 0.0500000
2022-05-16 00:24:12,995 DEV : loss 0.05268483608961105 - f1-score (micro avg)  0.8437
2022-05-16 00:24:13,060 BAD EPOCHS (no improvement): 1
2022-05-16 00:24:14,525 ----------------------------------------------------------------------------------------------------
2022-05-16 00:25:25,158 epoch 26 - iter 576/5765 - loss 0.04259744 - samples/sec: 32.64 - lr: 0.050000
2022-05-16 00:26:36,772 epoch 26 - iter 1152/5765 - loss 0.04091814 - samples/sec: 32.20 - lr: 0.050000
2022-05-16 00:27:47,247 epoch 26 - iter 1728/5765 - loss 0.04033548 - samples/sec: 32.72 - lr: 0.050000
2022-05-16 00:29:00,006 epoch 26 - iter 2304/5765 - loss 0.03981563 - samples/sec: 31.69 - lr: 0.050000
2022-05-16 00:30:13,146 epoch 26 - iter 2880/5765 - loss 0.04089275 - samples/sec: 31.52 - lr: 0.050000
2022-05-16 00:31:25,340 epoch 26 - iter 3456/5765 - loss 0.04083860 - samples/sec: 31.94 - lr: 0.050000
2022-05-16 00:32:36,521 epoch 26 - iter 4032/5765 - loss 0.04123959 - samples/sec: 32.39 - lr: 0.050000
2022-05-16 00:33:48,584 epoch 26 - iter 4608/5765 - loss 0.04147661 - samples/sec: 31.99 - lr: 0.050000
2022-05-16 00:34:59,152 epoch 26 - iter 5184/5765 - loss 0.04140721 - samples/sec: 32.67 - lr: 0.050000
2022-05-16 00:36:11,133 epoch 26 - iter 5760/5765 - loss 0.04162522 - samples/sec: 32.03 - lr: 0.050000
2022-05-16 00:36:11,621 ----------------------------------------------------------------------------------------------------
2022-05-16 00:36:11,622 EPOCH 26 done: loss 0.0416 - lr 0.0500000
2022-05-16 00:37:30,632 DEV : loss 0.05244852229952812 - f1-score (micro avg)  0.8451
2022-05-16 00:37:30,693 BAD EPOCHS (no improvement): 0
2022-05-16 00:37:32,118 saving best model
2022-05-16 00:37:33,585 ----------------------------------------------------------------------------------------------------
2022-05-16 00:38:47,437 epoch 27 - iter 576/5765 - loss 0.04019582 - samples/sec: 31.22 - lr: 0.050000
2022-05-16 00:39:58,976 epoch 27 - iter 1152/5765 - loss 0.03949669 - samples/sec: 32.23 - lr: 0.050000
2022-05-16 00:41:10,447 epoch 27 - iter 1728/5765 - loss 0.03994963 - samples/sec: 32.26 - lr: 0.050000
2022-05-16 00:42:21,801 epoch 27 - iter 2304/5765 - loss 0.04074367 - samples/sec: 32.32 - lr: 0.050000
2022-05-16 00:43:34,702 epoch 27 - iter 2880/5765 - loss 0.04047038 - samples/sec: 31.63 - lr: 0.050000
2022-05-16 00:44:48,333 epoch 27 - iter 3456/5765 - loss 0.03993658 - samples/sec: 31.32 - lr: 0.050000
2022-05-16 00:46:01,268 epoch 27 - iter 4032/5765 - loss 0.04006973 - samples/sec: 31.62 - lr: 0.050000
2022-05-16 00:47:13,362 epoch 27 - iter 4608/5765 - loss 0.04048777 - samples/sec: 31.98 - lr: 0.050000
2022-05-16 00:48:24,635 epoch 27 - iter 5184/5765 - loss 0.04067603 - samples/sec: 32.35 - lr: 0.050000
2022-05-16 00:49:34,387 epoch 27 - iter 5760/5765 - loss 0.04036581 - samples/sec: 33.06 - lr: 0.050000
2022-05-16 00:49:34,915 ----------------------------------------------------------------------------------------------------
2022-05-16 00:49:34,916 EPOCH 27 done: loss 0.0404 - lr 0.0500000
2022-05-16 00:50:54,149 DEV : loss 0.05487743020057678 - f1-score (micro avg)  0.8433
2022-05-16 00:50:54,212 BAD EPOCHS (no improvement): 1
2022-05-16 00:50:55,694 ----------------------------------------------------------------------------------------------------
2022-05-16 00:52:02,984 epoch 28 - iter 576/5765 - loss 0.03615033 - samples/sec: 34.26 - lr: 0.050000
2022-05-16 00:53:14,963 epoch 28 - iter 1152/5765 - loss 0.03824902 - samples/sec: 32.04 - lr: 0.050000
2022-05-16 00:54:26,630 epoch 28 - iter 1728/5765 - loss 0.03917405 - samples/sec: 32.18 - lr: 0.050000
2022-05-16 00:55:39,622 epoch 28 - iter 2304/5765 - loss 0.03947556 - samples/sec: 31.59 - lr: 0.050000
2022-05-16 00:56:52,583 epoch 28 - iter 2880/5765 - loss 0.03940883 - samples/sec: 31.60 - lr: 0.050000
2022-05-16 00:58:03,718 epoch 28 - iter 3456/5765 - loss 0.03979172 - samples/sec: 32.41 - lr: 0.050000
2022-05-16 00:59:16,234 epoch 28 - iter 4032/5765 - loss 0.04017441 - samples/sec: 31.80 - lr: 0.050000
2022-05-16 01:00:29,098 epoch 28 - iter 4608/5765 - loss 0.04049832 - samples/sec: 31.65 - lr: 0.050000
2022-05-16 01:01:39,747 epoch 28 - iter 5184/5765 - loss 0.04016218 - samples/sec: 32.64 - lr: 0.050000
2022-05-16 01:02:49,975 epoch 28 - iter 5760/5765 - loss 0.04010830 - samples/sec: 32.83 - lr: 0.050000
2022-05-16 01:02:50,752 ----------------------------------------------------------------------------------------------------
2022-05-16 01:02:50,752 EPOCH 28 done: loss 0.0401 - lr 0.0500000
2022-05-16 01:04:06,259 DEV : loss 0.0529356487095356 - f1-score (micro avg)  0.8448
2022-05-16 01:04:06,323 BAD EPOCHS (no improvement): 2
2022-05-16 01:04:07,791 ----------------------------------------------------------------------------------------------------
2022-05-16 01:05:18,790 epoch 29 - iter 576/5765 - loss 0.03838095 - samples/sec: 32.47 - lr: 0.050000
2022-05-16 01:06:29,694 epoch 29 - iter 1152/5765 - loss 0.03846604 - samples/sec: 32.52 - lr: 0.050000
2022-05-16 01:07:45,028 epoch 29 - iter 1728/5765 - loss 0.03986201 - samples/sec: 30.61 - lr: 0.050000
2022-05-16 01:08:57,320 epoch 29 - iter 2304/5765 - loss 0.03972967 - samples/sec: 31.90 - lr: 0.050000
2022-05-16 01:10:08,984 epoch 29 - iter 2880/5765 - loss 0.03922444 - samples/sec: 32.18 - lr: 0.050000
2022-05-16 01:11:21,079 epoch 29 - iter 3456/5765 - loss 0.03961588 - samples/sec: 31.98 - lr: 0.050000
2022-05-16 01:12:33,343 epoch 29 - iter 4032/5765 - loss 0.03998792 - samples/sec: 31.91 - lr: 0.050000
2022-05-16 01:13:44,556 epoch 29 - iter 4608/5765 - loss 0.03979034 - samples/sec: 32.38 - lr: 0.050000
2022-05-16 01:14:57,992 epoch 29 - iter 5184/5765 - loss 0.03989894 - samples/sec: 31.40 - lr: 0.050000
2022-05-16 01:16:10,931 epoch 29 - iter 5760/5765 - loss 0.03991373 - samples/sec: 31.62 - lr: 0.050000
2022-05-16 01:16:11,511 ----------------------------------------------------------------------------------------------------
2022-05-16 01:16:11,511 EPOCH 29 done: loss 0.0400 - lr 0.0500000
2022-05-16 01:17:27,449 DEV : loss 0.05365888774394989 - f1-score (micro avg)  0.8437
2022-05-16 01:17:27,514 BAD EPOCHS (no improvement): 3
2022-05-16 01:17:28,982 ----------------------------------------------------------------------------------------------------
2022-05-16 01:18:38,564 epoch 30 - iter 576/5765 - loss 0.03780441 - samples/sec: 33.13 - lr: 0.050000
2022-05-16 01:19:50,705 epoch 30 - iter 1152/5765 - loss 0.03923921 - samples/sec: 31.96 - lr: 0.050000
2022-05-16 01:21:03,793 epoch 30 - iter 1728/5765 - loss 0.03936926 - samples/sec: 31.55 - lr: 0.050000
2022-05-16 01:22:12,433 epoch 30 - iter 2304/5765 - loss 0.03885417 - samples/sec: 33.59 - lr: 0.050000
2022-05-16 01:23:25,476 epoch 30 - iter 2880/5765 - loss 0.03888801 - samples/sec: 31.57 - lr: 0.050000
2022-05-16 01:24:35,403 epoch 30 - iter 3456/5765 - loss 0.03882658 - samples/sec: 32.97 - lr: 0.050000
2022-05-16 01:25:48,419 epoch 30 - iter 4032/5765 - loss 0.03907385 - samples/sec: 31.58 - lr: 0.050000
2022-05-16 01:27:01,738 epoch 30 - iter 4608/5765 - loss 0.03920888 - samples/sec: 31.45 - lr: 0.050000
2022-05-16 01:28:12,867 epoch 30 - iter 5184/5765 - loss 0.03950508 - samples/sec: 32.41 - lr: 0.050000
2022-05-16 01:29:23,530 epoch 30 - iter 5760/5765 - loss 0.03934116 - samples/sec: 32.63 - lr: 0.050000
2022-05-16 01:29:24,304 ----------------------------------------------------------------------------------------------------
2022-05-16 01:29:24,305 EPOCH 30 done: loss 0.0393 - lr 0.0500000
2022-05-16 01:30:43,489 DEV : loss 0.05613381415605545 - f1-score (micro avg)  0.8433
2022-05-16 01:30:43,554 BAD EPOCHS (no improvement): 4
2022-05-16 01:30:45,003 ----------------------------------------------------------------------------------------------------
2022-05-16 01:31:57,161 epoch 31 - iter 576/5765 - loss 0.03723515 - samples/sec: 31.95 - lr: 0.025000
2022-05-16 01:33:07,510 epoch 31 - iter 1152/5765 - loss 0.03765824 - samples/sec: 32.78 - lr: 0.025000
2022-05-16 01:34:20,975 epoch 31 - iter 1728/5765 - loss 0.03811311 - samples/sec: 31.39 - lr: 0.025000
2022-05-16 01:35:35,760 epoch 31 - iter 2304/5765 - loss 0.03748035 - samples/sec: 30.83 - lr: 0.025000
2022-05-16 01:36:44,904 epoch 31 - iter 2880/5765 - loss 0.03758087 - samples/sec: 33.35 - lr: 0.025000
2022-05-16 01:37:56,668 epoch 31 - iter 3456/5765 - loss 0.03710014 - samples/sec: 32.13 - lr: 0.025000
2022-05-16 01:39:08,000 epoch 31 - iter 4032/5765 - loss 0.03656786 - samples/sec: 32.33 - lr: 0.025000
2022-05-16 01:40:18,422 epoch 31 - iter 4608/5765 - loss 0.03690503 - samples/sec: 32.74 - lr: 0.025000
2022-05-16 01:41:33,428 epoch 31 - iter 5184/5765 - loss 0.03695390 - samples/sec: 30.74 - lr: 0.025000
2022-05-16 01:42:43,659 epoch 31 - iter 5760/5765 - loss 0.03667047 - samples/sec: 32.83 - lr: 0.025000
2022-05-16 01:42:44,229 ----------------------------------------------------------------------------------------------------
2022-05-16 01:42:44,229 EPOCH 31 done: loss 0.0367 - lr 0.0250000
2022-05-16 01:44:03,800 DEV : loss 0.05338781699538231 - f1-score (micro avg)  0.8481
2022-05-16 01:44:03,863 BAD EPOCHS (no improvement): 0
2022-05-16 01:44:05,308 saving best model
2022-05-16 01:44:06,740 ----------------------------------------------------------------------------------------------------
2022-05-16 01:45:18,874 epoch 32 - iter 576/5765 - loss 0.03611634 - samples/sec: 31.96 - lr: 0.025000
2022-05-16 01:46:31,584 epoch 32 - iter 1152/5765 - loss 0.03676924 - samples/sec: 31.71 - lr: 0.025000
2022-05-16 01:47:42,794 epoch 32 - iter 1728/5765 - loss 0.03573281 - samples/sec: 32.38 - lr: 0.025000
2022-05-16 01:48:54,036 epoch 32 - iter 2304/5765 - loss 0.03507679 - samples/sec: 32.37 - lr: 0.025000
2022-05-16 01:50:04,498 epoch 32 - iter 2880/5765 - loss 0.03505277 - samples/sec: 32.72 - lr: 0.025000
2022-05-16 01:51:13,913 epoch 32 - iter 3456/5765 - loss 0.03522033 - samples/sec: 33.22 - lr: 0.025000
2022-05-16 01:52:25,245 epoch 32 - iter 4032/5765 - loss 0.03567938 - samples/sec: 32.32 - lr: 0.025000
2022-05-16 01:53:36,284 epoch 32 - iter 4608/5765 - loss 0.03556819 - samples/sec: 32.46 - lr: 0.025000
2022-05-16 01:54:46,479 epoch 32 - iter 5184/5765 - loss 0.03544206 - samples/sec: 32.85 - lr: 0.025000
2022-05-16 01:55:58,540 epoch 32 - iter 5760/5765 - loss 0.03549267 - samples/sec: 32.00 - lr: 0.025000
2022-05-16 01:55:58,949 ----------------------------------------------------------------------------------------------------
2022-05-16 01:55:58,949 EPOCH 32 done: loss 0.0355 - lr 0.0250000
2022-05-16 01:57:14,740 DEV : loss 0.05314398556947708 - f1-score (micro avg)  0.8494
2022-05-16 01:57:14,806 BAD EPOCHS (no improvement): 0
2022-05-16 01:57:16,257 saving best model
2022-05-16 01:57:17,675 ----------------------------------------------------------------------------------------------------
2022-05-16 01:58:28,119 epoch 33 - iter 576/5765 - loss 0.03128960 - samples/sec: 32.72 - lr: 0.025000
2022-05-16 01:59:36,511 epoch 33 - iter 1152/5765 - loss 0.03169319 - samples/sec: 33.71 - lr: 0.025000
2022-05-16 02:00:48,626 epoch 33 - iter 1728/5765 - loss 0.03361750 - samples/sec: 31.97 - lr: 0.025000
2022-05-16 02:02:00,387 epoch 33 - iter 2304/5765 - loss 0.03385168 - samples/sec: 32.13 - lr: 0.025000
2022-05-16 02:03:13,528 epoch 33 - iter 2880/5765 - loss 0.03430742 - samples/sec: 31.52 - lr: 0.025000
2022-05-16 02:04:27,474 epoch 33 - iter 3456/5765 - loss 0.03404353 - samples/sec: 31.18 - lr: 0.025000
2022-05-16 02:05:39,576 epoch 33 - iter 4032/5765 - loss 0.03428792 - samples/sec: 31.98 - lr: 0.025000
2022-05-16 02:06:49,861 epoch 33 - iter 4608/5765 - loss 0.03425263 - samples/sec: 32.81 - lr: 0.025000
2022-05-16 02:08:00,503 epoch 33 - iter 5184/5765 - loss 0.03433525 - samples/sec: 32.64 - lr: 0.025000
2022-05-16 02:09:10,969 epoch 33 - iter 5760/5765 - loss 0.03433922 - samples/sec: 32.73 - lr: 0.025000
2022-05-16 02:09:11,508 ----------------------------------------------------------------------------------------------------
2022-05-16 02:09:11,508 EPOCH 33 done: loss 0.0343 - lr 0.0250000
2022-05-16 02:10:30,828 DEV : loss 0.05461609363555908 - f1-score (micro avg)  0.8516
2022-05-16 02:10:30,897 BAD EPOCHS (no improvement): 0
2022-05-16 02:10:32,359 saving best model
2022-05-16 02:10:33,825 ----------------------------------------------------------------------------------------------------
2022-05-16 02:11:42,873 epoch 34 - iter 576/5765 - loss 0.03456835 - samples/sec: 33.39 - lr: 0.025000
2022-05-16 02:12:56,036 epoch 34 - iter 1152/5765 - loss 0.03486744 - samples/sec: 31.51 - lr: 0.025000
2022-05-16 02:14:05,827 epoch 34 - iter 1728/5765 - loss 0.03402530 - samples/sec: 33.04 - lr: 0.025000
2022-05-16 02:15:17,129 epoch 34 - iter 2304/5765 - loss 0.03367894 - samples/sec: 32.34 - lr: 0.025000
2022-05-16 02:16:29,045 epoch 34 - iter 2880/5765 - loss 0.03362674 - samples/sec: 32.06 - lr: 0.025000
2022-05-16 02:17:39,964 epoch 34 - iter 3456/5765 - loss 0.03375889 - samples/sec: 32.51 - lr: 0.025000
2022-05-16 02:18:52,309 epoch 34 - iter 4032/5765 - loss 0.03414626 - samples/sec: 31.87 - lr: 0.025000
2022-05-16 02:20:04,171 epoch 34 - iter 4608/5765 - loss 0.03424561 - samples/sec: 32.09 - lr: 0.025000
2022-05-16 02:21:16,733 epoch 34 - iter 5184/5765 - loss 0.03391663 - samples/sec: 31.78 - lr: 0.025000
2022-05-16 02:22:30,776 epoch 34 - iter 5760/5765 - loss 0.03409525 - samples/sec: 31.14 - lr: 0.025000
2022-05-16 02:22:31,367 ----------------------------------------------------------------------------------------------------
2022-05-16 02:22:31,367 EPOCH 34 done: loss 0.0341 - lr 0.0250000
2022-05-16 02:23:50,762 DEV : loss 0.05424041673541069 - f1-score (micro avg)  0.8503
2022-05-16 02:23:50,831 BAD EPOCHS (no improvement): 1
2022-05-16 02:23:52,294 ----------------------------------------------------------------------------------------------------
2022-05-16 02:25:04,873 epoch 35 - iter 576/5765 - loss 0.03375190 - samples/sec: 31.76 - lr: 0.025000
2022-05-16 02:26:17,173 epoch 35 - iter 1152/5765 - loss 0.03272842 - samples/sec: 31.89 - lr: 0.025000
2022-05-16 02:27:29,143 epoch 35 - iter 1728/5765 - loss 0.03199936 - samples/sec: 32.04 - lr: 0.025000
2022-05-16 02:28:42,117 epoch 35 - iter 2304/5765 - loss 0.03283754 - samples/sec: 31.59 - lr: 0.025000
2022-05-16 02:29:52,290 epoch 35 - iter 2880/5765 - loss 0.03305416 - samples/sec: 32.86 - lr: 0.025000
2022-05-16 02:31:03,241 epoch 35 - iter 3456/5765 - loss 0.03287012 - samples/sec: 32.50 - lr: 0.025000
2022-05-16 02:32:14,433 epoch 35 - iter 4032/5765 - loss 0.03268335 - samples/sec: 32.39 - lr: 0.025000
2022-05-16 02:33:25,111 epoch 35 - iter 4608/5765 - loss 0.03322221 - samples/sec: 32.62 - lr: 0.025000
2022-05-16 02:34:34,014 epoch 35 - iter 5184/5765 - loss 0.03317136 - samples/sec: 33.47 - lr: 0.025000
2022-05-16 02:35:47,479 epoch 35 - iter 5760/5765 - loss 0.03356042 - samples/sec: 31.38 - lr: 0.025000
2022-05-16 02:35:48,110 ----------------------------------------------------------------------------------------------------
2022-05-16 02:35:48,111 EPOCH 35 done: loss 0.0336 - lr 0.0250000
2022-05-16 02:37:04,668 DEV : loss 0.05299065262079239 - f1-score (micro avg)  0.8495
2022-05-16 02:37:04,732 BAD EPOCHS (no improvement): 2
2022-05-16 02:37:06,213 ----------------------------------------------------------------------------------------------------
2022-05-16 02:38:16,440 epoch 36 - iter 576/5765 - loss 0.02890939 - samples/sec: 32.83 - lr: 0.025000
2022-05-16 02:39:28,143 epoch 36 - iter 1152/5765 - loss 0.03092890 - samples/sec: 32.16 - lr: 0.025000
2022-05-16 02:40:40,237 epoch 36 - iter 1728/5765 - loss 0.03125335 - samples/sec: 31.98 - lr: 0.025000
2022-05-16 02:41:52,688 epoch 36 - iter 2304/5765 - loss 0.03144256 - samples/sec: 31.83 - lr: 0.025000
2022-05-16 02:43:04,971 epoch 36 - iter 2880/5765 - loss 0.03140101 - samples/sec: 31.90 - lr: 0.025000
2022-05-16 02:44:18,058 epoch 36 - iter 3456/5765 - loss 0.03217118 - samples/sec: 31.55 - lr: 0.025000
2022-05-16 02:45:32,107 epoch 36 - iter 4032/5765 - loss 0.03229616 - samples/sec: 31.14 - lr: 0.025000
2022-05-16 02:46:45,338 epoch 36 - iter 4608/5765 - loss 0.03266307 - samples/sec: 31.49 - lr: 0.025000
2022-05-16 02:48:00,936 epoch 36 - iter 5184/5765 - loss 0.03238309 - samples/sec: 30.50 - lr: 0.025000
2022-05-16 02:49:10,574 epoch 36 - iter 5760/5765 - loss 0.03275674 - samples/sec: 33.11 - lr: 0.025000
2022-05-16 02:49:11,648 ----------------------------------------------------------------------------------------------------
2022-05-16 02:49:11,649 EPOCH 36 done: loss 0.0327 - lr 0.0250000
2022-05-16 02:50:27,648 DEV : loss 0.05398192256689072 - f1-score (micro avg)  0.8517
2022-05-16 02:50:27,711 BAD EPOCHS (no improvement): 0
2022-05-16 02:50:29,138 saving best model
2022-05-16 02:50:30,561 ----------------------------------------------------------------------------------------------------
2022-05-16 02:51:41,419 epoch 37 - iter 576/5765 - loss 0.03223031 - samples/sec: 32.54 - lr: 0.025000
2022-05-16 02:52:52,793 epoch 37 - iter 1152/5765 - loss 0.03128524 - samples/sec: 32.30 - lr: 0.025000
2022-05-16 02:54:03,529 epoch 37 - iter 1728/5765 - loss 0.03279702 - samples/sec: 32.60 - lr: 0.025000
2022-05-16 02:55:16,705 epoch 37 - iter 2304/5765 - loss 0.03309114 - samples/sec: 31.51 - lr: 0.025000
2022-05-16 02:56:30,288 epoch 37 - iter 2880/5765 - loss 0.03341374 - samples/sec: 31.34 - lr: 0.025000
2022-05-16 02:57:40,752 epoch 37 - iter 3456/5765 - loss 0.03329919 - samples/sec: 32.73 - lr: 0.025000
2022-05-16 02:58:50,689 epoch 37 - iter 4032/5765 - loss 0.03310910 - samples/sec: 32.97 - lr: 0.025000
2022-05-16 03:00:02,439 epoch 37 - iter 4608/5765 - loss 0.03339826 - samples/sec: 32.14 - lr: 0.025000
2022-05-16 03:01:14,605 epoch 37 - iter 5184/5765 - loss 0.03310952 - samples/sec: 31.95 - lr: 0.025000
2022-05-16 03:02:26,734 epoch 37 - iter 5760/5765 - loss 0.03315470 - samples/sec: 31.97 - lr: 0.025000
2022-05-16 03:02:27,272 ----------------------------------------------------------------------------------------------------
2022-05-16 03:02:27,273 EPOCH 37 done: loss 0.0332 - lr 0.0250000
2022-05-16 03:03:46,937 DEV : loss 0.05462576448917389 - f1-score (micro avg)  0.852
2022-05-16 03:03:47,004 BAD EPOCHS (no improvement): 0
2022-05-16 03:03:48,466 saving best model
2022-05-16 03:03:49,900 ----------------------------------------------------------------------------------------------------
2022-05-16 03:05:00,497 epoch 38 - iter 576/5765 - loss 0.03264731 - samples/sec: 32.65 - lr: 0.025000
2022-05-16 03:06:11,183 epoch 38 - iter 1152/5765 - loss 0.03176917 - samples/sec: 32.62 - lr: 0.025000
2022-05-16 03:07:24,887 epoch 38 - iter 1728/5765 - loss 0.03262450 - samples/sec: 31.28 - lr: 0.025000
2022-05-16 03:08:35,327 epoch 38 - iter 2304/5765 - loss 0.03219290 - samples/sec: 32.74 - lr: 0.025000
2022-05-16 03:09:47,297 epoch 38 - iter 2880/5765 - loss 0.03150123 - samples/sec: 32.04 - lr: 0.025000
2022-05-16 03:10:59,250 epoch 38 - iter 3456/5765 - loss 0.03197662 - samples/sec: 32.05 - lr: 0.025000
2022-05-16 03:12:11,685 epoch 38 - iter 4032/5765 - loss 0.03198236 - samples/sec: 31.83 - lr: 0.025000
2022-05-16 03:13:22,490 epoch 38 - iter 4608/5765 - loss 0.03169172 - samples/sec: 32.56 - lr: 0.025000
2022-05-16 03:14:33,618 epoch 38 - iter 5184/5765 - loss 0.03186033 - samples/sec: 32.42 - lr: 0.025000
2022-05-16 03:15:43,906 epoch 38 - iter 5760/5765 - loss 0.03208166 - samples/sec: 32.81 - lr: 0.025000
2022-05-16 03:15:44,736 ----------------------------------------------------------------------------------------------------
2022-05-16 03:15:44,737 EPOCH 38 done: loss 0.0321 - lr 0.0250000
2022-05-16 03:17:03,959 DEV : loss 0.05548543855547905 - f1-score (micro avg)  0.8518
2022-05-16 03:17:04,018 BAD EPOCHS (no improvement): 1
2022-05-16 03:17:05,450 ----------------------------------------------------------------------------------------------------
2022-05-16 03:18:19,472 epoch 39 - iter 576/5765 - loss 0.03026996 - samples/sec: 31.15 - lr: 0.025000
2022-05-16 03:19:31,970 epoch 39 - iter 1152/5765 - loss 0.02942933 - samples/sec: 31.80 - lr: 0.025000
2022-05-16 03:20:45,397 epoch 39 - iter 1728/5765 - loss 0.03031176 - samples/sec: 31.40 - lr: 0.025000
2022-05-16 03:21:54,653 epoch 39 - iter 2304/5765 - loss 0.03184421 - samples/sec: 33.30 - lr: 0.025000
2022-05-16 03:23:04,845 epoch 39 - iter 2880/5765 - loss 0.03116692 - samples/sec: 32.85 - lr: 0.025000
2022-05-16 03:24:17,063 epoch 39 - iter 3456/5765 - loss 0.03126660 - samples/sec: 31.93 - lr: 0.025000
2022-05-16 03:25:27,095 epoch 39 - iter 4032/5765 - loss 0.03131057 - samples/sec: 32.93 - lr: 0.025000
2022-05-16 03:26:37,997 epoch 39 - iter 4608/5765 - loss 0.03155637 - samples/sec: 32.52 - lr: 0.025000
2022-05-16 03:27:51,757 epoch 39 - iter 5184/5765 - loss 0.03141377 - samples/sec: 31.26 - lr: 0.025000
2022-05-16 03:29:02,162 epoch 39 - iter 5760/5765 - loss 0.03158154 - samples/sec: 32.75 - lr: 0.025000
2022-05-16 03:29:02,941 ----------------------------------------------------------------------------------------------------
2022-05-16 03:29:02,942 EPOCH 39 done: loss 0.0316 - lr 0.0250000
2022-05-16 03:30:18,815 DEV : loss 0.0557863749563694 - f1-score (micro avg)  0.8502
2022-05-16 03:30:18,876 BAD EPOCHS (no improvement): 2
2022-05-16 03:30:20,341 ----------------------------------------------------------------------------------------------------
2022-05-16 03:31:30,598 epoch 40 - iter 576/5765 - loss 0.02934456 - samples/sec: 32.81 - lr: 0.025000
2022-05-16 03:32:42,908 epoch 40 - iter 1152/5765 - loss 0.02987439 - samples/sec: 31.89 - lr: 0.025000
2022-05-16 03:33:54,661 epoch 40 - iter 1728/5765 - loss 0.02999188 - samples/sec: 32.13 - lr: 0.025000
2022-05-16 03:35:05,575 epoch 40 - iter 2304/5765 - loss 0.03057047 - samples/sec: 32.51 - lr: 0.025000
2022-05-16 03:36:16,661 epoch 40 - iter 2880/5765 - loss 0.03093225 - samples/sec: 32.43 - lr: 0.025000
2022-05-16 03:37:29,541 epoch 40 - iter 3456/5765 - loss 0.03090373 - samples/sec: 31.64 - lr: 0.025000
2022-05-16 03:38:41,217 epoch 40 - iter 4032/5765 - loss 0.03089924 - samples/sec: 32.17 - lr: 0.025000
2022-05-16 03:39:53,016 epoch 40 - iter 4608/5765 - loss 0.03124067 - samples/sec: 32.11 - lr: 0.025000
2022-05-16 03:41:03,305 epoch 40 - iter 5184/5765 - loss 0.03117479 - samples/sec: 32.80 - lr: 0.025000
2022-05-16 03:42:13,886 epoch 40 - iter 5760/5765 - loss 0.03114424 - samples/sec: 32.67 - lr: 0.025000
2022-05-16 03:42:14,577 ----------------------------------------------------------------------------------------------------
2022-05-16 03:42:14,578 EPOCH 40 done: loss 0.0311 - lr 0.0250000
2022-05-16 03:43:34,005 DEV : loss 0.05590181425213814 - f1-score (micro avg)  0.8526
2022-05-16 03:43:34,074 BAD EPOCHS (no improvement): 0
2022-05-16 03:43:35,542 saving best model
2022-05-16 03:43:36,987 ----------------------------------------------------------------------------------------------------
2022-05-16 03:44:50,198 epoch 41 - iter 576/5765 - loss 0.03054362 - samples/sec: 31.49 - lr: 0.025000
2022-05-16 03:46:03,825 epoch 41 - iter 1152/5765 - loss 0.03159020 - samples/sec: 31.31 - lr: 0.025000
2022-05-16 03:47:15,683 epoch 41 - iter 1728/5765 - loss 0.03188457 - samples/sec: 32.09 - lr: 0.025000
2022-05-16 03:48:25,083 epoch 41 - iter 2304/5765 - loss 0.03094194 - samples/sec: 33.22 - lr: 0.025000
2022-05-16 03:49:36,867 epoch 41 - iter 2880/5765 - loss 0.03108296 - samples/sec: 32.12 - lr: 0.025000
2022-05-16 03:50:50,658 epoch 41 - iter 3456/5765 - loss 0.03086975 - samples/sec: 31.25 - lr: 0.025000
2022-05-16 03:52:01,949 epoch 41 - iter 4032/5765 - loss 0.03083612 - samples/sec: 32.35 - lr: 0.025000
2022-05-16 03:53:12,378 epoch 41 - iter 4608/5765 - loss 0.03068149 - samples/sec: 32.74 - lr: 0.025000
2022-05-16 03:54:23,150 epoch 41 - iter 5184/5765 - loss 0.03073898 - samples/sec: 32.58 - lr: 0.025000
2022-05-16 03:55:32,907 epoch 41 - iter 5760/5765 - loss 0.03079232 - samples/sec: 33.06 - lr: 0.025000
2022-05-16 03:55:33,441 ----------------------------------------------------------------------------------------------------
2022-05-16 03:55:33,441 EPOCH 41 done: loss 0.0308 - lr 0.0250000
2022-05-16 03:56:53,457 DEV : loss 0.0567585751414299 - f1-score (micro avg)  0.852
2022-05-16 03:56:53,526 BAD EPOCHS (no improvement): 1
2022-05-16 03:56:54,984 ----------------------------------------------------------------------------------------------------
2022-05-16 03:58:07,685 epoch 42 - iter 576/5765 - loss 0.03162626 - samples/sec: 31.71 - lr: 0.025000
2022-05-16 03:59:19,530 epoch 42 - iter 1152/5765 - loss 0.03033065 - samples/sec: 32.09 - lr: 0.025000
2022-05-16 04:00:31,635 epoch 42 - iter 1728/5765 - loss 0.03090871 - samples/sec: 31.98 - lr: 0.025000
2022-05-16 04:01:41,221 epoch 42 - iter 2304/5765 - loss 0.03092500 - samples/sec: 33.14 - lr: 0.025000
2022-05-16 04:02:53,706 epoch 42 - iter 2880/5765 - loss 0.03070150 - samples/sec: 31.81 - lr: 0.025000
2022-05-16 04:04:05,543 epoch 42 - iter 3456/5765 - loss 0.03066622 - samples/sec: 32.10 - lr: 0.025000
2022-05-16 04:05:18,517 epoch 42 - iter 4032/5765 - loss 0.03093119 - samples/sec: 31.60 - lr: 0.025000
2022-05-16 04:06:29,013 epoch 42 - iter 4608/5765 - loss 0.03108813 - samples/sec: 32.71 - lr: 0.025000
2022-05-16 04:07:41,320 epoch 42 - iter 5184/5765 - loss 0.03108974 - samples/sec: 31.89 - lr: 0.025000
2022-05-16 04:08:51,824 epoch 42 - iter 5760/5765 - loss 0.03090528 - samples/sec: 32.71 - lr: 0.025000
2022-05-16 04:08:52,487 ----------------------------------------------------------------------------------------------------
2022-05-16 04:08:52,487 EPOCH 42 done: loss 0.0309 - lr 0.0250000
2022-05-16 04:10:08,753 DEV : loss 0.05620592460036278 - f1-score (micro avg)  0.8501
2022-05-16 04:10:08,820 BAD EPOCHS (no improvement): 2
2022-05-16 04:10:10,330 ----------------------------------------------------------------------------------------------------
2022-05-16 04:11:22,874 epoch 43 - iter 576/5765 - loss 0.02999941 - samples/sec: 31.78 - lr: 0.025000
2022-05-16 04:12:33,372 epoch 43 - iter 1152/5765 - loss 0.02998368 - samples/sec: 32.71 - lr: 0.025000
2022-05-16 04:13:45,031 epoch 43 - iter 1728/5765 - loss 0.03083300 - samples/sec: 32.17 - lr: 0.025000
2022-05-16 04:14:57,691 epoch 43 - iter 2304/5765 - loss 0.03005473 - samples/sec: 31.73 - lr: 0.025000
2022-05-16 04:16:11,340 epoch 43 - iter 2880/5765 - loss 0.03112043 - samples/sec: 31.31 - lr: 0.025000
2022-05-16 04:17:21,329 epoch 43 - iter 3456/5765 - loss 0.03089967 - samples/sec: 32.95 - lr: 0.025000
2022-05-16 04:18:32,917 epoch 43 - iter 4032/5765 - loss 0.03056437 - samples/sec: 32.21 - lr: 0.025000
2022-05-16 04:19:43,258 epoch 43 - iter 4608/5765 - loss 0.03057862 - samples/sec: 32.78 - lr: 0.025000
2022-05-16 04:20:52,698 epoch 43 - iter 5184/5765 - loss 0.03041973 - samples/sec: 33.21 - lr: 0.025000
2022-05-16 04:22:05,720 epoch 43 - iter 5760/5765 - loss 0.03048425 - samples/sec: 31.58 - lr: 0.025000
2022-05-16 04:22:06,481 ----------------------------------------------------------------------------------------------------
2022-05-16 04:22:06,481 EPOCH 43 done: loss 0.0305 - lr 0.0250000
2022-05-16 04:23:26,066 DEV : loss 0.058919310569763184 - f1-score (micro avg)  0.8515
2022-05-16 04:23:26,132 BAD EPOCHS (no improvement): 3
2022-05-16 04:23:27,575 ----------------------------------------------------------------------------------------------------
2022-05-16 04:24:37,493 epoch 44 - iter 576/5765 - loss 0.02992602 - samples/sec: 32.97 - lr: 0.025000
2022-05-16 04:25:48,815 epoch 44 - iter 1152/5765 - loss 0.03025294 - samples/sec: 32.33 - lr: 0.025000
2022-05-16 04:27:00,857 epoch 44 - iter 1728/5765 - loss 0.03001943 - samples/sec: 32.01 - lr: 0.025000
2022-05-16 04:28:13,252 epoch 44 - iter 2304/5765 - loss 0.02941435 - samples/sec: 31.85 - lr: 0.025000
2022-05-16 04:29:23,478 epoch 44 - iter 2880/5765 - loss 0.02967398 - samples/sec: 32.83 - lr: 0.025000
2022-05-16 04:30:36,586 epoch 44 - iter 3456/5765 - loss 0.02992879 - samples/sec: 31.54 - lr: 0.025000
2022-05-16 04:31:49,452 epoch 44 - iter 4032/5765 - loss 0.03005631 - samples/sec: 31.64 - lr: 0.025000
2022-05-16 04:33:01,795 epoch 44 - iter 4608/5765 - loss 0.02994707 - samples/sec: 31.87 - lr: 0.025000
2022-05-16 04:34:12,251 epoch 44 - iter 5184/5765 - loss 0.03015334 - samples/sec: 32.73 - lr: 0.025000
2022-05-16 04:35:25,947 epoch 44 - iter 5760/5765 - loss 0.03008284 - samples/sec: 31.29 - lr: 0.025000
2022-05-16 04:35:26,519 ----------------------------------------------------------------------------------------------------
2022-05-16 04:35:26,520 EPOCH 44 done: loss 0.0301 - lr 0.0250000
2022-05-16 04:36:45,955 DEV : loss 0.05896294489502907 - f1-score (micro avg)  0.852
2022-05-16 04:36:46,017 BAD EPOCHS (no improvement): 4
2022-05-16 04:36:47,459 ----------------------------------------------------------------------------------------------------
2022-05-16 04:37:59,851 epoch 45 - iter 576/5765 - loss 0.03091465 - samples/sec: 31.85 - lr: 0.012500
2022-05-16 04:39:10,993 epoch 45 - iter 1152/5765 - loss 0.03016576 - samples/sec: 32.41 - lr: 0.012500
2022-05-16 04:40:23,295 epoch 45 - iter 1728/5765 - loss 0.03020194 - samples/sec: 31.89 - lr: 0.012500
2022-05-16 04:41:33,651 epoch 45 - iter 2304/5765 - loss 0.03022697 - samples/sec: 32.77 - lr: 0.012500
2022-05-16 04:42:45,239 epoch 45 - iter 2880/5765 - loss 0.02995017 - samples/sec: 32.21 - lr: 0.012500
2022-05-16 04:43:57,330 epoch 45 - iter 3456/5765 - loss 0.02968104 - samples/sec: 31.99 - lr: 0.012500
2022-05-16 04:45:09,887 epoch 45 - iter 4032/5765 - loss 0.02969333 - samples/sec: 31.78 - lr: 0.012500
2022-05-16 04:46:21,875 epoch 45 - iter 4608/5765 - loss 0.02961137 - samples/sec: 32.03 - lr: 0.012500
2022-05-16 04:47:33,375 epoch 45 - iter 5184/5765 - loss 0.02959221 - samples/sec: 32.25 - lr: 0.012500
2022-05-16 04:48:45,171 epoch 45 - iter 5760/5765 - loss 0.02930635 - samples/sec: 32.12 - lr: 0.012500
2022-05-16 04:48:45,631 ----------------------------------------------------------------------------------------------------
2022-05-16 04:48:45,631 EPOCH 45 done: loss 0.0293 - lr 0.0125000
2022-05-16 04:50:01,937 DEV : loss 0.058404456824064255 - f1-score (micro avg)  0.8535
2022-05-16 04:50:02,003 BAD EPOCHS (no improvement): 0
2022-05-16 04:50:03,441 saving best model
2022-05-16 04:50:04,861 ----------------------------------------------------------------------------------------------------
2022-05-16 04:51:17,115 epoch 46 - iter 576/5765 - loss 0.02840911 - samples/sec: 31.91 - lr: 0.012500
2022-05-16 04:52:28,418 epoch 46 - iter 1152/5765 - loss 0.02761330 - samples/sec: 32.34 - lr: 0.012500
2022-05-16 04:53:39,468 epoch 46 - iter 1728/5765 - loss 0.02810516 - samples/sec: 32.46 - lr: 0.012500
2022-05-16 04:54:54,004 epoch 46 - iter 2304/5765 - loss 0.02865066 - samples/sec: 30.93 - lr: 0.012500
2022-05-16 04:56:06,431 epoch 46 - iter 2880/5765 - loss 0.02935022 - samples/sec: 31.84 - lr: 0.012500
2022-05-16 04:57:17,859 epoch 46 - iter 3456/5765 - loss 0.02879860 - samples/sec: 32.28 - lr: 0.012500
2022-05-16 04:58:30,213 epoch 46 - iter 4032/5765 - loss 0.02884041 - samples/sec: 31.87 - lr: 0.012500
2022-05-16 04:59:40,327 epoch 46 - iter 4608/5765 - loss 0.02905514 - samples/sec: 32.89 - lr: 0.012500
2022-05-16 05:00:51,922 epoch 46 - iter 5184/5765 - loss 0.02905746 - samples/sec: 32.21 - lr: 0.012500
2022-05-16 05:02:05,757 epoch 46 - iter 5760/5765 - loss 0.02895023 - samples/sec: 31.23 - lr: 0.012500
2022-05-16 05:02:06,341 ----------------------------------------------------------------------------------------------------
2022-05-16 05:02:06,341 EPOCH 46 done: loss 0.0289 - lr 0.0125000
2022-05-16 05:03:22,186 DEV : loss 0.05756406858563423 - f1-score (micro avg)  0.8521
2022-05-16 05:03:22,249 BAD EPOCHS (no improvement): 1
2022-05-16 05:03:23,734 ----------------------------------------------------------------------------------------------------
2022-05-16 05:04:34,580 epoch 47 - iter 576/5765 - loss 0.02843294 - samples/sec: 32.54 - lr: 0.012500
2022-05-16 05:05:45,628 epoch 47 - iter 1152/5765 - loss 0.02902964 - samples/sec: 32.45 - lr: 0.012500
2022-05-16 05:06:55,730 epoch 47 - iter 1728/5765 - loss 0.02873768 - samples/sec: 32.89 - lr: 0.012500
2022-05-16 05:08:06,228 epoch 47 - iter 2304/5765 - loss 0.02789138 - samples/sec: 32.71 - lr: 0.012500
2022-05-16 05:09:20,276 epoch 47 - iter 2880/5765 - loss 0.02797479 - samples/sec: 31.14 - lr: 0.012500
2022-05-16 05:10:32,212 epoch 47 - iter 3456/5765 - loss 0.02792252 - samples/sec: 32.05 - lr: 0.012500
2022-05-16 05:11:43,073 epoch 47 - iter 4032/5765 - loss 0.02788642 - samples/sec: 32.54 - lr: 0.012500
2022-05-16 05:12:53,600 epoch 47 - iter 4608/5765 - loss 0.02793792 - samples/sec: 32.69 - lr: 0.012500
2022-05-16 05:14:06,099 epoch 47 - iter 5184/5765 - loss 0.02790411 - samples/sec: 31.80 - lr: 0.012500
2022-05-16 05:15:16,120 epoch 47 - iter 5760/5765 - loss 0.02790299 - samples/sec: 32.93 - lr: 0.012500
2022-05-16 05:15:16,739 ----------------------------------------------------------------------------------------------------
2022-05-16 05:15:16,739 EPOCH 47 done: loss 0.0279 - lr 0.0125000
2022-05-16 05:16:36,594 DEV : loss 0.05948964133858681 - f1-score (micro avg)  0.8524
2022-05-16 05:16:36,654 BAD EPOCHS (no improvement): 2
2022-05-16 05:16:38,084 ----------------------------------------------------------------------------------------------------
2022-05-16 05:17:50,267 epoch 48 - iter 576/5765 - loss 0.02696076 - samples/sec: 31.94 - lr: 0.012500
2022-05-16 05:19:02,072 epoch 48 - iter 1152/5765 - loss 0.02685614 - samples/sec: 32.11 - lr: 0.012500
2022-05-16 05:20:13,563 epoch 48 - iter 1728/5765 - loss 0.02673956 - samples/sec: 32.25 - lr: 0.012500
2022-05-16 05:21:25,281 epoch 48 - iter 2304/5765 - loss 0.02671998 - samples/sec: 32.15 - lr: 0.012500
2022-05-16 05:22:33,722 epoch 48 - iter 2880/5765 - loss 0.02687518 - samples/sec: 33.69 - lr: 0.012500
2022-05-16 05:23:45,068 epoch 48 - iter 3456/5765 - loss 0.02707624 - samples/sec: 32.32 - lr: 0.012500
2022-05-16 05:24:57,313 epoch 48 - iter 4032/5765 - loss 0.02730395 - samples/sec: 31.92 - lr: 0.012500
2022-05-16 05:26:11,412 epoch 48 - iter 4608/5765 - loss 0.02758197 - samples/sec: 31.12 - lr: 0.012500
2022-05-16 05:27:23,650 epoch 48 - iter 5184/5765 - loss 0.02756862 - samples/sec: 31.92 - lr: 0.012500
2022-05-16 05:28:34,887 epoch 48 - iter 5760/5765 - loss 0.02782317 - samples/sec: 32.37 - lr: 0.012500
2022-05-16 05:28:35,382 ----------------------------------------------------------------------------------------------------
2022-05-16 05:28:35,382 EPOCH 48 done: loss 0.0278 - lr 0.0125000
2022-05-16 05:29:54,549 DEV : loss 0.05769842863082886 - f1-score (micro avg)  0.8513
2022-05-16 05:29:54,609 BAD EPOCHS (no improvement): 3
2022-05-16 05:29:56,075 ----------------------------------------------------------------------------------------------------
2022-05-16 05:31:06,892 epoch 49 - iter 576/5765 - loss 0.02769846 - samples/sec: 32.55 - lr: 0.012500
2022-05-16 05:32:16,519 epoch 49 - iter 1152/5765 - loss 0.02624226 - samples/sec: 33.11 - lr: 0.012500
2022-05-16 05:33:27,356 epoch 49 - iter 1728/5765 - loss 0.02633488 - samples/sec: 32.55 - lr: 0.012500
2022-05-16 05:34:42,108 epoch 49 - iter 2304/5765 - loss 0.02638022 - samples/sec: 30.85 - lr: 0.012500
2022-05-16 05:35:55,936 epoch 49 - iter 2880/5765 - loss 0.02645661 - samples/sec: 31.24 - lr: 0.012500
2022-05-16 05:37:06,740 epoch 49 - iter 3456/5765 - loss 0.02643170 - samples/sec: 32.57 - lr: 0.012500
2022-05-16 05:38:17,446 epoch 49 - iter 4032/5765 - loss 0.02715683 - samples/sec: 32.61 - lr: 0.012500
2022-05-16 05:39:30,546 epoch 49 - iter 4608/5765 - loss 0.02709359 - samples/sec: 31.54 - lr: 0.012500
2022-05-16 05:40:43,518 epoch 49 - iter 5184/5765 - loss 0.02722300 - samples/sec: 31.60 - lr: 0.012500
2022-05-16 05:41:56,501 epoch 49 - iter 5760/5765 - loss 0.02753757 - samples/sec: 31.59 - lr: 0.012500
2022-05-16 05:41:57,094 ----------------------------------------------------------------------------------------------------
2022-05-16 05:41:57,094 EPOCH 49 done: loss 0.0275 - lr 0.0125000
2022-05-16 05:43:12,870 DEV : loss 0.05781092494726181 - f1-score (micro avg)  0.8534
2022-05-16 05:43:12,929 BAD EPOCHS (no improvement): 4
2022-05-16 05:43:14,341 ----------------------------------------------------------------------------------------------------
2022-05-16 05:44:26,603 epoch 50 - iter 576/5765 - loss 0.02787445 - samples/sec: 31.90 - lr: 0.006250
2022-05-16 05:45:36,195 epoch 50 - iter 1152/5765 - loss 0.02903567 - samples/sec: 33.13 - lr: 0.006250
2022-05-16 05:46:46,068 epoch 50 - iter 1728/5765 - loss 0.02757526 - samples/sec: 33.00 - lr: 0.006250
2022-05-16 05:47:59,302 epoch 50 - iter 2304/5765 - loss 0.02670644 - samples/sec: 31.49 - lr: 0.006250
2022-05-16 05:49:10,939 epoch 50 - iter 2880/5765 - loss 0.02674678 - samples/sec: 32.19 - lr: 0.006250
2022-05-16 05:50:26,058 epoch 50 - iter 3456/5765 - loss 0.02744507 - samples/sec: 30.70 - lr: 0.006250
2022-05-16 05:51:38,506 epoch 50 - iter 4032/5765 - loss 0.02741035 - samples/sec: 31.83 - lr: 0.006250
2022-05-16 05:52:50,773 epoch 50 - iter 4608/5765 - loss 0.02732353 - samples/sec: 31.91 - lr: 0.006250
2022-05-16 05:54:02,091 epoch 50 - iter 5184/5765 - loss 0.02720597 - samples/sec: 32.33 - lr: 0.006250
2022-05-16 05:55:10,580 epoch 50 - iter 5760/5765 - loss 0.02738015 - samples/sec: 33.66 - lr: 0.006250
2022-05-16 05:55:11,257 ----------------------------------------------------------------------------------------------------
2022-05-16 05:55:11,257 EPOCH 50 done: loss 0.0274 - lr 0.0062500
2022-05-16 05:56:30,829 DEV : loss 0.058908239006996155 - f1-score (micro avg)  0.8521
2022-05-16 05:56:30,889 BAD EPOCHS (no improvement): 1
2022-05-16 05:56:33,701 ----------------------------------------------------------------------------------------------------
2022-05-16 05:56:33,702 loading file data/ner/model/best-model.pt
2022-05-16 05:57:57,690 0.8821	0.8335	0.8571	0.7599
2022-05-16 05:57:57,690 
Results:
- F-score (micro) 0.8571
- F-score (macro) 0.8815
- Accuracy 0.7599

By class:
              precision    recall  f1-score   support

         LOC     0.8937    0.8773    0.8854      4083
         ORG     0.8671    0.7792    0.8208      3166
         PER     0.8653    0.8223    0.8432      2741
         DAT     0.8787    0.8061    0.8408      1150
         MON     0.9704    0.9188    0.9439       357
         TIM     0.8742    0.8373    0.8554       166
         PCT     0.9747    0.9872    0.9809       156

   micro avg     0.8821    0.8335    0.8571     11819
   macro avg     0.9034    0.8612    0.8815     11819
weighted avg     0.8816    0.8335    0.8566     11819
 samples avg     0.7599    0.7599    0.7599     11819

2022-05-16 05:57:57,690 ----------------------------------------------------------------------------------------------------
